nohup: ignoring input
Importing module 'gym_38' (/home/wutr/IsaacGym/isaacgym/python/isaacgym/_bindings/linux-x86_64/gym_38.so)
Setting GYM_USD_PLUG_INFO_PATH to /home/wutr/IsaacGym/isaacgym/python/isaacgym/_bindings/linux-x86_64/usd/plugInfo.json
PyTorch version 2.3.1
Device count 4
/home/wutr/IsaacGym/isaacgym/python/isaacgym/_bindings/src/gymtorch
Using /home/wutr/.cache/torch_extensions/py38_cu121 as PyTorch extensions root...
Emitting ninja build file /home/wutr/.cache/torch_extensions/py38_cu121/gymtorch/build.ninja...
Building extension module gymtorch...
Allowing ninja to set a default number of workers... (overridable by setting the environment variable MAX_JOBS=N)
ninja: no work to do.
Loading extension module gymtorch...
Setting seed: 1
Not connected to PVD
+++ Using GPU PhysX
Physics Engine: PhysX
Physics Device: cuda:1
GPU Pipeline: enabled
Actor MLP: Sequential(
  (0): Linear(in_features=45, out_features=512, bias=True)
  (1): ELU(alpha=1.0)
  (2): Linear(in_features=512, out_features=256, bias=True)
  (3): ELU(alpha=1.0)
  (4): Linear(in_features=256, out_features=128, bias=True)
  (5): ELU(alpha=1.0)
  (6): Linear(in_features=128, out_features=12, bias=True)
)
Critic MLP: Sequential(
  (0): Linear(in_features=45, out_features=512, bias=True)
  (1): ELU(alpha=1.0)
  (2): Linear(in_features=512, out_features=256, bias=True)
  (3): ELU(alpha=1.0)
  (4): Linear(in_features=256, out_features=128, bias=True)
  (5): ELU(alpha=1.0)
  (6): Linear(in_features=128, out_features=1, bias=True)
)
Loading low-level policy checkpoint: /home/wutr/IsaacGym/legged_gym_go2/logs/rough_go2/Sep08_11-57-26_/model_18500.pt
Actor MLP: Sequential(
  (0): Linear(in_features=7, out_features=512, bias=True)
  (1): ELU(alpha=1.0)
  (2): Linear(in_features=512, out_features=512, bias=True)
  (3): ELU(alpha=1.0)
  (4): Linear(in_features=512, out_features=512, bias=True)
  (5): ELU(alpha=1.0)
  (6): Linear(in_features=512, out_features=512, bias=True)
  (7): ELU(alpha=1.0)
  (8): Linear(in_features=512, out_features=3, bias=True)
)
Critic MLP: Sequential(
  (0): Linear(in_features=7, out_features=512, bias=True)
  (1): ELU(alpha=1.0)
  (2): Linear(in_features=512, out_features=512, bias=True)
  (3): ELU(alpha=1.0)
  (4): Linear(in_features=512, out_features=512, bias=True)
  (5): ELU(alpha=1.0)
  (6): Linear(in_features=512, out_features=512, bias=True)
  (7): ELU(alpha=1.0)
  (8): Linear(in_features=512, out_features=1, bias=True)
)
Reach-Avoid training
  envs       : 4096
  obs dim    : 7
  action dim : 3
  horizon    : 480
  device     : cuda:1
  log dir    : logs/high_level_go2/20251003-095630
iter 00001 | success 0.165 | policy_loss 0.00088 | value_loss 1337.16104 | Vmean 0.001 | Rmean 2.461 | Vrmse 51.751 | VexpVar 0.000 | adv_std 51.692 | elapsed 103.30s
iter 00002 | success 0.178 | policy_loss -0.00013 | value_loss 1307.84552 | Vmean -0.001 | Rmean 0.269 | Vrmse 51.177 | VexpVar 0.004 | adv_std 51.176 | elapsed 98.69s
iter 00003 | success 0.221 | policy_loss -0.00013 | value_loss 1364.06770 | Vmean -0.063 | Rmean -2.213 | Vrmse 52.261 | VexpVar 0.007 | adv_std 52.217 | elapsed 96.52s
iter 00004 | success 0.281 | policy_loss 0.00024 | value_loss 1582.24625 | Vmean -0.112 | Rmean -5.112 | Vrmse 56.280 | VexpVar 0.011 | adv_std 56.057 | elapsed 96.82s
iter 00005 | success 0.318 | policy_loss -0.00022 | value_loss 1781.52731 | Vmean -0.325 | Rmean -6.928 | Vrmse 59.727 | VexpVar 0.017 | adv_std 59.361 | elapsed 93.07s
iter 00006 | success 0.381 | policy_loss -0.00023 | value_loss 1990.52689 | Vmean -0.481 | Rmean -10.247 | Vrmse 63.129 | VexpVar 0.021 | adv_std 62.370 | elapsed 97.10s
iter 00007 | success 0.415 | policy_loss -0.00020 | value_loss 2138.65727 | Vmean -0.670 | Rmean -12.809 | Vrmse 65.447 | VexpVar 0.022 | adv_std 64.311 | elapsed 97.42s
iter 00008 | success 0.447 | policy_loss -0.00026 | value_loss 2462.76683 | Vmean -0.773 | Rmean -15.480 | Vrmse 70.235 | VexpVar 0.025 | adv_std 68.677 | elapsed 96.63s
iter 00009 | success 0.500 | policy_loss -0.00034 | value_loss 2839.77338 | Vmean -1.293 | Rmean -19.942 | Vrmse 75.421 | VexpVar 0.026 | adv_std 73.079 | elapsed 95.48s
iter 00010 | success 0.556 | policy_loss -0.00022 | value_loss 3213.25323 | Vmean -1.413 | Rmean -23.964 | Vrmse 80.222 | VexpVar 0.030 | adv_std 76.987 | elapsed 94.19s
iter 00011 | success 0.606 | policy_loss 0.00035 | value_loss 3556.93149 | Vmean -1.894 | Rmean -27.675 | Vrmse 84.409 | VexpVar 0.034 | adv_std 80.376 | elapsed 94.24s
iter 00012 | success 0.638 | policy_loss -0.00027 | value_loss 3875.11813 | Vmean -2.209 | Rmean -31.272 | Vrmse 88.098 | VexpVar 0.036 | adv_std 83.166 | elapsed 93.24s
iter 00013 | success 0.680 | policy_loss -0.00004 | value_loss 4181.76093 | Vmean -2.503 | Rmean -34.531 | Vrmse 91.517 | VexpVar 0.040 | adv_std 85.729 | elapsed 98.90s
iter 00014 | success 0.682 | policy_loss -0.00020 | value_loss 4338.80249 | Vmean -2.764 | Rmean -36.278 | Vrmse 93.220 | VexpVar 0.045 | adv_std 86.987 | elapsed 98.35s
iter 00015 | success 0.679 | policy_loss -0.00015 | value_loss 4113.69553 | Vmean -2.940 | Rmean -34.822 | Vrmse 90.772 | VexpVar 0.051 | adv_std 84.989 | elapsed 98.51s
iter 00016 | success 0.685 | policy_loss -0.00040 | value_loss 4063.21852 | Vmean -3.064 | Rmean -34.692 | Vrmse 90.213 | VexpVar 0.054 | adv_std 84.487 | elapsed 94.06s
iter 00017 | success 0.719 | policy_loss -0.00028 | value_loss 4309.48621 | Vmean -3.360 | Rmean -37.197 | Vrmse 92.904 | VexpVar 0.055 | adv_std 86.523 | elapsed 98.93s
iter 00018 | success 0.727 | policy_loss -0.00029 | value_loss 4362.04596 | Vmean -3.824 | Rmean -38.350 | Vrmse 93.471 | VexpVar 0.060 | adv_std 86.861 | elapsed 95.39s
iter 00019 | success 0.746 | policy_loss -0.00027 | value_loss 4214.48376 | Vmean -3.804 | Rmean -37.503 | Vrmse 91.874 | VexpVar 0.063 | adv_std 85.471 | elapsed 97.76s
iter 00020 | success 0.760 | policy_loss -0.00027 | value_loss 4372.82535 | Vmean -4.104 | Rmean -39.334 | Vrmse 93.580 | VexpVar 0.065 | adv_std 86.695 | elapsed 98.05s
iter 00021 | success 0.762 | policy_loss -0.00019 | value_loss 4269.83130 | Vmean -4.157 | Rmean -38.758 | Vrmse 92.472 | VexpVar 0.068 | adv_std 85.754 | elapsed 91.46s
iter 00022 | success 0.765 | policy_loss 0.00020 | value_loss 3864.93965 | Vmean -4.343 | Rmean -35.754 | Vrmse 87.974 | VexpVar 0.073 | adv_std 82.175 | elapsed 92.31s
iter 00023 | success 0.753 | policy_loss 0.00084 | value_loss 3539.42783 | Vmean -4.257 | Rmean -33.052 | Vrmse 84.192 | VexpVar 0.080 | adv_std 79.115 | elapsed 93.10s
iter 00024 | success 0.743 | policy_loss 0.00818 | value_loss 3347.55148 | Vmean -3.977 | Rmean -31.151 | Vrmse 81.880 | VexpVar 0.084 | adv_std 77.239 | elapsed 93.56s
iter 00025 | success 0.769 | policy_loss 0.00481 | value_loss 3594.72879 | Vmean -4.302 | Rmean -34.157 | Vrmse 84.840 | VexpVar 0.092 | adv_std 79.414 | elapsed 96.91s
iter 00026 | success 0.707 | policy_loss 0.00071 | value_loss 2935.88043 | Vmean -4.731 | Rmean -28.590 | Vrmse 76.682 | VexpVar 0.098 | adv_std 72.876 | elapsed 92.49s
iter 00027 | success 0.689 | policy_loss 0.00049 | value_loss 2597.57570 | Vmean -4.780 | Rmean -26.010 | Vrmse 72.112 | VexpVar 0.102 | adv_std 68.916 | elapsed 91.93s
iter 00028 | success 0.760 | policy_loss -0.00055 | value_loss 3213.39455 | Vmean -4.985 | Rmean -31.802 | Vrmse 80.224 | VexpVar 0.099 | adv_std 75.609 | elapsed 97.04s
iter 00029 | success 0.786 | policy_loss -0.00009 | value_loss 3261.94946 | Vmean -5.075 | Rmean -32.442 | Vrmse 80.824 | VexpVar 0.101 | adv_std 76.049 | elapsed 97.46s
iter 00030 | success 0.766 | policy_loss -0.00049 | value_loss 3010.26959 | Vmean -5.084 | Rmean -30.058 | Vrmse 77.641 | VexpVar 0.107 | adv_std 73.515 | elapsed 95.83s
iter 00031 | success 0.760 | policy_loss -0.00038 | value_loss 3059.98022 | Vmean -5.401 | Rmean -30.546 | Vrmse 78.283 | VexpVar 0.113 | adv_std 74.134 | elapsed 94.18s
iter 00032 | success 0.761 | policy_loss -0.00013 | value_loss 2846.93083 | Vmean -5.316 | Rmean -28.336 | Vrmse 75.507 | VexpVar 0.118 | adv_std 71.913 | elapsed 92.83s
iter 00033 | success 0.752 | policy_loss -0.00032 | value_loss 2733.65868 | Vmean -5.569 | Rmean -27.617 | Vrmse 73.981 | VexpVar 0.126 | adv_std 70.619 | elapsed 92.48s
iter 00034 | success 0.736 | policy_loss -0.00019 | value_loss 2580.30360 | Vmean -5.420 | Rmean -25.981 | Vrmse 71.872 | VexpVar 0.130 | adv_std 68.869 | elapsed 94.32s
iter 00035 | success 0.748 | policy_loss -0.00016 | value_loss 2435.76817 | Vmean -5.611 | Rmean -24.845 | Vrmse 69.840 | VexpVar 0.134 | adv_std 67.139 | elapsed 93.87s
iter 00036 | success 0.750 | policy_loss -0.00012 | value_loss 2362.96416 | Vmean -5.761 | Rmean -24.553 | Vrmse 68.774 | VexpVar 0.134 | adv_std 66.157 | elapsed 94.44s
iter 00037 | success 0.718 | policy_loss -0.00021 | value_loss 2190.73978 | Vmean -5.901 | Rmean -23.029 | Vrmse 66.223 | VexpVar 0.140 | adv_std 63.969 | elapsed 98.45s
iter 00038 | success 0.736 | policy_loss -0.00013 | value_loss 2122.15764 | Vmean -6.068 | Rmean -22.979 | Vrmse 65.161 | VexpVar 0.146 | adv_std 62.928 | elapsed 93.71s
iter 00039 | success 0.742 | policy_loss -0.00015 | value_loss 2049.33543 | Vmean -6.249 | Rmean -22.365 | Vrmse 64.049 | VexpVar 0.151 | adv_std 61.988 | elapsed 93.09s
iter 00040 | success 0.733 | policy_loss -0.00013 | value_loss 2039.79460 | Vmean -6.498 | Rmean -22.548 | Vrmse 63.893 | VexpVar 0.157 | adv_std 61.845 | elapsed 96.63s
iter 00041 | success 0.736 | policy_loss -0.00015 | value_loss 2016.77828 | Vmean -6.793 | Rmean -22.698 | Vrmse 63.536 | VexpVar 0.159 | adv_std 61.513 | elapsed 91.28s
iter 00042 | success 0.745 | policy_loss -0.00008 | value_loss 1995.04267 | Vmean -7.040 | Rmean -22.856 | Vrmse 63.196 | VexpVar 0.161 | adv_std 61.185 | elapsed 91.60s
iter 00043 | success 0.750 | policy_loss -0.00011 | value_loss 2033.86065 | Vmean -7.405 | Rmean -23.646 | Vrmse 63.810 | VexpVar 0.167 | adv_std 61.709 | elapsed 93.96s
iter 00044 | success 0.757 | policy_loss -0.00016 | value_loss 1954.28820 | Vmean -7.718 | Rmean -23.382 | Vrmse 62.529 | VexpVar 0.172 | adv_std 60.535 | elapsed 94.88s
iter 00045 | success 0.754 | policy_loss -0.00003 | value_loss 1931.18626 | Vmean -7.906 | Rmean -23.182 | Vrmse 62.161 | VexpVar 0.177 | adv_std 60.255 | elapsed 94.36s
iter 00046 | success 0.746 | policy_loss -0.00007 | value_loss 1913.08671 | Vmean -8.032 | Rmean -23.277 | Vrmse 61.881 | VexpVar 0.176 | adv_std 59.974 | elapsed 94.01s
iter 00047 | success 0.740 | policy_loss -0.00009 | value_loss 1839.31334 | Vmean -7.996 | Rmean -22.622 | Vrmse 60.684 | VexpVar 0.179 | adv_std 58.895 | elapsed 95.61s
iter 00048 | success 0.758 | policy_loss -0.00008 | value_loss 1817.25306 | Vmean -8.310 | Rmean -22.888 | Vrmse 60.303 | VexpVar 0.182 | adv_std 58.514 | elapsed 98.59s
iter 00049 | success 0.738 | policy_loss -0.00008 | value_loss 1767.54074 | Vmean -8.559 | Rmean -22.511 | Vrmse 59.457 | VexpVar 0.189 | adv_std 57.797 | elapsed 97.70s
  dumped g/h snapshot: logs/high_level_go2/20251003-095630/gh_snapshots/gh_iter_00050.pt
iter 00050 | success 0.757 | policy_loss -0.00008 | value_loss 1798.78799 | Vmean -8.847 | Rmean -23.375 | Vrmse 60.008 | VexpVar 0.194 | adv_std 58.223 | elapsed 93.40s
  saved checkpoint: logs/high_level_go2/20251003-095630/model_50.pt
iter 00051 | success 0.751 | policy_loss -0.00004 | value_loss 1702.88510 | Vmean -9.067 | Rmean -22.659 | Vrmse 58.308 | VexpVar 0.197 | adv_std 56.702 | elapsed 96.76s
iter 00052 | success 0.748 | policy_loss -0.00005 | value_loss 1652.31263 | Vmean -9.093 | Rmean -22.350 | Vrmse 57.495 | VexpVar 0.204 | adv_std 55.945 | elapsed 90.54s
iter 00053 | success 0.759 | policy_loss -0.00002 | value_loss 1669.36089 | Vmean -9.413 | Rmean -22.851 | Vrmse 57.763 | VexpVar 0.203 | adv_std 56.178 | elapsed 90.97s
iter 00054 | success 0.757 | policy_loss -0.00005 | value_loss 1644.01986 | Vmean -9.711 | Rmean -22.958 | Vrmse 57.341 | VexpVar 0.208 | adv_std 55.790 | elapsed 93.51s
iter 00055 | success 0.766 | policy_loss -0.00007 | value_loss 1664.18848 | Vmean -10.233 | Rmean -23.794 | Vrmse 57.704 | VexpVar 0.216 | adv_std 56.088 | elapsed 92.95s
iter 00056 | success 0.766 | policy_loss -0.00007 | value_loss 1654.02103 | Vmean -10.742 | Rmean -24.258 | Vrmse 57.511 | VexpVar 0.225 | adv_std 55.901 | elapsed 98.24s
iter 00057 | success 0.771 | policy_loss -0.00005 | value_loss 1666.34308 | Vmean -11.040 | Rmean -24.755 | Vrmse 57.718 | VexpVar 0.229 | adv_std 56.065 | elapsed 90.11s
iter 00058 | success 0.771 | policy_loss -0.00006 | value_loss 1621.71856 | Vmean -11.181 | Rmean -24.511 | Vrmse 56.953 | VexpVar 0.239 | adv_std 55.371 | elapsed 93.90s
iter 00059 | success 0.776 | policy_loss -0.00007 | value_loss 1580.83806 | Vmean -11.341 | Rmean -24.664 | Vrmse 56.220 | VexpVar 0.250 | adv_std 54.618 | elapsed 97.90s
iter 00060 | success 0.785 | policy_loss -0.00006 | value_loss 1569.26093 | Vmean -11.511 | Rmean -24.634 | Vrmse 56.030 | VexpVar 0.257 | adv_std 54.472 | elapsed 95.51s
iter 00061 | success 0.783 | policy_loss -0.00006 | value_loss 1575.19833 | Vmean -11.798 | Rmean -25.137 | Vrmse 56.106 | VexpVar 0.263 | adv_std 54.497 | elapsed 95.79s
iter 00062 | success 0.787 | policy_loss -0.00012 | value_loss 1575.42053 | Vmean -11.911 | Rmean -25.421 | Vrmse 56.141 | VexpVar 0.270 | adv_std 54.491 | elapsed 98.33s
iter 00063 | success 0.796 | policy_loss -0.00007 | value_loss 1555.27704 | Vmean -12.258 | Rmean -25.576 | Vrmse 55.712 | VexpVar 0.276 | adv_std 54.097 | elapsed 94.55s
iter 00064 | success 0.797 | policy_loss -0.00007 | value_loss 1554.35255 | Vmean -12.439 | Rmean -25.756 | Vrmse 55.717 | VexpVar 0.285 | adv_std 54.102 | elapsed 95.55s
iter 00065 | success 0.802 | policy_loss -0.00004 | value_loss 1513.46719 | Vmean -12.551 | Rmean -25.707 | Vrmse 54.988 | VexpVar 0.290 | adv_std 53.391 | elapsed 95.21s
iter 00066 | success 0.792 | policy_loss -0.00006 | value_loss 1479.07780 | Vmean -12.645 | Rmean -25.526 | Vrmse 54.372 | VexpVar 0.297 | adv_std 52.824 | elapsed 95.00s
iter 00067 | success 0.789 | policy_loss -0.00003 | value_loss 1449.77927 | Vmean -12.873 | Rmean -25.539 | Vrmse 53.771 | VexpVar 0.298 | adv_std 52.258 | elapsed 91.81s
iter 00068 | success 0.796 | policy_loss -0.00009 | value_loss 1379.86998 | Vmean -13.203 | Rmean -25.115 | Vrmse 52.497 | VexpVar 0.311 | adv_std 51.127 | elapsed 93.33s
iter 00069 | success 0.799 | policy_loss -0.00001 | value_loss 1399.64925 | Vmean -13.635 | Rmean -25.824 | Vrmse 52.851 | VexpVar 0.319 | adv_std 51.426 | elapsed 96.39s
iter 00070 | success 0.796 | policy_loss -0.00007 | value_loss 1370.70441 | Vmean -13.964 | Rmean -25.823 | Vrmse 52.297 | VexpVar 0.333 | adv_std 50.935 | elapsed 93.94s
iter 00071 | success 0.805 | policy_loss -0.00006 | value_loss 1371.77667 | Vmean -13.919 | Rmean -25.991 | Vrmse 52.341 | VexpVar 0.336 | adv_std 50.930 | elapsed 90.23s
iter 00072 | success 0.804 | policy_loss -0.00009 | value_loss 1346.52775 | Vmean -14.073 | Rmean -25.895 | Vrmse 51.864 | VexpVar 0.342 | adv_std 50.499 | elapsed 93.90s
iter 00073 | success 0.793 | policy_loss -0.00003 | value_loss 1391.62367 | Vmean -14.381 | Rmean -26.827 | Vrmse 52.716 | VexpVar 0.343 | adv_std 51.226 | elapsed 91.64s
iter 00074 | success 0.813 | policy_loss -0.00005 | value_loss 1363.10983 | Vmean -14.274 | Rmean -26.536 | Vrmse 52.115 | VexpVar 0.341 | adv_std 50.652 | elapsed 95.26s
iter 00075 | success 0.798 | policy_loss -0.00007 | value_loss 1396.35110 | Vmean -14.326 | Rmean -26.740 | Vrmse 52.801 | VexpVar 0.349 | adv_std 51.321 | elapsed 97.39s
iter 00076 | success 0.821 | policy_loss -0.00006 | value_loss 1407.66119 | Vmean -14.381 | Rmean -27.250 | Vrmse 53.041 | VexpVar 0.350 | adv_std 51.456 | elapsed 93.06s
iter 00077 | success 0.825 | policy_loss -0.00006 | value_loss 1415.58372 | Vmean -14.458 | Rmean -27.328 | Vrmse 53.160 | VexpVar 0.356 | adv_std 51.578 | elapsed 92.91s
iter 00078 | success 0.825 | policy_loss -0.00008 | value_loss 1395.81216 | Vmean -14.691 | Rmean -27.419 | Vrmse 52.763 | VexpVar 0.364 | adv_std 51.205 | elapsed 95.03s
iter 00079 | success 0.814 | policy_loss -0.00003 | value_loss 1388.37250 | Vmean -15.005 | Rmean -27.615 | Vrmse 52.579 | VexpVar 0.373 | adv_std 51.045 | elapsed 96.76s
iter 00080 | success 0.817 | policy_loss -0.00008 | value_loss 1400.93585 | Vmean -15.006 | Rmean -27.735 | Vrmse 52.903 | VexpVar 0.373 | adv_std 51.349 | elapsed 92.55s
iter 00081 | success 0.824 | policy_loss -0.00007 | value_loss 1411.89213 | Vmean -15.044 | Rmean -28.078 | Vrmse 53.022 | VexpVar 0.374 | adv_std 51.395 | elapsed 94.85s
iter 00082 | success 0.824 | policy_loss -0.00004 | value_loss 1384.68534 | Vmean -15.556 | Rmean -28.376 | Vrmse 52.592 | VexpVar 0.390 | adv_std 51.005 | elapsed 97.25s
iter 00083 | success 0.825 | policy_loss -0.00002 | value_loss 1361.58451 | Vmean -15.772 | Rmean -28.272 | Vrmse 52.001 | VexpVar 0.399 | adv_std 50.477 | elapsed 95.08s
iter 00084 | success 0.830 | policy_loss -0.00009 | value_loss 1343.16993 | Vmean -16.436 | Rmean -29.012 | Vrmse 51.724 | VexpVar 0.407 | adv_std 50.172 | elapsed 96.93s
iter 00085 | success 0.836 | policy_loss -0.00000 | value_loss 1337.88311 | Vmean -16.987 | Rmean -29.544 | Vrmse 51.630 | VexpVar 0.413 | adv_std 50.080 | elapsed 93.74s
iter 00086 | success 0.839 | policy_loss -0.00001 | value_loss 1324.94644 | Vmean -17.436 | Rmean -29.970 | Vrmse 51.407 | VexpVar 0.414 | adv_std 49.856 | elapsed 92.87s
iter 00087 | success 0.829 | policy_loss -0.00007 | value_loss 1344.55984 | Vmean -17.912 | Rmean -30.368 | Vrmse 51.736 | VexpVar 0.417 | adv_std 50.215 | elapsed 91.28s
iter 00088 | success 0.836 | policy_loss -0.00004 | value_loss 1307.80782 | Vmean -18.444 | Rmean -30.736 | Vrmse 51.047 | VexpVar 0.421 | adv_std 49.545 | elapsed 96.58s
iter 00089 | success 0.841 | policy_loss -0.00008 | value_loss 1262.18212 | Vmean -18.778 | Rmean -30.500 | Vrmse 50.148 | VexpVar 0.433 | adv_std 48.759 | elapsed 93.82s
iter 00090 | success 0.835 | policy_loss -0.00003 | value_loss 1267.28584 | Vmean -18.831 | Rmean -30.567 | Vrmse 50.195 | VexpVar 0.429 | adv_std 48.804 | elapsed 97.08s
iter 00091 | success 0.836 | policy_loss -0.00007 | value_loss 1280.97043 | Vmean -19.308 | Rmean -31.327 | Vrmse 50.472 | VexpVar 0.434 | adv_std 49.020 | elapsed 96.29s
iter 00092 | success 0.849 | policy_loss -0.00008 | value_loss 1257.80726 | Vmean -19.448 | Rmean -31.273 | Vrmse 50.072 | VexpVar 0.440 | adv_std 48.656 | elapsed 93.65s
iter 00093 | success 0.843 | policy_loss -0.00009 | value_loss 1269.20182 | Vmean -19.679 | Rmean -31.685 | Vrmse 50.182 | VexpVar 0.445 | adv_std 48.725 | elapsed 92.05s
iter 00094 | success 0.836 | policy_loss -0.00002 | value_loss 1258.28688 | Vmean -20.213 | Rmean -32.146 | Vrmse 50.093 | VexpVar 0.449 | adv_std 48.651 | elapsed 94.66s
iter 00095 | success 0.838 | policy_loss -0.00004 | value_loss 1268.26204 | Vmean -20.233 | Rmean -32.336 | Vrmse 50.266 | VexpVar 0.443 | adv_std 48.787 | elapsed 94.58s
iter 00096 | success 0.841 | policy_loss -0.00006 | value_loss 1261.07555 | Vmean -20.240 | Rmean -32.263 | Vrmse 50.181 | VexpVar 0.439 | adv_std 48.720 | elapsed 89.56s
iter 00097 | success 0.838 | policy_loss -0.00004 | value_loss 1246.07896 | Vmean -20.369 | Rmean -32.313 | Vrmse 49.843 | VexpVar 0.441 | adv_std 48.391 | elapsed 87.86s
iter 00098 | success 0.836 | policy_loss -0.00004 | value_loss 1263.92340 | Vmean -20.561 | Rmean -32.653 | Vrmse 50.220 | VexpVar 0.440 | adv_std 48.743 | elapsed 92.51s
iter 00099 | success 0.839 | policy_loss -0.00009 | value_loss 1269.83647 | Vmean -20.870 | Rmean -33.060 | Vrmse 50.317 | VexpVar 0.449 | adv_std 48.818 | elapsed 91.20s
  dumped g/h snapshot: logs/high_level_go2/20251003-095630/gh_snapshots/gh_iter_00100.pt
iter 00100 | success 0.833 | policy_loss -0.00005 | value_loss 1242.24625 | Vmean -21.392 | Rmean -33.353 | Vrmse 49.758 | VexpVar 0.466 | adv_std 48.299 | elapsed 95.19s
  saved checkpoint: logs/high_level_go2/20251003-095630/model_100.pt
iter 00101 | success 0.862 | policy_loss -0.00003 | value_loss 1232.99709 | Vmean -21.914 | Rmean -33.860 | Vrmse 49.449 | VexpVar 0.476 | adv_std 47.985 | elapsed 94.86s
iter 00102 | success 0.857 | policy_loss -0.00011 | value_loss 1212.78836 | Vmean -22.374 | Rmean -34.166 | Vrmse 49.175 | VexpVar 0.479 | adv_std 47.740 | elapsed 92.12s
iter 00103 | success 0.838 | policy_loss -0.00004 | value_loss 1215.28858 | Vmean -23.045 | Rmean -34.886 | Vrmse 49.218 | VexpVar 0.485 | adv_std 47.773 | elapsed 90.47s
iter 00104 | success 0.854 | policy_loss -0.00006 | value_loss 1209.04534 | Vmean -23.430 | Rmean -35.225 | Vrmse 49.113 | VexpVar 0.487 | adv_std 47.675 | elapsed 93.86s
iter 00105 | success 0.848 | policy_loss -0.00003 | value_loss 1206.15417 | Vmean -23.673 | Rmean -35.502 | Vrmse 49.021 | VexpVar 0.490 | adv_std 47.573 | elapsed 94.33s
iter 00106 | success 0.846 | policy_loss -0.00000 | value_loss 1183.85182 | Vmean -24.404 | Rmean -36.185 | Vrmse 48.593 | VexpVar 0.500 | adv_std 47.143 | elapsed 96.97s
iter 00107 | success 0.846 | policy_loss -0.00004 | value_loss 1188.33456 | Vmean -24.728 | Rmean -36.454 | Vrmse 48.629 | VexpVar 0.511 | adv_std 47.194 | elapsed 95.05s
iter 00108 | success 0.852 | policy_loss 0.00001 | value_loss 1148.81096 | Vmean -25.447 | Rmean -36.722 | Vrmse 47.798 | VexpVar 0.525 | adv_std 46.449 | elapsed 95.14s
iter 00109 | success 0.863 | policy_loss -0.00003 | value_loss 1126.59464 | Vmean -25.941 | Rmean -37.151 | Vrmse 47.372 | VexpVar 0.535 | adv_std 46.027 | elapsed 95.21s
iter 00110 | success 0.855 | policy_loss -0.00002 | value_loss 1103.54251 | Vmean -26.588 | Rmean -37.510 | Vrmse 46.781 | VexpVar 0.542 | adv_std 45.488 | elapsed 95.17s
iter 00111 | success 0.852 | policy_loss -0.00005 | value_loss 1071.86464 | Vmean -27.030 | Rmean -37.485 | Vrmse 46.188 | VexpVar 0.550 | adv_std 44.989 | elapsed 92.97s
iter 00112 | success 0.859 | policy_loss -0.00010 | value_loss 1095.68700 | Vmean -27.046 | Rmean -37.876 | Vrmse 46.664 | VexpVar 0.550 | adv_std 45.390 | elapsed 93.48s
iter 00113 | success 0.858 | policy_loss -0.00006 | value_loss 1067.54877 | Vmean -27.919 | Rmean -38.547 | Vrmse 46.087 | VexpVar 0.564 | adv_std 44.845 | elapsed 96.07s
iter 00114 | success 0.849 | policy_loss -0.00004 | value_loss 1063.15558 | Vmean -28.408 | Rmean -38.551 | Vrmse 46.052 | VexpVar 0.569 | adv_std 44.921 | elapsed 94.92s
iter 00115 | success 0.860 | policy_loss -0.00005 | value_loss 1047.39254 | Vmean -28.615 | Rmean -38.931 | Vrmse 45.657 | VexpVar 0.569 | adv_std 44.476 | elapsed 93.91s
iter 00116 | success 0.853 | policy_loss -0.00005 | value_loss 1041.61634 | Vmean -29.006 | Rmean -38.887 | Vrmse 45.463 | VexpVar 0.573 | adv_std 44.377 | elapsed 92.68s
iter 00117 | success 0.852 | policy_loss -0.00006 | value_loss 1021.03343 | Vmean -29.827 | Rmean -39.708 | Vrmse 45.106 | VexpVar 0.584 | adv_std 44.010 | elapsed 96.38s
iter 00118 | success 0.855 | policy_loss -0.00009 | value_loss 1018.32874 | Vmean -30.097 | Rmean -39.842 | Vrmse 45.044 | VexpVar 0.589 | adv_std 43.977 | elapsed 96.78s
iter 00119 | success 0.851 | policy_loss -0.00006 | value_loss 1020.92616 | Vmean -30.331 | Rmean -40.024 | Vrmse 45.059 | VexpVar 0.588 | adv_std 44.004 | elapsed 96.15s
iter 00120 | success 0.845 | policy_loss -0.00004 | value_loss 1021.80914 | Vmean -30.004 | Rmean -39.903 | Vrmse 45.116 | VexpVar 0.586 | adv_std 44.017 | elapsed 93.56s
iter 00121 | success 0.870 | policy_loss -0.00004 | value_loss 1024.14915 | Vmean -30.800 | Rmean -40.713 | Vrmse 45.057 | VexpVar 0.587 | adv_std 43.953 | elapsed 96.52s
iter 00122 | success 0.853 | policy_loss -0.00006 | value_loss 1001.42935 | Vmean -31.373 | Rmean -41.106 | Vrmse 44.667 | VexpVar 0.593 | adv_std 43.594 | elapsed 96.52s
iter 00123 | success 0.855 | policy_loss -0.00003 | value_loss 1013.03780 | Vmean -32.171 | Rmean -41.820 | Vrmse 44.796 | VexpVar 0.601 | adv_std 43.745 | elapsed 91.46s
iter 00124 | success 0.852 | policy_loss -0.00006 | value_loss 1008.92296 | Vmean -32.486 | Rmean -42.093 | Vrmse 44.706 | VexpVar 0.602 | adv_std 43.661 | elapsed 90.50s
iter 00125 | success 0.858 | policy_loss -0.00005 | value_loss 1016.60407 | Vmean -32.604 | Rmean -42.348 | Vrmse 44.914 | VexpVar 0.598 | adv_std 43.844 | elapsed 89.21s
iter 00126 | success 0.854 | policy_loss -0.00004 | value_loss 1001.16097 | Vmean -32.978 | Rmean -42.746 | Vrmse 44.599 | VexpVar 0.602 | adv_std 43.516 | elapsed 92.08s
iter 00127 | success 0.861 | policy_loss -0.00005 | value_loss 1019.96859 | Vmean -33.356 | Rmean -43.431 | Vrmse 45.070 | VexpVar 0.598 | adv_std 43.930 | elapsed 91.48s
iter 00128 | success 0.857 | policy_loss -0.00011 | value_loss 1026.28649 | Vmean -34.746 | Rmean -44.732 | Vrmse 45.174 | VexpVar 0.599 | adv_std 44.056 | elapsed 90.97s
iter 00129 | success 0.860 | policy_loss -0.00007 | value_loss 1001.25628 | Vmean -35.160 | Rmean -44.841 | Vrmse 44.656 | VexpVar 0.602 | adv_std 43.594 | elapsed 95.98s
iter 00130 | success 0.860 | policy_loss -0.00010 | value_loss 987.88084 | Vmean -35.640 | Rmean -44.980 | Vrmse 44.229 | VexpVar 0.607 | adv_std 43.232 | elapsed 94.36s
iter 00131 | success 0.849 | policy_loss -0.00003 | value_loss 970.20024 | Vmean -36.506 | Rmean -45.466 | Vrmse 43.840 | VexpVar 0.612 | adv_std 42.914 | elapsed 93.77s
iter 00132 | success 0.865 | policy_loss -0.00001 | value_loss 981.58860 | Vmean -36.439 | Rmean -45.887 | Vrmse 44.101 | VexpVar 0.606 | adv_std 43.077 | elapsed 91.10s
iter 00133 | success 0.867 | policy_loss -0.00001 | value_loss 973.97837 | Vmean -36.936 | Rmean -46.389 | Vrmse 43.976 | VexpVar 0.613 | adv_std 42.948 | elapsed 95.17s
iter 00134 | success 0.863 | policy_loss -0.00006 | value_loss 976.03067 | Vmean -37.485 | Rmean -46.757 | Vrmse 43.887 | VexpVar 0.617 | adv_std 42.896 | elapsed 92.36s
iter 00135 | success 0.865 | policy_loss -0.00001 | value_loss 967.81089 | Vmean -38.413 | Rmean -47.450 | Vrmse 43.684 | VexpVar 0.620 | adv_std 42.739 | elapsed 91.76s
iter 00136 | success 0.856 | policy_loss -0.00003 | value_loss 984.52220 | Vmean -38.460 | Rmean -47.588 | Vrmse 44.149 | VexpVar 0.619 | adv_std 43.196 | elapsed 91.95s
iter 00137 | success 0.863 | policy_loss -0.00005 | value_loss 963.18393 | Vmean -38.755 | Rmean -47.531 | Vrmse 43.751 | VexpVar 0.622 | adv_std 42.861 | elapsed 93.76s
iter 00138 | success 0.863 | policy_loss -0.00007 | value_loss 957.56413 | Vmean -38.966 | Rmean -47.834 | Vrmse 43.581 | VexpVar 0.626 | adv_std 42.669 | elapsed 91.51s
iter 00139 | success 0.849 | policy_loss -0.00006 | value_loss 955.64425 | Vmean -39.451 | Rmean -47.983 | Vrmse 43.515 | VexpVar 0.626 | adv_std 42.670 | elapsed 89.12s
iter 00140 | success 0.862 | policy_loss -0.00006 | value_loss 955.04215 | Vmean -39.520 | Rmean -48.036 | Vrmse 43.311 | VexpVar 0.630 | adv_std 42.465 | elapsed 90.45s
iter 00141 | success 0.860 | policy_loss -0.00009 | value_loss 937.37640 | Vmean -39.419 | Rmean -47.798 | Vrmse 43.175 | VexpVar 0.628 | adv_std 42.354 | elapsed 92.70s
iter 00142 | success 0.861 | policy_loss -0.00003 | value_loss 952.32582 | Vmean -39.889 | Rmean -48.392 | Vrmse 43.374 | VexpVar 0.630 | adv_std 42.533 | elapsed 91.16s
iter 00143 | success 0.861 | policy_loss -0.00001 | value_loss 941.40018 | Vmean -40.502 | Rmean -48.610 | Vrmse 43.258 | VexpVar 0.634 | adv_std 42.491 | elapsed 95.32s
iter 00144 | success 0.860 | policy_loss -0.00009 | value_loss 940.98565 | Vmean -40.837 | Rmean -49.026 | Vrmse 43.122 | VexpVar 0.639 | adv_std 42.337 | elapsed 90.14s
iter 00145 | success 0.864 | policy_loss -0.00004 | value_loss 940.05066 | Vmean -41.972 | Rmean -49.411 | Vrmse 43.002 | VexpVar 0.645 | adv_std 42.354 | elapsed 90.99s
iter 00146 | success 0.859 | policy_loss -0.00004 | value_loss 901.11475 | Vmean -41.595 | Rmean -48.864 | Vrmse 42.152 | VexpVar 0.646 | adv_std 41.521 | elapsed 93.33s
iter 00147 | success 0.864 | policy_loss -0.00005 | value_loss 927.48501 | Vmean -42.576 | Rmean -49.827 | Vrmse 42.620 | VexpVar 0.649 | adv_std 41.998 | elapsed 88.50s
iter 00148 | success 0.853 | policy_loss -0.00005 | value_loss 906.02211 | Vmean -41.937 | Rmean -49.470 | Vrmse 42.217 | VexpVar 0.644 | adv_std 41.539 | elapsed 93.86s
iter 00149 | success 0.854 | policy_loss -0.00005 | value_loss 911.25381 | Vmean -42.347 | Rmean -49.763 | Vrmse 42.492 | VexpVar 0.647 | adv_std 41.840 | elapsed 92.67s
  dumped g/h snapshot: logs/high_level_go2/20251003-095630/gh_snapshots/gh_iter_00150.pt
iter 00150 | success 0.855 | policy_loss -0.00005 | value_loss 910.39179 | Vmean -43.043 | Rmean -50.555 | Vrmse 42.546 | VexpVar 0.650 | adv_std 41.878 | elapsed 96.36s
  saved checkpoint: logs/high_level_go2/20251003-095630/model_150.pt
iter 00151 | success 0.856 | policy_loss -0.00004 | value_loss 908.03035 | Vmean -42.782 | Rmean -50.297 | Vrmse 42.500 | VexpVar 0.652 | adv_std 41.831 | elapsed 95.88s
iter 00152 | success 0.854 | policy_loss -0.00007 | value_loss 916.33553 | Vmean -43.367 | Rmean -50.821 | Vrmse 42.420 | VexpVar 0.653 | adv_std 41.759 | elapsed 96.72s
iter 00153 | success 0.868 | policy_loss -0.00008 | value_loss 927.99206 | Vmean -43.197 | Rmean -51.143 | Vrmse 42.833 | VexpVar 0.644 | adv_std 42.090 | elapsed 90.62s
iter 00154 | success 0.851 | policy_loss -0.00004 | value_loss 917.62274 | Vmean -43.765 | Rmean -51.028 | Vrmse 42.582 | VexpVar 0.648 | adv_std 41.958 | elapsed 94.54s
iter 00155 | success 0.856 | policy_loss -0.00004 | value_loss 916.01883 | Vmean -44.034 | Rmean -51.769 | Vrmse 42.623 | VexpVar 0.652 | adv_std 41.915 | elapsed 95.91s
iter 00156 | success 0.868 | policy_loss -0.00010 | value_loss 906.37444 | Vmean -44.802 | Rmean -52.149 | Vrmse 42.337 | VexpVar 0.653 | adv_std 41.695 | elapsed 92.21s
iter 00157 | success 0.854 | policy_loss -0.00007 | value_loss 911.65060 | Vmean -44.989 | Rmean -52.594 | Vrmse 42.599 | VexpVar 0.655 | adv_std 41.914 | elapsed 90.90s
iter 00158 | success 0.856 | policy_loss -0.00004 | value_loss 906.24551 | Vmean -44.913 | Rmean -52.368 | Vrmse 42.417 | VexpVar 0.653 | adv_std 41.756 | elapsed 95.03s
iter 00159 | success 0.861 | policy_loss -0.00008 | value_loss 909.68746 | Vmean -45.648 | Rmean -53.172 | Vrmse 42.529 | VexpVar 0.654 | adv_std 41.858 | elapsed 90.07s
iter 00160 | success 0.858 | policy_loss -0.00004 | value_loss 913.33408 | Vmean -45.643 | Rmean -52.981 | Vrmse 42.663 | VexpVar 0.653 | adv_std 42.027 | elapsed 91.73s
iter 00161 | success 0.857 | policy_loss -0.00005 | value_loss 911.91399 | Vmean -45.720 | Rmean -53.071 | Vrmse 42.493 | VexpVar 0.657 | adv_std 41.852 | elapsed 94.61s
iter 00162 | success 0.859 | policy_loss -0.00004 | value_loss 924.81318 | Vmean -45.827 | Rmean -53.348 | Vrmse 42.807 | VexpVar 0.654 | adv_std 42.141 | elapsed 91.86s
iter 00163 | success 0.867 | policy_loss -0.00005 | value_loss 922.81364 | Vmean -46.292 | Rmean -53.969 | Vrmse 42.813 | VexpVar 0.658 | adv_std 42.119 | elapsed 91.41s
iter 00164 | success 0.867 | policy_loss -0.00006 | value_loss 930.60262 | Vmean -45.883 | Rmean -53.642 | Vrmse 42.949 | VexpVar 0.655 | adv_std 42.243 | elapsed 91.90s
iter 00165 | success 0.851 | policy_loss -0.00010 | value_loss 933.10622 | Vmean -45.392 | Rmean -53.209 | Vrmse 43.004 | VexpVar 0.650 | adv_std 42.287 | elapsed 91.92s
iter 00166 | success 0.869 | policy_loss -0.00002 | value_loss 942.00206 | Vmean -45.426 | Rmean -53.448 | Vrmse 43.304 | VexpVar 0.645 | adv_std 42.554 | elapsed 90.24s
iter 00167 | success 0.866 | policy_loss -0.00005 | value_loss 945.88529 | Vmean -45.793 | Rmean -54.113 | Vrmse 43.352 | VexpVar 0.645 | adv_std 42.546 | elapsed 90.20s
iter 00168 | success 0.869 | policy_loss -0.00002 | value_loss 939.75509 | Vmean -45.891 | Rmean -54.092 | Vrmse 43.155 | VexpVar 0.643 | adv_std 42.368 | elapsed 88.68s
iter 00169 | success 0.861 | policy_loss -0.00008 | value_loss 933.25427 | Vmean -45.958 | Rmean -53.966 | Vrmse 43.112 | VexpVar 0.647 | adv_std 42.362 | elapsed 96.33s
iter 00170 | success 0.867 | policy_loss -0.00007 | value_loss 951.87626 | Vmean -46.668 | Rmean -54.973 | Vrmse 43.493 | VexpVar 0.648 | adv_std 42.692 | elapsed 95.13s
iter 00171 | success 0.868 | policy_loss -0.00006 | value_loss 936.10548 | Vmean -46.954 | Rmean -55.031 | Vrmse 43.143 | VexpVar 0.649 | adv_std 42.380 | elapsed 94.57s
iter 00172 | success 0.870 | policy_loss -0.00008 | value_loss 942.99981 | Vmean -47.571 | Rmean -55.462 | Vrmse 43.022 | VexpVar 0.653 | adv_std 42.292 | elapsed 92.50s
iter 00173 | success 0.877 | policy_loss -0.00004 | value_loss 944.88341 | Vmean -47.072 | Rmean -55.267 | Vrmse 43.357 | VexpVar 0.648 | adv_std 42.576 | elapsed 97.63s
iter 00174 | success 0.865 | policy_loss -0.00002 | value_loss 937.61800 | Vmean -46.757 | Rmean -54.822 | Vrmse 43.120 | VexpVar 0.651 | adv_std 42.359 | elapsed 97.48s
iter 00175 | success 0.868 | policy_loss -0.00005 | value_loss 940.41771 | Vmean -47.479 | Rmean -55.560 | Vrmse 43.094 | VexpVar 0.652 | adv_std 42.330 | elapsed 94.37s
iter 00176 | success 0.868 | policy_loss -0.00006 | value_loss 927.33462 | Vmean -48.597 | Rmean -56.091 | Vrmse 42.583 | VexpVar 0.658 | adv_std 41.918 | elapsed 90.28s
iter 00177 | success 0.870 | policy_loss -0.00007 | value_loss 922.28352 | Vmean -48.257 | Rmean -56.059 | Vrmse 42.803 | VexpVar 0.656 | adv_std 42.086 | elapsed 90.57s
iter 00178 | success 0.876 | policy_loss -0.00005 | value_loss 914.84081 | Vmean -48.446 | Rmean -56.281 | Vrmse 42.604 | VexpVar 0.660 | adv_std 41.878 | elapsed 93.53s
iter 00179 | success 0.860 | policy_loss -0.00006 | value_loss 907.19890 | Vmean -48.314 | Rmean -56.046 | Vrmse 42.451 | VexpVar 0.659 | adv_std 41.741 | elapsed 96.76s
iter 00180 | success 0.866 | policy_loss -0.00003 | value_loss 933.61671 | Vmean -48.235 | Rmean -56.421 | Vrmse 43.094 | VexpVar 0.658 | adv_std 42.309 | elapsed 96.51s
iter 00181 | success 0.876 | policy_loss -0.00009 | value_loss 913.03620 | Vmean -48.222 | Rmean -56.147 | Vrmse 42.459 | VexpVar 0.659 | adv_std 41.712 | elapsed 95.74s
iter 00182 | success 0.870 | policy_loss -0.00002 | value_loss 914.03260 | Vmean -48.434 | Rmean -56.441 | Vrmse 42.654 | VexpVar 0.660 | adv_std 41.895 | elapsed 95.72s
iter 00183 | success 0.871 | policy_loss -0.00006 | value_loss 901.48758 | Vmean -49.307 | Rmean -56.983 | Vrmse 42.299 | VexpVar 0.667 | adv_std 41.596 | elapsed 96.01s
iter 00184 | success 0.867 | policy_loss -0.00010 | value_loss 909.89377 | Vmean -49.567 | Rmean -57.081 | Vrmse 42.307 | VexpVar 0.666 | adv_std 41.634 | elapsed 97.25s
iter 00185 | success 0.877 | policy_loss -0.00003 | value_loss 889.76345 | Vmean -50.599 | Rmean -57.814 | Vrmse 42.033 | VexpVar 0.670 | adv_std 41.409 | elapsed 97.27s
iter 00186 | success 0.871 | policy_loss -0.00005 | value_loss 895.19022 | Vmean -50.655 | Rmean -57.957 | Vrmse 42.155 | VexpVar 0.671 | adv_std 41.518 | elapsed 96.82s
iter 00187 | success 0.870 | policy_loss -0.00006 | value_loss 897.93343 | Vmean -51.138 | Rmean -58.469 | Vrmse 42.206 | VexpVar 0.672 | adv_std 41.564 | elapsed 97.38s
iter 00188 | success 0.876 | policy_loss -0.00007 | value_loss 906.60570 | Vmean -50.849 | Rmean -58.490 | Vrmse 42.320 | VexpVar 0.672 | adv_std 41.625 | elapsed 93.74s
iter 00189 | success 0.863 | policy_loss -0.00007 | value_loss 901.61234 | Vmean -50.428 | Rmean -57.912 | Vrmse 42.340 | VexpVar 0.665 | adv_std 41.673 | elapsed 93.54s
iter 00190 | success 0.870 | policy_loss -0.00008 | value_loss 904.99015 | Vmean -50.947 | Rmean -57.960 | Vrmse 42.394 | VexpVar 0.666 | adv_std 41.810 | elapsed 95.28s
iter 00191 | success 0.870 | policy_loss -0.00004 | value_loss 890.13011 | Vmean -51.670 | Rmean -58.710 | Vrmse 41.976 | VexpVar 0.673 | adv_std 41.382 | elapsed 96.92s
iter 00192 | success 0.871 | policy_loss -0.00004 | value_loss 891.54564 | Vmean -52.134 | Rmean -59.145 | Vrmse 42.011 | VexpVar 0.673 | adv_std 41.422 | elapsed 94.54s
iter 00193 | success 0.865 | policy_loss -0.00006 | value_loss 891.57201 | Vmean -52.282 | Rmean -59.238 | Vrmse 42.081 | VexpVar 0.673 | adv_std 41.502 | elapsed 88.60s
iter 00194 | success 0.874 | policy_loss -0.00007 | value_loss 886.70322 | Vmean -52.723 | Rmean -59.413 | Vrmse 41.999 | VexpVar 0.672 | adv_std 41.463 | elapsed 93.41s
iter 00195 | success 0.866 | policy_loss -0.00007 | value_loss 895.83347 | Vmean -53.146 | Rmean -59.640 | Vrmse 42.117 | VexpVar 0.672 | adv_std 41.613 | elapsed 92.01s
iter 00196 | success 0.874 | policy_loss 0.00001 | value_loss 897.80986 | Vmean -54.032 | Rmean -60.309 | Vrmse 42.180 | VexpVar 0.671 | adv_std 41.710 | elapsed 89.91s
iter 00197 | success 0.878 | policy_loss -0.00001 | value_loss 899.05640 | Vmean -53.959 | Rmean -60.492 | Vrmse 42.206 | VexpVar 0.671 | adv_std 41.698 | elapsed 90.22s
iter 00198 | success 0.873 | policy_loss -0.00005 | value_loss 903.87524 | Vmean -54.595 | Rmean -60.938 | Vrmse 42.321 | VexpVar 0.672 | adv_std 41.843 | elapsed 90.13s
iter 00199 | success 0.871 | policy_loss -0.00006 | value_loss 891.82706 | Vmean -54.895 | Rmean -61.342 | Vrmse 42.120 | VexpVar 0.676 | adv_std 41.624 | elapsed 90.83s
  dumped g/h snapshot: logs/high_level_go2/20251003-095630/gh_snapshots/gh_iter_00200.pt
iter 00200 | success 0.872 | policy_loss -0.00004 | value_loss 888.80964 | Vmean -55.109 | Rmean -61.889 | Vrmse 42.035 | VexpVar 0.675 | adv_std 41.485 | elapsed 96.57s
  saved checkpoint: logs/high_level_go2/20251003-095630/model_200.pt
iter 00201 | success 0.874 | policy_loss -0.00002 | value_loss 889.17044 | Vmean -55.384 | Rmean -61.999 | Vrmse 42.055 | VexpVar 0.674 | adv_std 41.531 | elapsed 95.09s
iter 00202 | success 0.870 | policy_loss -0.00005 | value_loss 892.62323 | Vmean -55.485 | Rmean -62.265 | Vrmse 42.047 | VexpVar 0.674 | adv_std 41.496 | elapsed 93.70s
iter 00203 | success 0.870 | policy_loss -0.00004 | value_loss 901.41004 | Vmean -56.468 | Rmean -62.869 | Vrmse 42.052 | VexpVar 0.679 | adv_std 41.562 | elapsed 91.32s
iter 00204 | success 0.869 | policy_loss -0.00005 | value_loss 882.49512 | Vmean -57.617 | Rmean -63.435 | Vrmse 41.762 | VexpVar 0.681 | adv_std 41.355 | elapsed 95.21s
iter 00205 | success 0.869 | policy_loss -0.00003 | value_loss 891.67916 | Vmean -57.296 | Rmean -63.280 | Vrmse 42.013 | VexpVar 0.679 | adv_std 41.585 | elapsed 93.94s
iter 00206 | success 0.874 | policy_loss -0.00005 | value_loss 866.12091 | Vmean -56.877 | Rmean -62.910 | Vrmse 41.389 | VexpVar 0.684 | adv_std 40.947 | elapsed 91.74s
iter 00207 | success 0.864 | policy_loss -0.00004 | value_loss 868.63112 | Vmean -57.132 | Rmean -63.229 | Vrmse 41.579 | VexpVar 0.682 | adv_std 41.129 | elapsed 88.35s
iter 00208 | success 0.872 | policy_loss 0.00006 | value_loss 858.37865 | Vmean -57.022 | Rmean -62.812 | Vrmse 41.216 | VexpVar 0.679 | adv_std 40.808 | elapsed 93.12s
iter 00209 | success 0.864 | policy_loss -0.00004 | value_loss 851.82068 | Vmean -57.063 | Rmean -62.806 | Vrmse 41.097 | VexpVar 0.679 | adv_std 40.693 | elapsed 90.05s
iter 00210 | success 0.878 | policy_loss -0.00006 | value_loss 865.57352 | Vmean -57.952 | Rmean -63.734 | Vrmse 41.270 | VexpVar 0.679 | adv_std 40.863 | elapsed 91.76s
iter 00211 | success 0.868 | policy_loss -0.00003 | value_loss 841.41408 | Vmean -58.138 | Rmean -63.844 | Vrmse 40.883 | VexpVar 0.682 | adv_std 40.483 | elapsed 91.52s
iter 00212 | success 0.869 | policy_loss -0.00003 | value_loss 857.56236 | Vmean -58.679 | Rmean -64.180 | Vrmse 41.277 | VexpVar 0.680 | adv_std 40.909 | elapsed 91.90s
iter 00213 | success 0.865 | policy_loss -0.00006 | value_loss 848.46774 | Vmean -58.726 | Rmean -64.433 | Vrmse 41.042 | VexpVar 0.681 | adv_std 40.644 | elapsed 88.49s
iter 00214 | success 0.876 | policy_loss -0.00001 | value_loss 854.37612 | Vmean -59.064 | Rmean -64.853 | Vrmse 41.186 | VexpVar 0.683 | adv_std 40.777 | elapsed 96.81s
iter 00215 | success 0.871 | policy_loss -0.00002 | value_loss 861.78693 | Vmean -59.803 | Rmean -65.499 | Vrmse 41.342 | VexpVar 0.681 | adv_std 40.948 | elapsed 89.99s
iter 00216 | success 0.874 | policy_loss -0.00008 | value_loss 870.72380 | Vmean -60.606 | Rmean -66.160 | Vrmse 41.364 | VexpVar 0.683 | adv_std 40.989 | elapsed 92.46s
iter 00217 | success 0.871 | policy_loss -0.00008 | value_loss 852.40697 | Vmean -60.727 | Rmean -66.098 | Vrmse 41.118 | VexpVar 0.688 | adv_std 40.766 | elapsed 88.58s
iter 00218 | success 0.876 | policy_loss -0.00003 | value_loss 857.76692 | Vmean -60.638 | Rmean -66.289 | Vrmse 41.211 | VexpVar 0.687 | adv_std 40.821 | elapsed 92.65s
iter 00219 | success 0.866 | policy_loss -0.00004 | value_loss 859.75755 | Vmean -60.363 | Rmean -66.076 | Vrmse 41.254 | VexpVar 0.689 | adv_std 40.856 | elapsed 92.91s
iter 00220 | success 0.881 | policy_loss -0.00004 | value_loss 854.14782 | Vmean -61.172 | Rmean -66.751 | Vrmse 41.180 | VexpVar 0.689 | adv_std 40.800 | elapsed 92.55s
iter 00221 | success 0.869 | policy_loss -0.00005 | value_loss 885.62998 | Vmean -61.246 | Rmean -66.648 | Vrmse 41.754 | VexpVar 0.685 | adv_std 41.403 | elapsed 93.75s
iter 00222 | success 0.875 | policy_loss -0.00008 | value_loss 856.09758 | Vmean -61.634 | Rmean -66.775 | Vrmse 41.219 | VexpVar 0.688 | adv_std 40.897 | elapsed 91.80s
iter 00223 | success 0.879 | policy_loss -0.00008 | value_loss 849.16902 | Vmean -61.772 | Rmean -67.031 | Vrmse 40.955 | VexpVar 0.689 | adv_std 40.616 | elapsed 94.12s
iter 00224 | success 0.874 | policy_loss -0.00006 | value_loss 842.58242 | Vmean -61.926 | Rmean -67.365 | Vrmse 40.881 | VexpVar 0.693 | adv_std 40.518 | elapsed 95.39s
iter 00225 | success 0.878 | policy_loss -0.00003 | value_loss 856.04292 | Vmean -61.993 | Rmean -67.221 | Vrmse 41.156 | VexpVar 0.690 | adv_std 40.823 | elapsed 92.85s
iter 00226 | success 0.877 | policy_loss -0.00005 | value_loss 845.56614 | Vmean -62.458 | Rmean -67.840 | Vrmse 40.883 | VexpVar 0.692 | adv_std 40.527 | elapsed 90.75s
iter 00227 | success 0.874 | policy_loss -0.00002 | value_loss 843.36470 | Vmean -61.561 | Rmean -67.011 | Vrmse 40.915 | VexpVar 0.693 | adv_std 40.551 | elapsed 94.70s
iter 00228 | success 0.870 | policy_loss 0.00000 | value_loss 854.26395 | Vmean -61.607 | Rmean -67.027 | Vrmse 41.081 | VexpVar 0.692 | adv_std 40.722 | elapsed 94.37s
iter 00229 | success 0.868 | policy_loss -0.00004 | value_loss 851.02998 | Vmean -61.313 | Rmean -66.654 | Vrmse 41.027 | VexpVar 0.687 | adv_std 40.678 | elapsed 96.19s
iter 00230 | success 0.876 | policy_loss -0.00004 | value_loss 841.26857 | Vmean -62.409 | Rmean -67.638 | Vrmse 40.779 | VexpVar 0.690 | adv_std 40.443 | elapsed 93.42s
iter 00231 | success 0.868 | policy_loss -0.00007 | value_loss 839.06817 | Vmean -62.690 | Rmean -67.790 | Vrmse 40.747 | VexpVar 0.692 | adv_std 40.426 | elapsed 91.89s
iter 00232 | success 0.876 | policy_loss -0.00007 | value_loss 829.19075 | Vmean -62.868 | Rmean -67.712 | Vrmse 40.492 | VexpVar 0.692 | adv_std 40.201 | elapsed 91.50s
iter 00233 | success 0.874 | policy_loss 0.00617 | value_loss 818.80482 | Vmean -63.206 | Rmean -68.005 | Vrmse 40.310 | VexpVar 0.691 | adv_std 40.023 | elapsed 90.75s
iter 00234 | success 0.862 | policy_loss 0.00024 | value_loss 829.23996 | Vmean -62.381 | Rmean -68.088 | Vrmse 40.557 | VexpVar 0.690 | adv_std 40.153 | elapsed 90.19s
iter 00235 | success 0.879 | policy_loss 0.00012 | value_loss 827.90298 | Vmean -62.492 | Rmean -68.602 | Vrmse 40.432 | VexpVar 0.693 | adv_std 39.968 | elapsed 93.97s
iter 00236 | success 0.873 | policy_loss -0.00001 | value_loss 825.78855 | Vmean -63.361 | Rmean -69.421 | Vrmse 40.494 | VexpVar 0.697 | adv_std 40.038 | elapsed 92.15s
iter 00237 | success 0.876 | policy_loss 0.00001 | value_loss 812.58691 | Vmean -63.594 | Rmean -69.407 | Vrmse 40.187 | VexpVar 0.697 | adv_std 39.764 | elapsed 95.97s
iter 00238 | success 0.883 | policy_loss -0.00002 | value_loss 820.88654 | Vmean -63.960 | Rmean -69.906 | Vrmse 40.381 | VexpVar 0.700 | adv_std 39.941 | elapsed 88.30s
iter 00239 | success 0.883 | policy_loss -0.00000 | value_loss 813.22949 | Vmean -64.017 | Rmean -69.954 | Vrmse 40.149 | VexpVar 0.701 | adv_std 39.708 | elapsed 91.63s
iter 00240 | success 0.869 | policy_loss -0.00005 | value_loss 817.01719 | Vmean -64.472 | Rmean -70.274 | Vrmse 40.254 | VexpVar 0.701 | adv_std 39.834 | elapsed 87.39s
iter 00241 | success 0.875 | policy_loss -0.00002 | value_loss 803.18130 | Vmean -64.488 | Rmean -70.127 | Vrmse 39.847 | VexpVar 0.702 | adv_std 39.446 | elapsed 86.34s
iter 00242 | success 0.871 | policy_loss -0.00002 | value_loss 808.32940 | Vmean -64.483 | Rmean -70.219 | Vrmse 40.046 | VexpVar 0.697 | adv_std 39.633 | elapsed 89.03s
iter 00243 | success 0.887 | policy_loss -0.00004 | value_loss 798.95232 | Vmean -64.831 | Rmean -70.552 | Vrmse 39.755 | VexpVar 0.702 | adv_std 39.341 | elapsed 90.05s
iter 00244 | success 0.874 | policy_loss -0.00005 | value_loss 793.56776 | Vmean -64.315 | Rmean -69.826 | Vrmse 39.702 | VexpVar 0.697 | adv_std 39.318 | elapsed 91.94s
iter 00245 | success 0.879 | policy_loss -0.00006 | value_loss 796.32837 | Vmean -65.019 | Rmean -70.675 | Vrmse 39.732 | VexpVar 0.698 | adv_std 39.327 | elapsed 96.30s
iter 00246 | success 0.875 | policy_loss -0.00009 | value_loss 801.84925 | Vmean -65.198 | Rmean -70.866 | Vrmse 39.900 | VexpVar 0.696 | adv_std 39.495 | elapsed 94.16s
iter 00247 | success 0.887 | policy_loss -0.00006 | value_loss 798.93093 | Vmean -65.570 | Rmean -71.323 | Vrmse 39.782 | VexpVar 0.697 | adv_std 39.364 | elapsed 95.82s
iter 00248 | success 0.869 | policy_loss -0.00004 | value_loss 804.10248 | Vmean -66.549 | Rmean -72.090 | Vrmse 39.861 | VexpVar 0.701 | adv_std 39.474 | elapsed 96.14s
iter 00249 | success 0.869 | policy_loss -0.00007 | value_loss 791.66405 | Vmean -66.268 | Rmean -71.868 | Vrmse 39.542 | VexpVar 0.702 | adv_std 39.143 | elapsed 92.68s
  dumped g/h snapshot: logs/high_level_go2/20251003-095630/gh_snapshots/gh_iter_00250.pt
iter 00250 | success 0.882 | policy_loss -0.00008 | value_loss 807.77129 | Vmean -66.225 | Rmean -71.678 | Vrmse 39.902 | VexpVar 0.696 | adv_std 39.527 | elapsed 96.59s
  saved checkpoint: logs/high_level_go2/20251003-095630/model_250.pt
iter 00251 | success 0.868 | policy_loss -0.00005 | value_loss 807.29613 | Vmean -67.056 | Rmean -72.333 | Vrmse 39.856 | VexpVar 0.696 | adv_std 39.506 | elapsed 95.44s
iter 00252 | success 0.881 | policy_loss -0.00006 | value_loss 787.87599 | Vmean -67.224 | Rmean -72.594 | Vrmse 39.559 | VexpVar 0.699 | adv_std 39.193 | elapsed 88.91s
iter 00253 | success 0.871 | policy_loss -0.00009 | value_loss 788.52387 | Vmean -67.127 | Rmean -72.462 | Vrmse 39.573 | VexpVar 0.696 | adv_std 39.211 | elapsed 93.37s
iter 00254 | success 0.879 | policy_loss -0.00005 | value_loss 788.28284 | Vmean -68.156 | Rmean -73.509 | Vrmse 39.523 | VexpVar 0.699 | adv_std 39.159 | elapsed 93.88s
iter 00255 | success 0.880 | policy_loss -0.00006 | value_loss 798.52432 | Vmean -67.598 | Rmean -73.019 | Vrmse 39.782 | VexpVar 0.695 | adv_std 39.411 | elapsed 94.23s
iter 00256 | success 0.876 | policy_loss -0.00004 | value_loss 794.94770 | Vmean -67.883 | Rmean -73.186 | Vrmse 39.754 | VexpVar 0.697 | adv_std 39.398 | elapsed 95.07s
iter 00257 | success 0.883 | policy_loss -0.00007 | value_loss 803.81852 | Vmean -67.490 | Rmean -72.848 | Vrmse 39.928 | VexpVar 0.695 | adv_std 39.567 | elapsed 91.08s
iter 00258 | success 0.882 | policy_loss -0.00002 | value_loss 791.84216 | Vmean -67.936 | Rmean -73.318 | Vrmse 39.587 | VexpVar 0.697 | adv_std 39.220 | elapsed 90.44s
iter 00259 | success 0.882 | policy_loss -0.00004 | value_loss 799.08504 | Vmean -68.306 | Rmean -73.350 | Vrmse 39.558 | VexpVar 0.697 | adv_std 39.235 | elapsed 90.75s
iter 00260 | success 0.878 | policy_loss -0.00005 | value_loss 786.60289 | Vmean -68.673 | Rmean -73.881 | Vrmse 39.352 | VexpVar 0.700 | adv_std 39.006 | elapsed 94.13s
iter 00261 | success 0.879 | policy_loss -0.00004 | value_loss 772.71630 | Vmean -69.657 | Rmean -74.600 | Vrmse 39.099 | VexpVar 0.704 | adv_std 38.785 | elapsed 92.27s
iter 00262 | success 0.876 | policy_loss -0.00004 | value_loss 785.46081 | Vmean -69.686 | Rmean -74.603 | Vrmse 39.439 | VexpVar 0.699 | adv_std 39.131 | elapsed 90.65s
iter 00263 | success 0.873 | policy_loss -0.00005 | value_loss 798.17418 | Vmean -70.212 | Rmean -75.149 | Vrmse 39.767 | VexpVar 0.698 | adv_std 39.460 | elapsed 87.19s
iter 00264 | success 0.878 | policy_loss 0.00004 | value_loss 794.37316 | Vmean -69.973 | Rmean -74.690 | Vrmse 39.629 | VexpVar 0.697 | adv_std 39.347 | elapsed 96.00s
iter 00265 | success 0.884 | policy_loss 0.00339 | value_loss 804.76626 | Vmean -70.644 | Rmean -75.397 | Vrmse 39.804 | VexpVar 0.697 | adv_std 39.519 | elapsed 95.20s
iter 00266 | success 0.883 | policy_loss 0.04026 | value_loss 801.52441 | Vmean -70.380 | Rmean -75.237 | Vrmse 39.893 | VexpVar 0.698 | adv_std 39.596 | elapsed 91.40s
iter 00267 | success 0.880 | policy_loss 0.01662 | value_loss 832.12794 | Vmean -70.367 | Rmean -75.756 | Vrmse 40.478 | VexpVar 0.692 | adv_std 40.118 | elapsed 89.80s
iter 00268 | success 0.886 | policy_loss 0.00076 | value_loss 819.76514 | Vmean -70.719 | Rmean -75.884 | Vrmse 40.277 | VexpVar 0.692 | adv_std 39.944 | elapsed 88.88s
iter 00269 | success 0.871 | policy_loss 0.00022 | value_loss 826.42180 | Vmean -71.154 | Rmean -75.954 | Vrmse 40.305 | VexpVar 0.691 | adv_std 40.018 | elapsed 92.40s
iter 00270 | success 0.884 | policy_loss -0.00002 | value_loss 806.21476 | Vmean -72.526 | Rmean -77.378 | Vrmse 39.894 | VexpVar 0.697 | adv_std 39.598 | elapsed 91.02s
iter 00271 | success 0.885 | policy_loss -0.00005 | value_loss 796.59666 | Vmean -71.836 | Rmean -76.964 | Vrmse 39.703 | VexpVar 0.698 | adv_std 39.371 | elapsed 92.80s
iter 00272 | success 0.879 | policy_loss 0.00001 | value_loss 799.02046 | Vmean -71.830 | Rmean -77.076 | Vrmse 39.824 | VexpVar 0.698 | adv_std 39.477 | elapsed 95.25s
iter 00273 | success 0.878 | policy_loss -0.00003 | value_loss 808.07169 | Vmean -72.066 | Rmean -77.025 | Vrmse 40.002 | VexpVar 0.695 | adv_std 39.693 | elapsed 95.47s
iter 00274 | success 0.886 | policy_loss -0.00007 | value_loss 805.02155 | Vmean -71.359 | Rmean -76.342 | Vrmse 39.970 | VexpVar 0.694 | adv_std 39.658 | elapsed 95.70s
iter 00275 | success 0.883 | policy_loss -0.00008 | value_loss 815.40453 | Vmean -71.678 | Rmean -76.607 | Vrmse 40.019 | VexpVar 0.693 | adv_std 39.714 | elapsed 92.67s
iter 00276 | success 0.887 | policy_loss -0.00006 | value_loss 796.85023 | Vmean -72.520 | Rmean -77.232 | Vrmse 39.409 | VexpVar 0.697 | adv_std 39.127 | elapsed 95.77s
iter 00277 | success 0.889 | policy_loss -0.00009 | value_loss 773.37261 | Vmean -72.389 | Rmean -77.066 | Vrmse 39.095 | VexpVar 0.702 | adv_std 38.814 | elapsed 95.72s
iter 00278 | success 0.886 | policy_loss -0.00009 | value_loss 787.87312 | Vmean -72.329 | Rmean -77.402 | Vrmse 39.503 | VexpVar 0.701 | adv_std 39.176 | elapsed 95.34s
iter 00279 | success 0.881 | policy_loss -0.00010 | value_loss 793.58748 | Vmean -72.798 | Rmean -77.720 | Vrmse 39.631 | VexpVar 0.699 | adv_std 39.324 | elapsed 93.86s
iter 00280 | success 0.882 | policy_loss -0.00004 | value_loss 788.53172 | Vmean -72.677 | Rmean -77.633 | Vrmse 39.370 | VexpVar 0.704 | adv_std 39.057 | elapsed 95.85s
iter 00281 | success 0.880 | policy_loss -0.00003 | value_loss 800.07809 | Vmean -73.081 | Rmean -77.581 | Vrmse 39.806 | VexpVar 0.703 | adv_std 39.550 | elapsed 90.54s
iter 00282 | success 0.880 | policy_loss -0.00009 | value_loss 776.96412 | Vmean -72.925 | Rmean -77.366 | Vrmse 39.096 | VexpVar 0.708 | adv_std 38.843 | elapsed 90.05s
iter 00283 | success 0.883 | policy_loss -0.00006 | value_loss 794.50568 | Vmean -73.876 | Rmean -78.078 | Vrmse 39.569 | VexpVar 0.703 | adv_std 39.345 | elapsed 92.66s
iter 00284 | success 0.878 | policy_loss -0.00005 | value_loss 803.34576 | Vmean -73.401 | Rmean -77.920 | Vrmse 39.856 | VexpVar 0.702 | adv_std 39.599 | elapsed 95.71s
iter 00285 | success 0.887 | policy_loss -0.00001 | value_loss 794.57236 | Vmean -74.533 | Rmean -78.747 | Vrmse 39.648 | VexpVar 0.703 | adv_std 39.424 | elapsed 90.99s
iter 00286 | success 0.871 | policy_loss -0.00007 | value_loss 808.77494 | Vmean -75.019 | Rmean -78.896 | Vrmse 39.965 | VexpVar 0.702 | adv_std 39.777 | elapsed 88.37s
iter 00287 | success 0.886 | policy_loss -0.00012 | value_loss 791.63647 | Vmean -74.919 | Rmean -79.103 | Vrmse 39.494 | VexpVar 0.706 | adv_std 39.272 | elapsed 90.60s
iter 00288 | success 0.886 | policy_loss -0.00007 | value_loss 790.65428 | Vmean -74.487 | Rmean -78.943 | Vrmse 39.565 | VexpVar 0.707 | adv_std 39.313 | elapsed 94.29s
iter 00289 | success 0.877 | policy_loss -0.00005 | value_loss 795.06276 | Vmean -74.707 | Rmean -79.172 | Vrmse 39.643 | VexpVar 0.707 | adv_std 39.391 | elapsed 94.59s
iter 00290 | success 0.883 | policy_loss -0.00008 | value_loss 795.16196 | Vmean -75.735 | Rmean -80.088 | Vrmse 39.605 | VexpVar 0.708 | adv_std 39.365 | elapsed 95.86s
iter 00291 | success 0.888 | policy_loss -0.00010 | value_loss 800.96384 | Vmean -75.587 | Rmean -80.130 | Vrmse 39.760 | VexpVar 0.705 | adv_std 39.499 | elapsed 94.64s
iter 00292 | success 0.882 | policy_loss -0.00004 | value_loss 790.62733 | Vmean -75.608 | Rmean -80.240 | Vrmse 39.604 | VexpVar 0.709 | adv_std 39.332 | elapsed 93.42s
iter 00293 | success 0.890 | policy_loss -0.00003 | value_loss 791.77863 | Vmean -76.332 | Rmean -80.985 | Vrmse 39.533 | VexpVar 0.710 | adv_std 39.258 | elapsed 91.61s
iter 00294 | success 0.883 | policy_loss -0.00000 | value_loss 803.80765 | Vmean -76.766 | Rmean -81.402 | Vrmse 39.479 | VexpVar 0.711 | adv_std 39.206 | elapsed 87.75s
iter 00295 | success 0.888 | policy_loss -0.00004 | value_loss 799.59035 | Vmean -76.840 | Rmean -81.495 | Vrmse 39.562 | VexpVar 0.709 | adv_std 39.287 | elapsed 88.02s
iter 00296 | success 0.894 | policy_loss -0.00005 | value_loss 782.29933 | Vmean -77.256 | Rmean -81.701 | Vrmse 39.297 | VexpVar 0.711 | adv_std 39.045 | elapsed 89.98s
iter 00297 | success 0.892 | policy_loss 0.00059 | value_loss 777.13731 | Vmean -77.186 | Rmean -81.618 | Vrmse 39.145 | VexpVar 0.713 | adv_std 38.893 | elapsed 91.80s
iter 00298 | success 0.898 | policy_loss 0.00161 | value_loss 772.97422 | Vmean -78.201 | Rmean -82.767 | Vrmse 39.175 | VexpVar 0.712 | adv_std 38.908 | elapsed 91.67s
iter 00299 | success 0.891 | policy_loss 0.00080 | value_loss 773.38532 | Vmean -78.026 | Rmean -82.629 | Vrmse 39.102 | VexpVar 0.715 | adv_std 38.830 | elapsed 88.24s
  dumped g/h snapshot: logs/high_level_go2/20251003-095630/gh_snapshots/gh_iter_00300.pt
iter 00300 | success 0.879 | policy_loss 0.00022 | value_loss 795.01986 | Vmean -77.979 | Rmean -82.190 | Vrmse 39.601 | VexpVar 0.708 | adv_std 39.377 | elapsed 98.41s
  saved checkpoint: logs/high_level_go2/20251003-095630/model_300.pt
iter 00301 | success 0.894 | policy_loss 0.00001 | value_loss 790.08275 | Vmean -79.082 | Rmean -83.400 | Vrmse 39.501 | VexpVar 0.706 | adv_std 39.264 | elapsed 97.20s
iter 00302 | success 0.890 | policy_loss 0.00007 | value_loss 786.73266 | Vmean -79.282 | Rmean -83.767 | Vrmse 39.280 | VexpVar 0.711 | adv_std 39.023 | elapsed 90.13s
iter 00303 | success 0.885 | policy_loss 0.00000 | value_loss 812.24861 | Vmean -80.158 | Rmean -83.982 | Vrmse 40.115 | VexpVar 0.706 | adv_std 39.932 | elapsed 86.42s
iter 00304 | success 0.879 | policy_loss -0.00002 | value_loss 806.83546 | Vmean -81.047 | Rmean -84.488 | Vrmse 40.006 | VexpVar 0.704 | adv_std 39.858 | elapsed 88.52s
iter 00305 | success 0.893 | policy_loss 0.00008 | value_loss 813.72223 | Vmean -81.533 | Rmean -85.263 | Vrmse 40.065 | VexpVar 0.707 | adv_std 39.891 | elapsed 89.19s
iter 00306 | success 0.882 | policy_loss -0.00002 | value_loss 798.25257 | Vmean -81.700 | Rmean -85.343 | Vrmse 39.748 | VexpVar 0.710 | adv_std 39.580 | elapsed 89.35s
iter 00307 | success 0.891 | policy_loss -0.00001 | value_loss 801.60602 | Vmean -82.353 | Rmean -85.702 | Vrmse 39.770 | VexpVar 0.709 | adv_std 39.629 | elapsed 94.54s
iter 00308 | success 0.888 | policy_loss -0.00009 | value_loss 811.67243 | Vmean -82.424 | Rmean -86.000 | Vrmse 40.121 | VexpVar 0.709 | adv_std 39.962 | elapsed 93.25s
iter 00309 | success 0.893 | policy_loss -0.00005 | value_loss 811.09202 | Vmean -82.786 | Rmean -86.033 | Vrmse 39.985 | VexpVar 0.708 | adv_std 39.852 | elapsed 88.91s
iter 00310 | success 0.882 | policy_loss -0.00002 | value_loss 814.18053 | Vmean -82.520 | Rmean -86.017 | Vrmse 40.169 | VexpVar 0.707 | adv_std 40.016 | elapsed 89.13s
iter 00311 | success 0.887 | policy_loss 0.00001 | value_loss 815.54941 | Vmean -82.769 | Rmean -86.103 | Vrmse 40.166 | VexpVar 0.705 | adv_std 40.028 | elapsed 94.21s
iter 00312 | success 0.895 | policy_loss -0.00002 | value_loss 805.48838 | Vmean -83.402 | Rmean -86.813 | Vrmse 39.898 | VexpVar 0.705 | adv_std 39.752 | elapsed 93.21s
iter 00313 | success 0.886 | policy_loss -0.00008 | value_loss 812.70152 | Vmean -83.696 | Rmean -86.935 | Vrmse 39.849 | VexpVar 0.707 | adv_std 39.718 | elapsed 96.07s
iter 00314 | success 0.885 | policy_loss -0.00008 | value_loss 805.63844 | Vmean -84.178 | Rmean -87.467 | Vrmse 39.651 | VexpVar 0.708 | adv_std 39.514 | elapsed 94.68s
iter 00315 | success 0.880 | policy_loss -0.00011 | value_loss 805.24220 | Vmean -84.537 | Rmean -87.880 | Vrmse 39.624 | VexpVar 0.706 | adv_std 39.483 | elapsed 91.11s
iter 00316 | success 0.893 | policy_loss 0.00007 | value_loss 815.29324 | Vmean -84.214 | Rmean -87.507 | Vrmse 40.079 | VexpVar 0.703 | adv_std 39.943 | elapsed 91.75s
iter 00317 | success 0.885 | policy_loss -0.00001 | value_loss 783.20420 | Vmean -83.965 | Rmean -87.407 | Vrmse 39.426 | VexpVar 0.707 | adv_std 39.276 | elapsed 95.07s
iter 00318 | success 0.894 | policy_loss -0.00006 | value_loss 796.52126 | Vmean -84.071 | Rmean -87.303 | Vrmse 39.696 | VexpVar 0.705 | adv_std 39.564 | elapsed 91.10s
iter 00319 | success 0.882 | policy_loss -0.00003 | value_loss 806.57626 | Vmean -85.072 | Rmean -88.015 | Vrmse 40.009 | VexpVar 0.701 | adv_std 39.901 | elapsed 86.96s
iter 00320 | success 0.891 | policy_loss -0.00003 | value_loss 800.69606 | Vmean -84.789 | Rmean -87.778 | Vrmse 39.775 | VexpVar 0.700 | adv_std 39.663 | elapsed 89.05s
iter 00321 | success 0.893 | policy_loss -0.00004 | value_loss 803.54286 | Vmean -84.606 | Rmean -87.673 | Vrmse 39.930 | VexpVar 0.702 | adv_std 39.813 | elapsed 89.34s
iter 00322 | success 0.890 | policy_loss -0.00004 | value_loss 817.48519 | Vmean -84.827 | Rmean -87.887 | Vrmse 40.116 | VexpVar 0.700 | adv_std 40.000 | elapsed 89.88s
iter 00323 | success 0.883 | policy_loss 0.00100 | value_loss 794.92052 | Vmean -84.484 | Rmean -87.496 | Vrmse 39.707 | VexpVar 0.703 | adv_std 39.592 | elapsed 89.65s
iter 00324 | success 0.887 | policy_loss 0.00002 | value_loss 799.77639 | Vmean -84.613 | Rmean -87.843 | Vrmse 39.773 | VexpVar 0.707 | adv_std 39.642 | elapsed 94.13s
iter 00325 | success 0.891 | policy_loss 0.00016 | value_loss 795.99903 | Vmean -84.674 | Rmean -87.775 | Vrmse 39.694 | VexpVar 0.708 | adv_std 39.573 | elapsed 89.25s
iter 00326 | success 0.889 | policy_loss 0.00383 | value_loss 791.68464 | Vmean -85.132 | Rmean -88.638 | Vrmse 39.337 | VexpVar 0.715 | adv_std 39.181 | elapsed 92.25s
iter 00327 | success 0.887 | policy_loss 0.00057 | value_loss 796.38198 | Vmean -84.641 | Rmean -87.772 | Vrmse 39.504 | VexpVar 0.709 | adv_std 39.380 | elapsed 94.75s
iter 00328 | success 0.884 | policy_loss -0.00004 | value_loss 783.68308 | Vmean -85.613 | Rmean -88.767 | Vrmse 39.175 | VexpVar 0.709 | adv_std 39.048 | elapsed 91.30s
iter 00329 | success 0.891 | policy_loss -0.00011 | value_loss 769.67159 | Vmean -85.434 | Rmean -88.718 | Vrmse 39.003 | VexpVar 0.714 | adv_std 38.865 | elapsed 92.05s
iter 00330 | success 0.885 | policy_loss -0.00002 | value_loss 775.10064 | Vmean -86.006 | Rmean -89.132 | Vrmse 39.178 | VexpVar 0.712 | adv_std 39.053 | elapsed 90.72s
iter 00331 | success 0.887 | policy_loss -0.00004 | value_loss 789.73351 | Vmean -86.667 | Rmean -89.744 | Vrmse 39.495 | VexpVar 0.708 | adv_std 39.375 | elapsed 91.77s
iter 00332 | success 0.888 | policy_loss 0.00013 | value_loss 785.84085 | Vmean -86.148 | Rmean -89.142 | Vrmse 39.504 | VexpVar 0.705 | adv_std 39.390 | elapsed 95.91s
iter 00333 | success 0.887 | policy_loss 0.00023 | value_loss 783.80775 | Vmean -86.636 | Rmean -89.791 | Vrmse 39.384 | VexpVar 0.710 | adv_std 39.257 | elapsed 91.12s
iter 00334 | success 0.886 | policy_loss -0.00005 | value_loss 793.03035 | Vmean -87.277 | Rmean -89.963 | Vrmse 39.656 | VexpVar 0.705 | adv_std 39.565 | elapsed 95.65s
iter 00335 | success 0.885 | policy_loss -0.00002 | value_loss 805.02351 | Vmean -87.269 | Rmean -89.849 | Vrmse 39.873 | VexpVar 0.703 | adv_std 39.789 | elapsed 97.03s
iter 00336 | success 0.895 | policy_loss -0.00007 | value_loss 796.06360 | Vmean -87.504 | Rmean -90.351 | Vrmse 39.725 | VexpVar 0.703 | adv_std 39.623 | elapsed 94.80s
iter 00337 | success 0.884 | policy_loss -0.00000 | value_loss 769.44109 | Vmean -87.368 | Rmean -90.353 | Vrmse 39.014 | VexpVar 0.707 | adv_std 38.900 | elapsed 94.90s
iter 00338 | success 0.889 | policy_loss -0.00005 | value_loss 787.55841 | Vmean -87.535 | Rmean -90.587 | Vrmse 39.499 | VexpVar 0.701 | adv_std 39.381 | elapsed 94.52s
iter 00339 | success 0.892 | policy_loss -0.00001 | value_loss 794.96446 | Vmean -88.036 | Rmean -90.985 | Vrmse 39.458 | VexpVar 0.706 | adv_std 39.348 | elapsed 94.84s
iter 00340 | success 0.894 | policy_loss -0.00006 | value_loss 772.28251 | Vmean -89.259 | Rmean -92.152 | Vrmse 39.142 | VexpVar 0.713 | adv_std 39.035 | elapsed 91.27s
iter 00341 | success 0.891 | policy_loss 0.00862 | value_loss 771.03326 | Vmean -89.927 | Rmean -92.580 | Vrmse 39.108 | VexpVar 0.710 | adv_std 39.018 | elapsed 95.13s
iter 00342 | success 0.896 | policy_loss 0.00051 | value_loss 771.54913 | Vmean -89.289 | Rmean -93.012 | Vrmse 39.108 | VexpVar 0.712 | adv_std 38.930 | elapsed 89.72s
iter 00343 | success 0.891 | policy_loss -0.00010 | value_loss 788.65410 | Vmean -89.459 | Rmean -93.007 | Vrmse 39.341 | VexpVar 0.714 | adv_std 39.181 | elapsed 93.67s
iter 00344 | success 0.894 | policy_loss -0.00005 | value_loss 770.00146 | Vmean -89.981 | Rmean -93.170 | Vrmse 39.035 | VexpVar 0.714 | adv_std 38.904 | elapsed 94.23s
iter 00345 | success 0.890 | policy_loss 0.00002 | value_loss 779.14201 | Vmean -90.408 | Rmean -93.188 | Vrmse 39.357 | VexpVar 0.715 | adv_std 39.259 | elapsed 88.33s
iter 00346 | success 0.885 | policy_loss -0.00004 | value_loss 772.01841 | Vmean -90.139 | Rmean -92.904 | Vrmse 39.118 | VexpVar 0.715 | adv_std 39.020 | elapsed 93.05s
iter 00347 | success 0.895 | policy_loss 0.00013 | value_loss 780.03841 | Vmean -90.644 | Rmean -93.292 | Vrmse 39.024 | VexpVar 0.718 | adv_std 38.934 | elapsed 93.44s
iter 00348 | success 0.887 | policy_loss 0.00133 | value_loss 770.08037 | Vmean -90.539 | Rmean -93.058 | Vrmse 38.846 | VexpVar 0.716 | adv_std 38.764 | elapsed 95.77s
iter 00349 | success 0.886 | policy_loss -0.00004 | value_loss 782.11209 | Vmean -90.828 | Rmean -93.062 | Vrmse 39.200 | VexpVar 0.713 | adv_std 39.137 | elapsed 96.19s
  dumped g/h snapshot: logs/high_level_go2/20251003-095630/gh_snapshots/gh_iter_00350.pt
iter 00350 | success 0.888 | policy_loss -0.00007 | value_loss 769.45995 | Vmean -91.239 | Rmean -93.433 | Vrmse 38.881 | VexpVar 0.712 | adv_std 38.819 | elapsed 94.59s
  saved checkpoint: logs/high_level_go2/20251003-095630/model_350.pt
iter 00351 | success 0.895 | policy_loss -0.00002 | value_loss 764.62498 | Vmean -91.326 | Rmean -93.522 | Vrmse 38.883 | VexpVar 0.710 | adv_std 38.821 | elapsed 93.16s
iter 00352 | success 0.890 | policy_loss -0.00001 | value_loss 749.48607 | Vmean -91.772 | Rmean -93.907 | Vrmse 38.547 | VexpVar 0.709 | adv_std 38.488 | elapsed 94.21s
iter 00353 | success 0.883 | policy_loss 0.00012 | value_loss 743.32508 | Vmean -92.461 | Rmean -94.814 | Vrmse 38.417 | VexpVar 0.718 | adv_std 38.345 | elapsed 91.99s
iter 00354 | success 0.885 | policy_loss 0.02286 | value_loss 759.03694 | Vmean -92.405 | Rmean -94.638 | Vrmse 38.747 | VexpVar 0.714 | adv_std 38.683 | elapsed 92.92s
iter 00355 | success 0.862 | policy_loss 0.00441 | value_loss 820.46135 | Vmean -89.654 | Rmean -90.686 | Vrmse 40.272 | VexpVar 0.625 | adv_std 40.258 | elapsed 94.96s
iter 00356 | success 0.889 | policy_loss 0.02434 | value_loss 776.34447 | Vmean -90.883 | Rmean -93.433 | Vrmse 39.220 | VexpVar 0.683 | adv_std 39.137 | elapsed 94.30s
iter 00357 | success 0.901 | policy_loss 0.00159 | value_loss 752.86315 | Vmean -92.211 | Rmean -95.183 | Vrmse 38.609 | VexpVar 0.710 | adv_std 38.494 | elapsed 95.01s
iter 00358 | success 0.877 | policy_loss -0.00012 | value_loss 764.62902 | Vmean -92.458 | Rmean -95.081 | Vrmse 38.944 | VexpVar 0.707 | adv_std 38.856 | elapsed 91.16s
iter 00359 | success 0.891 | policy_loss -0.00009 | value_loss 760.09212 | Vmean -92.803 | Rmean -95.384 | Vrmse 38.690 | VexpVar 0.712 | adv_std 38.604 | elapsed 90.97s
iter 00360 | success 0.891 | policy_loss -0.00010 | value_loss 766.57058 | Vmean -92.895 | Rmean -95.519 | Vrmse 38.947 | VexpVar 0.711 | adv_std 38.859 | elapsed 93.38s
iter 00361 | success 0.892 | policy_loss -0.00005 | value_loss 743.71507 | Vmean -93.492 | Rmean -96.106 | Vrmse 38.417 | VexpVar 0.718 | adv_std 38.328 | elapsed 88.61s
iter 00362 | success 0.895 | policy_loss -0.00003 | value_loss 743.22239 | Vmean -93.508 | Rmean -96.221 | Vrmse 38.371 | VexpVar 0.720 | adv_std 38.275 | elapsed 91.30s
iter 00363 | success 0.901 | policy_loss -0.00008 | value_loss 744.73292 | Vmean -94.072 | Rmean -96.926 | Vrmse 38.329 | VexpVar 0.723 | adv_std 38.222 | elapsed 92.22s
iter 00364 | success 0.890 | policy_loss 0.00015 | value_loss 740.57882 | Vmean -94.672 | Rmean -97.345 | Vrmse 38.196 | VexpVar 0.724 | adv_std 38.102 | elapsed 89.06s
iter 00365 | success 0.902 | policy_loss 0.00192 | value_loss 736.24919 | Vmean -94.709 | Rmean -97.511 | Vrmse 38.145 | VexpVar 0.726 | adv_std 38.042 | elapsed 87.75s
iter 00366 | success 0.893 | policy_loss -0.00001 | value_loss 725.51442 | Vmean -94.521 | Rmean -97.156 | Vrmse 37.860 | VexpVar 0.723 | adv_std 37.769 | elapsed 90.41s
iter 00367 | success 0.896 | policy_loss -0.00006 | value_loss 724.03827 | Vmean -94.831 | Rmean -97.400 | Vrmse 37.926 | VexpVar 0.723 | adv_std 37.839 | elapsed 96.21s
iter 00368 | success 0.900 | policy_loss 0.00182 | value_loss 708.99380 | Vmean -94.658 | Rmean -97.405 | Vrmse 37.462 | VexpVar 0.728 | adv_std 37.361 | elapsed 95.53s
iter 00369 | success 0.889 | policy_loss 0.00763 | value_loss 740.26226 | Vmean -94.989 | Rmean -96.714 | Vrmse 38.101 | VexpVar 0.714 | adv_std 38.062 | elapsed 93.01s
iter 00370 | success 0.888 | policy_loss 0.00117 | value_loss 755.13161 | Vmean -94.794 | Rmean -96.130 | Vrmse 38.507 | VexpVar 0.705 | adv_std 38.484 | elapsed 91.32s
iter 00371 | success 0.896 | policy_loss 0.00012 | value_loss 769.62739 | Vmean -95.483 | Rmean -96.956 | Vrmse 39.016 | VexpVar 0.703 | adv_std 38.988 | elapsed 91.05s
iter 00372 | success 0.889 | policy_loss 0.00009 | value_loss 756.51714 | Vmean -95.410 | Rmean -96.752 | Vrmse 38.642 | VexpVar 0.704 | adv_std 38.619 | elapsed 94.09s
iter 00373 | success 0.885 | policy_loss -0.00003 | value_loss 764.93379 | Vmean -95.201 | Rmean -96.264 | Vrmse 38.971 | VexpVar 0.697 | adv_std 38.957 | elapsed 87.36s
iter 00374 | success 0.878 | policy_loss 0.00002 | value_loss 743.89025 | Vmean -94.985 | Rmean -96.284 | Vrmse 38.433 | VexpVar 0.703 | adv_std 38.411 | elapsed 87.51s
iter 00375 | success 0.894 | policy_loss -0.00006 | value_loss 748.79105 | Vmean -95.840 | Rmean -97.021 | Vrmse 38.535 | VexpVar 0.703 | adv_std 38.517 | elapsed 89.04s
iter 00376 | success 0.887 | policy_loss -0.00009 | value_loss 751.56928 | Vmean -96.687 | Rmean -97.592 | Vrmse 38.600 | VexpVar 0.701 | adv_std 38.589 | elapsed 91.76s
iter 00377 | success 0.890 | policy_loss 0.00085 | value_loss 752.24575 | Vmean -97.963 | Rmean -99.017 | Vrmse 38.624 | VexpVar 0.705 | adv_std 38.610 | elapsed 93.04s
iter 00378 | success 0.891 | policy_loss 0.00059 | value_loss 734.80788 | Vmean -98.311 | Rmean -99.307 | Vrmse 38.119 | VexpVar 0.712 | adv_std 38.106 | elapsed 95.72s
iter 00379 | success 0.889 | policy_loss 0.00031 | value_loss 768.02708 | Vmean -98.658 | Rmean -99.653 | Vrmse 38.929 | VexpVar 0.707 | adv_std 38.917 | elapsed 94.42s
iter 00380 | success 0.896 | policy_loss 0.00015 | value_loss 752.00085 | Vmean -98.749 | Rmean -99.894 | Vrmse 38.549 | VexpVar 0.711 | adv_std 38.532 | elapsed 93.88s
iter 00381 | success 0.899 | policy_loss 0.00008 | value_loss 750.00957 | Vmean -99.669 | Rmean -100.920 | Vrmse 38.504 | VexpVar 0.714 | adv_std 38.484 | elapsed 90.16s
iter 00382 | success 0.907 | policy_loss 0.00012 | value_loss 752.12717 | Vmean -100.134 | Rmean -101.481 | Vrmse 38.594 | VexpVar 0.714 | adv_std 38.571 | elapsed 90.70s
iter 00383 | success 0.896 | policy_loss 0.00002 | value_loss 742.40499 | Vmean -100.124 | Rmean -101.654 | Vrmse 38.400 | VexpVar 0.715 | adv_std 38.370 | elapsed 92.20s
iter 00384 | success 0.901 | policy_loss 0.00116 | value_loss 729.12358 | Vmean -99.263 | Rmean -100.934 | Vrmse 38.040 | VexpVar 0.719 | adv_std 38.003 | elapsed 91.47s
iter 00385 | success 0.893 | policy_loss 0.00530 | value_loss 725.24347 | Vmean -98.929 | Rmean -100.423 | Vrmse 37.897 | VexpVar 0.717 | adv_std 37.868 | elapsed 95.46s
iter 00386 | success 0.900 | policy_loss 0.00046 | value_loss 735.48501 | Vmean -99.574 | Rmean -101.224 | Vrmse 38.149 | VexpVar 0.715 | adv_std 38.113 | elapsed 91.79s
iter 00387 | success 0.900 | policy_loss -0.00003 | value_loss 733.78755 | Vmean -99.219 | Rmean -100.500 | Vrmse 38.119 | VexpVar 0.711 | adv_std 38.097 | elapsed 94.21s
iter 00388 | success 0.894 | policy_loss -0.00005 | value_loss 736.94855 | Vmean -99.152 | Rmean -100.542 | Vrmse 38.133 | VexpVar 0.710 | adv_std 38.108 | elapsed 93.80s
iter 00389 | success 0.894 | policy_loss 0.00206 | value_loss 743.77460 | Vmean -98.779 | Rmean -100.365 | Vrmse 38.411 | VexpVar 0.709 | adv_std 38.378 | elapsed 90.61s
iter 00390 | success 0.893 | policy_loss 0.00483 | value_loss 727.94398 | Vmean -98.962 | Rmean -100.668 | Vrmse 38.000 | VexpVar 0.712 | adv_std 37.961 | elapsed 92.62s
iter 00391 | success 0.892 | policy_loss 0.00211 | value_loss 732.38185 | Vmean -98.720 | Rmean -100.660 | Vrmse 38.104 | VexpVar 0.713 | adv_std 38.055 | elapsed 91.52s
iter 00392 | success 0.894 | policy_loss 0.00847 | value_loss 718.67041 | Vmean -98.792 | Rmean -100.426 | Vrmse 37.733 | VexpVar 0.713 | adv_std 37.698 | elapsed 95.79s
iter 00393 | success 0.895 | policy_loss 0.00683 | value_loss 716.24380 | Vmean -98.807 | Rmean -100.432 | Vrmse 37.696 | VexpVar 0.711 | adv_std 37.661 | elapsed 95.67s
iter 00394 | success 0.892 | policy_loss 0.00209 | value_loss 740.19801 | Vmean -99.206 | Rmean -100.665 | Vrmse 38.327 | VexpVar 0.706 | adv_std 38.299 | elapsed 96.20s
iter 00395 | success 0.900 | policy_loss 0.00014 | value_loss 719.49060 | Vmean -99.744 | Rmean -101.228 | Vrmse 37.765 | VexpVar 0.708 | adv_std 37.736 | elapsed 94.67s
iter 00396 | success 0.899 | policy_loss -0.00006 | value_loss 721.13790 | Vmean -100.453 | Rmean -102.022 | Vrmse 37.804 | VexpVar 0.712 | adv_std 37.771 | elapsed 89.97s
iter 00397 | success 0.899 | policy_loss -0.00003 | value_loss 731.11737 | Vmean -100.606 | Rmean -102.135 | Vrmse 38.037 | VexpVar 0.713 | adv_std 38.006 | elapsed 97.83s
iter 00398 | success 0.902 | policy_loss -0.00014 | value_loss 714.53221 | Vmean -100.022 | Rmean -102.099 | Vrmse 37.664 | VexpVar 0.714 | adv_std 37.607 | elapsed 102.85s
iter 00399 | success 0.886 | policy_loss -0.00006 | value_loss 719.73511 | Vmean -100.001 | Rmean -101.795 | Vrmse 37.801 | VexpVar 0.713 | adv_std 37.759 | elapsed 96.35s
  dumped g/h snapshot: logs/high_level_go2/20251003-095630/gh_snapshots/gh_iter_00400.pt
iter 00400 | success 0.903 | policy_loss -0.00002 | value_loss 728.88067 | Vmean -100.329 | Rmean -101.888 | Vrmse 37.938 | VexpVar 0.709 | adv_std 37.906 | elapsed 96.71s
  saved checkpoint: logs/high_level_go2/20251003-095630/model_400.pt
iter 00401 | success 0.893 | policy_loss -0.00003 | value_loss 730.47192 | Vmean -100.794 | Rmean -102.367 | Vrmse 38.050 | VexpVar 0.709 | adv_std 38.018 | elapsed 95.63s
iter 00402 | success 0.899 | policy_loss -0.00004 | value_loss 737.02913 | Vmean -101.011 | Rmean -102.368 | Vrmse 38.109 | VexpVar 0.708 | adv_std 38.085 | elapsed 89.91s
iter 00403 | success 0.887 | policy_loss -0.00005 | value_loss 733.99954 | Vmean -101.387 | Rmean -102.709 | Vrmse 38.136 | VexpVar 0.710 | adv_std 38.113 | elapsed 92.03s
iter 00404 | success 0.901 | policy_loss -0.00009 | value_loss 720.88694 | Vmean -101.545 | Rmean -102.814 | Vrmse 37.849 | VexpVar 0.712 | adv_std 37.827 | elapsed 90.89s
iter 00405 | success 0.888 | policy_loss 0.00004 | value_loss 724.16432 | Vmean -102.024 | Rmean -103.187 | Vrmse 37.924 | VexpVar 0.712 | adv_std 37.906 | elapsed 86.13s
iter 00406 | success 0.897 | policy_loss 0.00005 | value_loss 722.69236 | Vmean -102.258 | Rmean -103.443 | Vrmse 37.887 | VexpVar 0.711 | adv_std 37.868 | elapsed 86.40s
iter 00407 | success 0.893 | policy_loss 0.00007 | value_loss 722.49850 | Vmean -102.492 | Rmean -103.772 | Vrmse 37.898 | VexpVar 0.710 | adv_std 37.876 | elapsed 90.45s
iter 00408 | success 0.891 | policy_loss -0.00003 | value_loss 734.28102 | Vmean -103.105 | Rmean -104.302 | Vrmse 38.133 | VexpVar 0.706 | adv_std 38.114 | elapsed 90.44s
iter 00409 | success 0.902 | policy_loss -0.00007 | value_loss 728.93974 | Vmean -103.139 | Rmean -104.454 | Vrmse 38.052 | VexpVar 0.705 | adv_std 38.030 | elapsed 90.96s
iter 00410 | success 0.892 | policy_loss -0.00007 | value_loss 716.18516 | Vmean -102.905 | Rmean -104.278 | Vrmse 37.702 | VexpVar 0.708 | adv_std 37.677 | elapsed 87.73s
iter 00411 | success 0.899 | policy_loss -0.00010 | value_loss 712.93989 | Vmean -103.157 | Rmean -104.398 | Vrmse 37.588 | VexpVar 0.708 | adv_std 37.568 | elapsed 89.42s
iter 00412 | success 0.906 | policy_loss -0.00005 | value_loss 702.51934 | Vmean -103.449 | Rmean -104.935 | Vrmse 37.403 | VexpVar 0.714 | adv_std 37.374 | elapsed 95.41s
iter 00413 | success 0.893 | policy_loss 0.00119 | value_loss 714.11259 | Vmean -103.918 | Rmean -105.411 | Vrmse 37.649 | VexpVar 0.711 | adv_std 37.620 | elapsed 91.06s
iter 00414 | success 0.896 | policy_loss -0.00001 | value_loss 712.70448 | Vmean -104.216 | Rmean -105.663 | Vrmse 37.563 | VexpVar 0.712 | adv_std 37.535 | elapsed 91.16s
iter 00415 | success 0.900 | policy_loss 0.01179 | value_loss 720.84295 | Vmean -104.489 | Rmean -106.057 | Vrmse 37.782 | VexpVar 0.716 | adv_std 37.749 | elapsed 94.66s
iter 00416 | success 0.903 | policy_loss 0.00867 | value_loss 731.44809 | Vmean -104.716 | Rmean -106.388 | Vrmse 38.057 | VexpVar 0.703 | adv_std 38.020 | elapsed 86.56s
iter 00417 | success 0.899 | policy_loss 0.00138 | value_loss 725.51791 | Vmean -104.106 | Rmean -105.743 | Vrmse 37.970 | VexpVar 0.699 | adv_std 37.935 | elapsed 88.44s
iter 00418 | success 0.893 | policy_loss -0.00010 | value_loss 730.82014 | Vmean -104.958 | Rmean -106.522 | Vrmse 37.993 | VexpVar 0.706 | adv_std 37.960 | elapsed 91.33s
iter 00419 | success 0.902 | policy_loss -0.00002 | value_loss 720.30639 | Vmean -105.556 | Rmean -106.913 | Vrmse 37.699 | VexpVar 0.706 | adv_std 37.675 | elapsed 91.30s
iter 00420 | success 0.894 | policy_loss 0.00007 | value_loss 712.71093 | Vmean -105.036 | Rmean -106.528 | Vrmse 37.541 | VexpVar 0.710 | adv_std 37.512 | elapsed 86.36s
iter 00421 | success 0.897 | policy_loss 0.00006 | value_loss 721.56576 | Vmean -105.657 | Rmean -107.169 | Vrmse 37.651 | VexpVar 0.712 | adv_std 37.620 | elapsed 87.33s
iter 00422 | success 0.899 | policy_loss -0.00000 | value_loss 697.99117 | Vmean -105.725 | Rmean -107.121 | Vrmse 37.245 | VexpVar 0.714 | adv_std 37.219 | elapsed 87.58s
iter 00423 | success 0.899 | policy_loss -0.00004 | value_loss 716.12827 | Vmean -106.413 | Rmean -107.756 | Vrmse 37.592 | VexpVar 0.713 | adv_std 37.568 | elapsed 96.33s
iter 00424 | success 0.916 | policy_loss -0.00005 | value_loss 712.31981 | Vmean -106.175 | Rmean -107.532 | Vrmse 37.505 | VexpVar 0.711 | adv_std 37.480 | elapsed 92.93s
iter 00425 | success 0.908 | policy_loss -0.00009 | value_loss 716.73585 | Vmean -106.562 | Rmean -107.999 | Vrmse 37.679 | VexpVar 0.710 | adv_std 37.652 | elapsed 93.06s
iter 00426 | success 0.896 | policy_loss -0.00001 | value_loss 713.74499 | Vmean -107.261 | Rmean -108.568 | Vrmse 37.494 | VexpVar 0.712 | adv_std 37.471 | elapsed 92.86s
iter 00427 | success 0.900 | policy_loss -0.00007 | value_loss 708.12407 | Vmean -107.284 | Rmean -108.646 | Vrmse 37.464 | VexpVar 0.715 | adv_std 37.439 | elapsed 93.82s
iter 00428 | success 0.904 | policy_loss -0.00007 | value_loss 708.85007 | Vmean -107.658 | Rmean -108.851 | Vrmse 37.520 | VexpVar 0.713 | adv_std 37.501 | elapsed 91.24s
iter 00429 | success 0.907 | policy_loss -0.00004 | value_loss 724.02497 | Vmean -108.082 | Rmean -109.254 | Vrmse 37.831 | VexpVar 0.709 | adv_std 37.813 | elapsed 92.33s
iter 00430 | success 0.906 | policy_loss -0.00007 | value_loss 724.70899 | Vmean -108.750 | Rmean -109.923 | Vrmse 37.872 | VexpVar 0.709 | adv_std 37.854 | elapsed 95.22s
iter 00431 | success 0.908 | policy_loss -0.00004 | value_loss 733.81723 | Vmean -107.935 | Rmean -108.983 | Vrmse 38.146 | VexpVar 0.707 | adv_std 38.132 | elapsed 92.15s
iter 00432 | success 0.909 | policy_loss -0.00001 | value_loss 731.19503 | Vmean -108.598 | Rmean -109.735 | Vrmse 37.970 | VexpVar 0.709 | adv_std 37.953 | elapsed 88.53s
iter 00433 | success 0.911 | policy_loss 0.00344 | value_loss 724.16029 | Vmean -108.575 | Rmean -109.486 | Vrmse 37.833 | VexpVar 0.706 | adv_std 37.822 | elapsed 87.24s
iter 00434 | success 0.902 | policy_loss 0.00191 | value_loss 716.97316 | Vmean -108.805 | Rmean -109.713 | Vrmse 37.692 | VexpVar 0.707 | adv_std 37.681 | elapsed 87.01s
iter 00435 | success 0.905 | policy_loss 0.00019 | value_loss 724.34508 | Vmean -107.979 | Rmean -108.913 | Vrmse 37.889 | VexpVar 0.704 | adv_std 37.877 | elapsed 91.14s
iter 00436 | success 0.903 | policy_loss 0.00011 | value_loss 710.95692 | Vmean -108.383 | Rmean -109.321 | Vrmse 37.523 | VexpVar 0.708 | adv_std 37.512 | elapsed 94.89s
iter 00437 | success 0.906 | policy_loss 0.00004 | value_loss 691.64484 | Vmean -107.872 | Rmean -108.980 | Vrmse 36.983 | VexpVar 0.711 | adv_std 36.966 | elapsed 93.74s
iter 00438 | success 0.896 | policy_loss 0.00002 | value_loss 716.82346 | Vmean -108.454 | Rmean -109.397 | Vrmse 37.423 | VexpVar 0.710 | adv_std 37.411 | elapsed 87.22s
iter 00439 | success 0.904 | policy_loss 0.00049 | value_loss 711.08512 | Vmean -108.367 | Rmean -109.574 | Vrmse 37.292 | VexpVar 0.710 | adv_std 37.272 | elapsed 88.40s
iter 00440 | success 0.901 | policy_loss 0.00092 | value_loss 692.02125 | Vmean -108.154 | Rmean -109.335 | Vrmse 36.997 | VexpVar 0.713 | adv_std 36.978 | elapsed 96.00s
iter 00441 | success 0.902 | policy_loss -0.00003 | value_loss 691.98952 | Vmean -107.567 | Rmean -108.753 | Vrmse 37.028 | VexpVar 0.714 | adv_std 37.009 | elapsed 93.99s
iter 00442 | success 0.904 | policy_loss 0.00003 | value_loss 681.31063 | Vmean -108.650 | Rmean -109.915 | Vrmse 36.701 | VexpVar 0.715 | adv_std 36.679 | elapsed 93.74s
iter 00443 | success 0.905 | policy_loss 0.00005 | value_loss 690.77864 | Vmean -109.033 | Rmean -110.178 | Vrmse 36.964 | VexpVar 0.712 | adv_std 36.946 | elapsed 87.14s
iter 00444 | success 0.907 | policy_loss 0.00057 | value_loss 687.27200 | Vmean -108.967 | Rmean -110.100 | Vrmse 36.953 | VexpVar 0.712 | adv_std 36.936 | elapsed 90.39s
iter 00445 | success 0.904 | policy_loss 0.00236 | value_loss 679.60194 | Vmean -108.663 | Rmean -109.760 | Vrmse 36.698 | VexpVar 0.709 | adv_std 36.682 | elapsed 92.22s
iter 00446 | success 0.900 | policy_loss 0.00973 | value_loss 678.09240 | Vmean -109.315 | Rmean -110.429 | Vrmse 36.675 | VexpVar 0.708 | adv_std 36.658 | elapsed 92.11s
iter 00447 | success 0.908 | policy_loss 0.00666 | value_loss 675.18987 | Vmean -108.670 | Rmean -109.809 | Vrmse 36.589 | VexpVar 0.708 | adv_std 36.571 | elapsed 91.62s
iter 00448 | success 0.901 | policy_loss 0.00449 | value_loss 686.61027 | Vmean -108.931 | Rmean -109.701 | Vrmse 36.874 | VexpVar 0.705 | adv_std 36.866 | elapsed 95.42s
iter 00449 | success 0.895 | policy_loss 0.00135 | value_loss 666.25643 | Vmean -108.177 | Rmean -109.071 | Vrmse 36.360 | VexpVar 0.710 | adv_std 36.349 | elapsed 95.14s
  dumped g/h snapshot: logs/high_level_go2/20251003-095630/gh_snapshots/gh_iter_00450.pt
iter 00450 | success 0.899 | policy_loss 0.00050 | value_loss 684.14380 | Vmean -107.706 | Rmean -108.692 | Vrmse 36.820 | VexpVar 0.705 | adv_std 36.807 | elapsed 95.85s
  saved checkpoint: logs/high_level_go2/20251003-095630/model_450.pt
iter 00451 | success 0.903 | policy_loss 0.00022 | value_loss 676.62843 | Vmean -107.974 | Rmean -108.701 | Vrmse 36.580 | VexpVar 0.703 | adv_std 36.573 | elapsed 96.30s
iter 00452 | success 0.900 | policy_loss -0.00002 | value_loss 670.38827 | Vmean -108.389 | Rmean -109.190 | Vrmse 36.377 | VexpVar 0.704 | adv_std 36.369 | elapsed 94.03s
iter 00453 | success 0.896 | policy_loss -0.00003 | value_loss 663.72052 | Vmean -108.395 | Rmean -109.248 | Vrmse 36.267 | VexpVar 0.709 | adv_std 36.257 | elapsed 88.84s
iter 00454 | success 0.896 | policy_loss -0.00004 | value_loss 678.96064 | Vmean -108.460 | Rmean -109.063 | Vrmse 36.719 | VexpVar 0.705 | adv_std 36.714 | elapsed 94.10s
iter 00455 | success 0.904 | policy_loss 0.00043 | value_loss 666.54943 | Vmean -108.746 | Rmean -109.376 | Vrmse 36.357 | VexpVar 0.709 | adv_std 36.351 | elapsed 91.71s
iter 00456 | success 0.905 | policy_loss -0.00008 | value_loss 665.94912 | Vmean -108.251 | Rmean -108.768 | Vrmse 36.292 | VexpVar 0.708 | adv_std 36.288 | elapsed 95.65s
iter 00457 | success 0.902 | policy_loss -0.00003 | value_loss 682.81483 | Vmean -109.197 | Rmean -109.604 | Vrmse 36.830 | VexpVar 0.705 | adv_std 36.828 | elapsed 92.00s
iter 00458 | success 0.904 | policy_loss 0.00081 | value_loss 669.37920 | Vmean -109.391 | Rmean -110.104 | Vrmse 36.425 | VexpVar 0.711 | adv_std 36.418 | elapsed 92.58s
iter 00459 | success 0.906 | policy_loss 0.00006 | value_loss 676.75146 | Vmean -110.255 | Rmean -111.006 | Vrmse 36.625 | VexpVar 0.712 | adv_std 36.617 | elapsed 93.58s
iter 00460 | success 0.904 | policy_loss 0.00058 | value_loss 668.90372 | Vmean -109.966 | Rmean -111.096 | Vrmse 36.331 | VexpVar 0.717 | adv_std 36.314 | elapsed 90.11s
iter 00461 | success 0.909 | policy_loss 0.00013 | value_loss 660.40015 | Vmean -110.717 | Rmean -111.897 | Vrmse 36.182 | VexpVar 0.716 | adv_std 36.162 | elapsed 89.89s
iter 00462 | success 0.910 | policy_loss -0.00007 | value_loss 663.63628 | Vmean -110.598 | Rmean -111.797 | Vrmse 36.292 | VexpVar 0.716 | adv_std 36.272 | elapsed 87.12s
iter 00463 | success 0.909 | policy_loss -0.00017 | value_loss 682.64710 | Vmean -111.028 | Rmean -112.113 | Vrmse 36.685 | VexpVar 0.713 | adv_std 36.669 | elapsed 92.36s
iter 00464 | success 0.912 | policy_loss 0.00047 | value_loss 658.87209 | Vmean -111.907 | Rmean -113.131 | Vrmse 36.102 | VexpVar 0.717 | adv_std 36.081 | elapsed 92.08s
iter 00465 | success 0.910 | policy_loss 0.00086 | value_loss 660.21992 | Vmean -112.108 | Rmean -113.404 | Vrmse 36.133 | VexpVar 0.717 | adv_std 36.110 | elapsed 92.68s
iter 00466 | success 0.914 | policy_loss 0.00129 | value_loss 652.27719 | Vmean -111.967 | Rmean -113.211 | Vrmse 35.991 | VexpVar 0.719 | adv_std 35.969 | elapsed 94.69s
iter 00467 | success 0.907 | policy_loss 0.00316 | value_loss 651.67712 | Vmean -112.342 | Rmean -113.474 | Vrmse 35.886 | VexpVar 0.717 | adv_std 35.868 | elapsed 90.96s
iter 00468 | success 0.914 | policy_loss 0.01757 | value_loss 638.50397 | Vmean -111.403 | Rmean -112.840 | Vrmse 35.582 | VexpVar 0.724 | adv_std 35.553 | elapsed 90.56s
iter 00469 | success 0.915 | policy_loss 0.00093 | value_loss 646.83696 | Vmean -111.591 | Rmean -112.797 | Vrmse 35.743 | VexpVar 0.719 | adv_std 35.723 | elapsed 92.40s
iter 00470 | success 0.911 | policy_loss 0.00008 | value_loss 652.97208 | Vmean -112.497 | Rmean -113.561 | Vrmse 36.030 | VexpVar 0.720 | adv_std 36.014 | elapsed 93.53s
iter 00471 | success 0.908 | policy_loss 0.00001 | value_loss 658.53774 | Vmean -112.502 | Rmean -113.547 | Vrmse 36.118 | VexpVar 0.717 | adv_std 36.103 | elapsed 93.63s
iter 00472 | success 0.907 | policy_loss -0.00001 | value_loss 656.57635 | Vmean -112.958 | Rmean -114.037 | Vrmse 36.024 | VexpVar 0.719 | adv_std 36.008 | elapsed 94.42s
iter 00473 | success 0.915 | policy_loss -0.00005 | value_loss 669.56929 | Vmean -113.463 | Rmean -114.407 | Vrmse 36.436 | VexpVar 0.718 | adv_std 36.424 | elapsed 93.70s
iter 00474 | success 0.914 | policy_loss -0.00001 | value_loss 658.22492 | Vmean -113.589 | Rmean -114.472 | Vrmse 36.138 | VexpVar 0.720 | adv_std 36.127 | elapsed 90.91s
iter 00475 | success 0.904 | policy_loss -0.00009 | value_loss 668.72918 | Vmean -114.445 | Rmean -115.107 | Vrmse 36.451 | VexpVar 0.719 | adv_std 36.445 | elapsed 94.44s
iter 00476 | success 0.913 | policy_loss -0.00002 | value_loss 664.89531 | Vmean -114.471 | Rmean -115.195 | Vrmse 36.289 | VexpVar 0.720 | adv_std 36.282 | elapsed 94.58s
iter 00477 | success 0.918 | policy_loss -0.00003 | value_loss 670.61096 | Vmean -114.807 | Rmean -115.593 | Vrmse 36.425 | VexpVar 0.716 | adv_std 36.417 | elapsed 94.02s
iter 00478 | success 0.913 | policy_loss 0.00003 | value_loss 666.62553 | Vmean -115.355 | Rmean -116.062 | Vrmse 36.314 | VexpVar 0.714 | adv_std 36.307 | elapsed 95.76s
iter 00479 | success 0.914 | policy_loss 0.00025 | value_loss 674.08884 | Vmean -116.160 | Rmean -116.878 | Vrmse 36.497 | VexpVar 0.711 | adv_std 36.490 | elapsed 100.40s
iter 00480 | success 0.917 | policy_loss 0.00004 | value_loss 676.89064 | Vmean -115.944 | Rmean -116.575 | Vrmse 36.653 | VexpVar 0.710 | adv_std 36.648 | elapsed 94.98s
iter 00481 | success 0.918 | policy_loss -0.00006 | value_loss 689.36701 | Vmean -116.669 | Rmean -117.586 | Vrmse 36.866 | VexpVar 0.711 | adv_std 36.855 | elapsed 93.54s
iter 00482 | success 0.915 | policy_loss 0.00007 | value_loss 685.39528 | Vmean -116.262 | Rmean -117.118 | Vrmse 36.888 | VexpVar 0.710 | adv_std 36.878 | elapsed 95.56s
iter 00483 | success 0.915 | policy_loss 0.00012 | value_loss 666.48704 | Vmean -116.166 | Rmean -117.165 | Vrmse 36.340 | VexpVar 0.714 | adv_std 36.326 | elapsed 94.16s
iter 00484 | success 0.915 | policy_loss 0.00264 | value_loss 671.07578 | Vmean -116.002 | Rmean -116.824 | Vrmse 36.419 | VexpVar 0.712 | adv_std 36.410 | elapsed 91.13s
iter 00485 | success 0.911 | policy_loss 0.00008 | value_loss 666.75568 | Vmean -115.099 | Rmean -116.084 | Vrmse 36.134 | VexpVar 0.716 | adv_std 36.120 | elapsed 92.13s
iter 00486 | success 0.917 | policy_loss 0.00015 | value_loss 655.29787 | Vmean -114.415 | Rmean -115.670 | Vrmse 35.858 | VexpVar 0.721 | adv_std 35.836 | elapsed 94.23s
iter 00487 | success 0.919 | policy_loss 0.00070 | value_loss 664.83485 | Vmean -114.590 | Rmean -115.685 | Vrmse 35.995 | VexpVar 0.716 | adv_std 35.979 | elapsed 94.93s
iter 00488 | success 0.921 | policy_loss 0.00237 | value_loss 671.21471 | Vmean -114.628 | Rmean -115.840 | Vrmse 36.474 | VexpVar 0.717 | adv_std 36.454 | elapsed 91.87s
iter 00489 | success 0.922 | policy_loss 0.02088 | value_loss 669.14002 | Vmean -114.673 | Rmean -115.705 | Vrmse 36.375 | VexpVar 0.714 | adv_std 36.360 | elapsed 89.81s
iter 00490 | success 0.918 | policy_loss 0.01307 | value_loss 671.98558 | Vmean -114.790 | Rmean -116.159 | Vrmse 36.328 | VexpVar 0.718 | adv_std 36.303 | elapsed 89.96s
iter 00491 | success 0.924 | policy_loss 0.00108 | value_loss 655.05812 | Vmean -115.316 | Rmean -116.735 | Vrmse 36.023 | VexpVar 0.721 | adv_std 35.995 | elapsed 95.27s
iter 00492 | success 0.920 | policy_loss -0.00010 | value_loss 658.24154 | Vmean -114.497 | Rmean -116.143 | Vrmse 36.145 | VexpVar 0.720 | adv_std 36.107 | elapsed 94.52s
iter 00493 | success 0.919 | policy_loss -0.00012 | value_loss 659.27730 | Vmean -115.176 | Rmean -116.774 | Vrmse 36.017 | VexpVar 0.721 | adv_std 35.981 | elapsed 88.66s
iter 00494 | success 0.924 | policy_loss -0.00010 | value_loss 636.16102 | Vmean -115.518 | Rmean -117.347 | Vrmse 35.452 | VexpVar 0.722 | adv_std 35.405 | elapsed 91.59s
iter 00495 | success 0.923 | policy_loss -0.00006 | value_loss 644.25233 | Vmean -115.029 | Rmean -116.895 | Vrmse 35.720 | VexpVar 0.721 | adv_std 35.671 | elapsed 92.33s
iter 00496 | success 0.917 | policy_loss 0.00008 | value_loss 644.06658 | Vmean -114.333 | Rmean -116.315 | Vrmse 35.711 | VexpVar 0.723 | adv_std 35.656 | elapsed 91.91s
iter 00497 | success 0.921 | policy_loss 0.00023 | value_loss 652.42136 | Vmean -114.164 | Rmean -116.164 | Vrmse 35.856 | VexpVar 0.723 | adv_std 35.800 | elapsed 91.35s
iter 00498 | success 0.911 | policy_loss 0.00019 | value_loss 660.64330 | Vmean -114.442 | Rmean -116.276 | Vrmse 36.002 | VexpVar 0.722 | adv_std 35.955 | elapsed 95.68s
iter 00499 | success 0.916 | policy_loss -0.00009 | value_loss 654.98646 | Vmean -115.762 | Rmean -117.356 | Vrmse 35.884 | VexpVar 0.726 | adv_std 35.848 | elapsed 94.66s
  dumped g/h snapshot: logs/high_level_go2/20251003-095630/gh_snapshots/gh_iter_00500.pt
iter 00500 | success 0.928 | policy_loss -0.00001 | value_loss 652.01990 | Vmean -116.507 | Rmean -117.934 | Vrmse 35.748 | VexpVar 0.723 | adv_std 35.719 | elapsed 97.08s
  saved checkpoint: logs/high_level_go2/20251003-095630/model_500.pt
training complete. final checkpoint: logs/high_level_go2/20251003-095630/model_final.pt
