nohup: ignoring input
Importing module 'gym_38' (/home/wutr/IsaacGym/isaacgym/python/isaacgym/_bindings/linux-x86_64/gym_38.so)
Setting GYM_USD_PLUG_INFO_PATH to /home/wutr/IsaacGym/isaacgym/python/isaacgym/_bindings/linux-x86_64/usd/plugInfo.json
PyTorch version 2.3.1
Device count 3
/home/wutr/IsaacGym/isaacgym/python/isaacgym/_bindings/src/gymtorch
Using /home/wutr/.cache/torch_extensions/py38_cu121 as PyTorch extensions root...
Emitting ninja build file /home/wutr/.cache/torch_extensions/py38_cu121/gymtorch/build.ninja...
Building extension module gymtorch...
Allowing ninja to set a default number of workers... (overridable by setting the environment variable MAX_JOBS=N)
ninja: no work to do.
Loading extension module gymtorch...
==================================================
开始训练高层导航策略
==================================================
创建分层环境...
Setting seed: 1
Not connected to PVD
+++ Using GPU PhysX
Physics Engine: PhysX
Physics Device: cuda:1
GPU Pipeline: enabled
Actor MLP: Sequential(
  (0): Linear(in_features=45, out_features=512, bias=True)
  (1): ELU(alpha=1.0)
  (2): Linear(in_features=512, out_features=256, bias=True)
  (3): ELU(alpha=1.0)
  (4): Linear(in_features=256, out_features=128, bias=True)
  (5): ELU(alpha=1.0)
  (6): Linear(in_features=128, out_features=12, bias=True)
)
Critic MLP: Sequential(
  (0): Linear(in_features=45, out_features=512, bias=True)
  (1): ELU(alpha=1.0)
  (2): Linear(in_features=512, out_features=256, bias=True)
  (3): ELU(alpha=1.0)
  (4): Linear(in_features=256, out_features=128, bias=True)
  (5): ELU(alpha=1.0)
  (6): Linear(in_features=128, out_features=1, bias=True)
)
加载底层策略模型: /home/wutr/IsaacGym/legged_gym_go2/logs/rough_go2/Sep08_11-57-26_/model_18500.pt
初始化 PPO 算法...
Actor MLP: Sequential(
  (0): Linear(in_features=4, out_features=512, bias=True)
  (1): ELU(alpha=1.0)
  (2): Linear(in_features=512, out_features=256, bias=True)
  (3): ELU(alpha=1.0)
  (4): Linear(in_features=256, out_features=128, bias=True)
  (5): ELU(alpha=1.0)
  (6): Linear(in_features=128, out_features=3, bias=True)
)
Critic MLP: Sequential(
  (0): Linear(in_features=4, out_features=512, bias=True)
  (1): ELU(alpha=1.0)
  (2): Linear(in_features=512, out_features=256, bias=True)
  (3): ELU(alpha=1.0)
  (4): Linear(in_features=256, out_features=128, bias=True)
  (5): ELU(alpha=1.0)
  (6): Linear(in_features=128, out_features=1, bias=True)
)
训练配置:
  - 最大迭代次数: 5000
  - 环境数量: 4096
  - 观测维度: 4
  - 动作维度: 3
  - 设备: cuda:1
  - 日志目录: logs/high_level_go2/20250928-102555

--- 迭代 1/5000 ---
  reach-avoid 成功率: 0.224
  value loss: 2411.708984
  policy loss: 0.000047
  模型已保存: logs/high_level_go2/20250928-102555/model_0.pt

--- 迭代 2/5000 ---

--- 迭代 3/5000 ---

--- 迭代 4/5000 ---

--- 迭代 5/5000 ---

--- 迭代 6/5000 ---
  reach-avoid 成功率: 0.254
  value loss: 2997.156738
  policy loss: 0.018536

--- 迭代 7/5000 ---

--- 迭代 8/5000 ---

--- 迭代 9/5000 ---

--- 迭代 10/5000 ---

--- 迭代 11/5000 ---
  reach-avoid 成功率: 0.217
  value loss: 2197.741699
  policy loss: 0.059481

--- 迭代 12/5000 ---

--- 迭代 13/5000 ---

--- 迭代 14/5000 ---

--- 迭代 15/5000 ---

--- 迭代 16/5000 ---
  reach-avoid 成功率: 0.219
  value loss: 2330.405273
  policy loss: 0.097295

--- 迭代 17/5000 ---

--- 迭代 18/5000 ---

--- 迭代 19/5000 ---

--- 迭代 20/5000 ---

--- 迭代 21/5000 ---
  reach-avoid 成功率: 0.198
  value loss: 2106.833740
  policy loss: 0.094672

--- 迭代 22/5000 ---

--- 迭代 23/5000 ---

--- 迭代 24/5000 ---

--- 迭代 25/5000 ---

--- 迭代 26/5000 ---
  reach-avoid 成功率: 0.023
  value loss: 512.623840
  policy loss: 0.081832

--- 迭代 27/5000 ---

--- 迭代 28/5000 ---

--- 迭代 29/5000 ---

--- 迭代 30/5000 ---

--- 迭代 31/5000 ---
  reach-avoid 成功率: 0.025
  value loss: 505.830597
  policy loss: 0.052890

--- 迭代 32/5000 ---

--- 迭代 33/5000 ---

--- 迭代 34/5000 ---

--- 迭代 35/5000 ---

--- 迭代 36/5000 ---
  reach-avoid 成功率: 0.011
  value loss: 762.311646
  policy loss: 0.083681

--- 迭代 37/5000 ---

--- 迭代 38/5000 ---

--- 迭代 39/5000 ---

--- 迭代 40/5000 ---

--- 迭代 41/5000 ---
  reach-avoid 成功率: 0.064
  value loss: 1492.635742
  policy loss: 0.109016

--- 迭代 42/5000 ---

--- 迭代 43/5000 ---

--- 迭代 44/5000 ---

--- 迭代 45/5000 ---

--- 迭代 46/5000 ---
  reach-avoid 成功率: 0.014
  value loss: 848.216858
  policy loss: 0.102874

--- 迭代 47/5000 ---

--- 迭代 48/5000 ---

--- 迭代 49/5000 ---

--- 迭代 50/5000 ---

--- 迭代 51/5000 ---
  reach-avoid 成功率: 0.038
  value loss: 1207.904663
  policy loss: 0.094582

--- 迭代 52/5000 ---

--- 迭代 53/5000 ---

--- 迭代 54/5000 ---

--- 迭代 55/5000 ---

--- 迭代 56/5000 ---
  reach-avoid 成功率: 0.044
  value loss: 1337.932007
  policy loss: 0.129049

--- 迭代 57/5000 ---

--- 迭代 58/5000 ---

--- 迭代 59/5000 ---

--- 迭代 60/5000 ---

--- 迭代 61/5000 ---
  reach-avoid 成功率: 0.214
  value loss: 2169.902832
  policy loss: 0.103715

--- 迭代 62/5000 ---

--- 迭代 63/5000 ---

--- 迭代 64/5000 ---

--- 迭代 65/5000 ---

--- 迭代 66/5000 ---
  reach-avoid 成功率: 0.201
  value loss: 2035.159912
  policy loss: 0.095419

--- 迭代 67/5000 ---

--- 迭代 68/5000 ---

--- 迭代 69/5000 ---

--- 迭代 70/5000 ---

--- 迭代 71/5000 ---
  reach-avoid 成功率: 0.240
  value loss: 2503.865479
  policy loss: 0.164937

--- 迭代 72/5000 ---

--- 迭代 73/5000 ---

--- 迭代 74/5000 ---

--- 迭代 75/5000 ---

--- 迭代 76/5000 ---
  reach-avoid 成功率: 0.269
  value loss: 2971.371094
  policy loss: 0.118075

--- 迭代 77/5000 ---

--- 迭代 78/5000 ---

--- 迭代 79/5000 ---

--- 迭代 80/5000 ---

--- 迭代 81/5000 ---
  reach-avoid 成功率: 0.250
  value loss: 2941.946777
  policy loss: 0.112777

--- 迭代 82/5000 ---

--- 迭代 83/5000 ---

--- 迭代 84/5000 ---

--- 迭代 85/5000 ---

--- 迭代 86/5000 ---
  reach-avoid 成功率: 0.274
  value loss: 3040.877686
  policy loss: 0.110275

--- 迭代 87/5000 ---

--- 迭代 88/5000 ---

--- 迭代 89/5000 ---

--- 迭代 90/5000 ---

--- 迭代 91/5000 ---
  reach-avoid 成功率: 0.240
  value loss: 2918.556885
  policy loss: 0.107489

--- 迭代 92/5000 ---

--- 迭代 93/5000 ---

--- 迭代 94/5000 ---

--- 迭代 95/5000 ---

--- 迭代 96/5000 ---
  reach-avoid 成功率: 0.270
  value loss: 3055.747803
  policy loss: 0.103572

--- 迭代 97/5000 ---

--- 迭代 98/5000 ---

--- 迭代 99/5000 ---

--- 迭代 100/5000 ---

--- 迭代 101/5000 ---
  reach-avoid 成功率: 0.249
  value loss: 2999.391357
  policy loss: 0.121284

--- 迭代 102/5000 ---

--- 迭代 103/5000 ---

--- 迭代 104/5000 ---

--- 迭代 105/5000 ---

--- 迭代 106/5000 ---
  reach-avoid 成功率: 0.258
  value loss: 3067.214844
  policy loss: 0.102770

--- 迭代 107/5000 ---

--- 迭代 108/5000 ---

--- 迭代 109/5000 ---

--- 迭代 110/5000 ---

--- 迭代 111/5000 ---
  reach-avoid 成功率: 0.245
  value loss: 2927.072510
  policy loss: 0.107642

--- 迭代 112/5000 ---

--- 迭代 113/5000 ---

--- 迭代 114/5000 ---

--- 迭代 115/5000 ---

--- 迭代 116/5000 ---
  reach-avoid 成功率: 0.265
  value loss: 2979.992676
  policy loss: 0.103247

--- 迭代 117/5000 ---

--- 迭代 118/5000 ---

--- 迭代 119/5000 ---

--- 迭代 120/5000 ---

--- 迭代 121/5000 ---
  reach-avoid 成功率: 0.255
  value loss: 3002.705322
  policy loss: 0.106788

--- 迭代 122/5000 ---

--- 迭代 123/5000 ---

--- 迭代 124/5000 ---

--- 迭代 125/5000 ---

--- 迭代 126/5000 ---
  reach-avoid 成功率: 0.255
  value loss: 3002.925781
  policy loss: 0.100212

--- 迭代 127/5000 ---

--- 迭代 128/5000 ---

--- 迭代 129/5000 ---

--- 迭代 130/5000 ---

--- 迭代 131/5000 ---
  reach-avoid 成功率: 0.266
  value loss: 3052.178955
  policy loss: 0.105127

--- 迭代 132/5000 ---

--- 迭代 133/5000 ---

--- 迭代 134/5000 ---

--- 迭代 135/5000 ---

--- 迭代 136/5000 ---
  reach-avoid 成功率: 0.247
  value loss: 2870.936523
  policy loss: 0.115196

--- 迭代 137/5000 ---

--- 迭代 138/5000 ---

--- 迭代 139/5000 ---

--- 迭代 140/5000 ---

--- 迭代 141/5000 ---
  reach-avoid 成功率: 0.262
  value loss: 2927.978027
  policy loss: 0.100597

--- 迭代 142/5000 ---

--- 迭代 143/5000 ---

--- 迭代 144/5000 ---

--- 迭代 145/5000 ---

--- 迭代 146/5000 ---
  reach-avoid 成功率: 0.267
  value loss: 3014.158936
  policy loss: 0.099972

--- 迭代 147/5000 ---

--- 迭代 148/5000 ---

--- 迭代 149/5000 ---

--- 迭代 150/5000 ---

--- 迭代 151/5000 ---
  reach-avoid 成功率: 0.274
  value loss: 2972.643311
  policy loss: 0.103536

--- 迭代 152/5000 ---

--- 迭代 153/5000 ---

--- 迭代 154/5000 ---

--- 迭代 155/5000 ---

--- 迭代 156/5000 ---
  reach-avoid 成功率: 0.268
  value loss: 3081.160156
  policy loss: 0.101657

--- 迭代 157/5000 ---

--- 迭代 158/5000 ---

--- 迭代 159/5000 ---

--- 迭代 160/5000 ---

--- 迭代 161/5000 ---
  reach-avoid 成功率: 0.253
  value loss: 2948.174561
  policy loss: 0.100693

--- 迭代 162/5000 ---

--- 迭代 163/5000 ---

--- 迭代 164/5000 ---

--- 迭代 165/5000 ---

--- 迭代 166/5000 ---
  reach-avoid 成功率: 0.253
  value loss: 2945.764648
  policy loss: 0.104236

--- 迭代 167/5000 ---

--- 迭代 168/5000 ---

--- 迭代 169/5000 ---

--- 迭代 170/5000 ---

--- 迭代 171/5000 ---
  reach-avoid 成功率: 0.259
  value loss: 2982.770996
  policy loss: 0.100309

--- 迭代 172/5000 ---

--- 迭代 173/5000 ---

--- 迭代 174/5000 ---

--- 迭代 175/5000 ---

--- 迭代 176/5000 ---
  reach-avoid 成功率: 0.251
  value loss: 2950.624268
  policy loss: 0.116408

--- 迭代 177/5000 ---

--- 迭代 178/5000 ---

--- 迭代 179/5000 ---

--- 迭代 180/5000 ---

--- 迭代 181/5000 ---
  reach-avoid 成功率: 0.253
  value loss: 2958.052734
  policy loss: 0.101683

--- 迭代 182/5000 ---

--- 迭代 183/5000 ---

--- 迭代 184/5000 ---

--- 迭代 185/5000 ---

--- 迭代 186/5000 ---
  reach-avoid 成功率: 0.261
  value loss: 2922.122070
  policy loss: 0.099352

--- 迭代 187/5000 ---

--- 迭代 188/5000 ---

--- 迭代 189/5000 ---

--- 迭代 190/5000 ---

--- 迭代 191/5000 ---
  reach-avoid 成功率: 0.251
  value loss: 2884.482666
  policy loss: 0.099866

--- 迭代 192/5000 ---

--- 迭代 193/5000 ---

--- 迭代 194/5000 ---

--- 迭代 195/5000 ---

--- 迭代 196/5000 ---
  reach-avoid 成功率: 0.260
  value loss: 3062.956299
  policy loss: 0.101346

--- 迭代 197/5000 ---

--- 迭代 198/5000 ---

--- 迭代 199/5000 ---

--- 迭代 200/5000 ---

--- 迭代 201/5000 ---
  reach-avoid 成功率: 0.266
  value loss: 3019.141846
  policy loss: 0.100076

--- 迭代 202/5000 ---

--- 迭代 203/5000 ---

--- 迭代 204/5000 ---

--- 迭代 205/5000 ---

--- 迭代 206/5000 ---
  reach-avoid 成功率: 0.270
  value loss: 3013.521484
  policy loss: 0.099589

--- 迭代 207/5000 ---

--- 迭代 208/5000 ---

--- 迭代 209/5000 ---

--- 迭代 210/5000 ---

--- 迭代 211/5000 ---
  reach-avoid 成功率: 0.254
  value loss: 2955.568604
  policy loss: 0.104891

--- 迭代 212/5000 ---

--- 迭代 213/5000 ---

--- 迭代 214/5000 ---

--- 迭代 215/5000 ---

--- 迭代 216/5000 ---
  reach-avoid 成功率: 0.245
  value loss: 2956.042236
  policy loss: 0.104338

--- 迭代 217/5000 ---

--- 迭代 218/5000 ---

--- 迭代 219/5000 ---

--- 迭代 220/5000 ---

--- 迭代 221/5000 ---
  reach-avoid 成功率: 0.254
  value loss: 2941.928711
  policy loss: 0.100401

--- 迭代 222/5000 ---

--- 迭代 223/5000 ---

--- 迭代 224/5000 ---

--- 迭代 225/5000 ---

--- 迭代 226/5000 ---
  reach-avoid 成功率: 0.250
  value loss: 2945.139160
  policy loss: 0.098680

--- 迭代 227/5000 ---

--- 迭代 228/5000 ---

--- 迭代 229/5000 ---

--- 迭代 230/5000 ---

--- 迭代 231/5000 ---
  reach-avoid 成功率: 0.259
  value loss: 3046.907959
  policy loss: 0.103288

--- 迭代 232/5000 ---

--- 迭代 233/5000 ---

--- 迭代 234/5000 ---

--- 迭代 235/5000 ---

--- 迭代 236/5000 ---
  reach-avoid 成功率: 0.257
  value loss: 2989.452881
  policy loss: 0.099395

--- 迭代 237/5000 ---

--- 迭代 238/5000 ---

--- 迭代 239/5000 ---

--- 迭代 240/5000 ---

--- 迭代 241/5000 ---
  reach-avoid 成功率: 0.260
  value loss: 2953.444824
  policy loss: 0.099292

--- 迭代 242/5000 ---

--- 迭代 243/5000 ---

--- 迭代 244/5000 ---

--- 迭代 245/5000 ---

--- 迭代 246/5000 ---
  reach-avoid 成功率: 0.243
  value loss: 2950.033936
  policy loss: 0.103076

--- 迭代 247/5000 ---

--- 迭代 248/5000 ---

--- 迭代 249/5000 ---

--- 迭代 250/5000 ---

--- 迭代 251/5000 ---
  reach-avoid 成功率: 0.247
  value loss: 2924.762207
  policy loss: 0.106322

--- 迭代 252/5000 ---

--- 迭代 253/5000 ---

--- 迭代 254/5000 ---

--- 迭代 255/5000 ---

--- 迭代 256/5000 ---
  reach-avoid 成功率: 0.241
  value loss: 2909.436768
  policy loss: 0.101387

--- 迭代 257/5000 ---

--- 迭代 258/5000 ---

--- 迭代 259/5000 ---

--- 迭代 260/5000 ---

--- 迭代 261/5000 ---
  reach-avoid 成功率: 0.251
  value loss: 2983.067383
  policy loss: 0.102350

--- 迭代 262/5000 ---

--- 迭代 263/5000 ---

--- 迭代 264/5000 ---

--- 迭代 265/5000 ---

--- 迭代 266/5000 ---
  reach-avoid 成功率: 0.254
  value loss: 2985.981934
  policy loss: 0.099084

--- 迭代 267/5000 ---

--- 迭代 268/5000 ---

--- 迭代 269/5000 ---

--- 迭代 270/5000 ---

--- 迭代 271/5000 ---
  reach-avoid 成功率: 0.258
  value loss: 2953.532959
  policy loss: 0.098659

--- 迭代 272/5000 ---

--- 迭代 273/5000 ---

--- 迭代 274/5000 ---

--- 迭代 275/5000 ---

--- 迭代 276/5000 ---
  reach-avoid 成功率: 0.261
  value loss: 2930.095947
  policy loss: 0.097703

--- 迭代 277/5000 ---

--- 迭代 278/5000 ---

--- 迭代 279/5000 ---

--- 迭代 280/5000 ---

--- 迭代 281/5000 ---
  reach-avoid 成功率: 0.270
  value loss: 3033.669922
  policy loss: 0.103662

--- 迭代 282/5000 ---

--- 迭代 283/5000 ---

--- 迭代 284/5000 ---

--- 迭代 285/5000 ---

--- 迭代 286/5000 ---
  reach-avoid 成功率: 0.251
  value loss: 2933.037598
  policy loss: 0.102055

--- 迭代 287/5000 ---

--- 迭代 288/5000 ---

--- 迭代 289/5000 ---

--- 迭代 290/5000 ---

--- 迭代 291/5000 ---
  reach-avoid 成功率: 0.255
  value loss: 3009.635254
  policy loss: 0.100470

--- 迭代 292/5000 ---

--- 迭代 293/5000 ---

--- 迭代 294/5000 ---

--- 迭代 295/5000 ---

--- 迭代 296/5000 ---
  reach-avoid 成功率: 0.265
  value loss: 3054.613770
  policy loss: 0.100196

--- 迭代 297/5000 ---

--- 迭代 298/5000 ---

--- 迭代 299/5000 ---

--- 迭代 300/5000 ---

--- 迭代 301/5000 ---
  reach-avoid 成功率: 0.267
  value loss: 3007.477295
  policy loss: 0.099542

--- 迭代 302/5000 ---

--- 迭代 303/5000 ---

--- 迭代 304/5000 ---

--- 迭代 305/5000 ---

--- 迭代 306/5000 ---
  reach-avoid 成功率: 0.258
  value loss: 2890.782715
  policy loss: 0.100763

--- 迭代 307/5000 ---

--- 迭代 308/5000 ---

--- 迭代 309/5000 ---

--- 迭代 310/5000 ---

--- 迭代 311/5000 ---
  reach-avoid 成功率: 0.254
  value loss: 2892.876221
  policy loss: 0.101021

--- 迭代 312/5000 ---

--- 迭代 313/5000 ---

--- 迭代 314/5000 ---

--- 迭代 315/5000 ---

--- 迭代 316/5000 ---
  reach-avoid 成功率: 0.262
  value loss: 3041.611328
  policy loss: 0.100135

--- 迭代 317/5000 ---

--- 迭代 318/5000 ---

--- 迭代 319/5000 ---

--- 迭代 320/5000 ---

--- 迭代 321/5000 ---
  reach-avoid 成功率: 0.263
  value loss: 3006.248047
  policy loss: 0.099546

--- 迭代 322/5000 ---

--- 迭代 323/5000 ---

--- 迭代 324/5000 ---

--- 迭代 325/5000 ---

--- 迭代 326/5000 ---
  reach-avoid 成功率: 0.245
  value loss: 2932.037598
  policy loss: 0.098258

--- 迭代 327/5000 ---

--- 迭代 328/5000 ---

--- 迭代 329/5000 ---

--- 迭代 330/5000 ---

--- 迭代 331/5000 ---
  reach-avoid 成功率: 0.244
  value loss: 2972.426270
  policy loss: 0.101859

--- 迭代 332/5000 ---

--- 迭代 333/5000 ---

--- 迭代 334/5000 ---

--- 迭代 335/5000 ---

--- 迭代 336/5000 ---
  reach-avoid 成功率: 0.254
  value loss: 2958.592285
  policy loss: 0.100295

--- 迭代 337/5000 ---

--- 迭代 338/5000 ---

--- 迭代 339/5000 ---

--- 迭代 340/5000 ---

--- 迭代 341/5000 ---
  reach-avoid 成功率: 0.266
  value loss: 3140.619629
  policy loss: 0.103837

--- 迭代 342/5000 ---

--- 迭代 343/5000 ---

--- 迭代 344/5000 ---

--- 迭代 345/5000 ---

--- 迭代 346/5000 ---
  reach-avoid 成功率: 0.256
  value loss: 2936.746582
  policy loss: 0.099315

--- 迭代 347/5000 ---

--- 迭代 348/5000 ---

--- 迭代 349/5000 ---

--- 迭代 350/5000 ---

--- 迭代 351/5000 ---
  reach-avoid 成功率: 0.261
  value loss: 3027.107666
  policy loss: 0.102721

--- 迭代 352/5000 ---

--- 迭代 353/5000 ---

--- 迭代 354/5000 ---

--- 迭代 355/5000 ---

--- 迭代 356/5000 ---
  reach-avoid 成功率: 0.251
  value loss: 2881.751709
  policy loss: 0.098947

--- 迭代 357/5000 ---

--- 迭代 358/5000 ---

--- 迭代 359/5000 ---

--- 迭代 360/5000 ---

--- 迭代 361/5000 ---
  reach-avoid 成功率: 0.253
  value loss: 2979.100830
  policy loss: 0.100973

--- 迭代 362/5000 ---

--- 迭代 363/5000 ---

--- 迭代 364/5000 ---

--- 迭代 365/5000 ---

--- 迭代 366/5000 ---
  reach-avoid 成功率: 0.259
  value loss: 2930.919922
  policy loss: 0.098069

--- 迭代 367/5000 ---

--- 迭代 368/5000 ---

--- 迭代 369/5000 ---

--- 迭代 370/5000 ---

--- 迭代 371/5000 ---
  reach-avoid 成功率: 0.269
  value loss: 3024.068359
  policy loss: 0.099959

--- 迭代 372/5000 ---

--- 迭代 373/5000 ---

--- 迭代 374/5000 ---

--- 迭代 375/5000 ---

--- 迭代 376/5000 ---
  reach-avoid 成功率: 0.269
  value loss: 2986.815186
  policy loss: 0.100394

--- 迭代 377/5000 ---

--- 迭代 378/5000 ---

--- 迭代 379/5000 ---

--- 迭代 380/5000 ---

--- 迭代 381/5000 ---
  reach-avoid 成功率: 0.248
  value loss: 2905.059082
  policy loss: 0.099043

--- 迭代 382/5000 ---

--- 迭代 383/5000 ---

--- 迭代 384/5000 ---

--- 迭代 385/5000 ---

--- 迭代 386/5000 ---
  reach-avoid 成功率: 0.263
  value loss: 3023.391113
  policy loss: 0.103156

--- 迭代 387/5000 ---

--- 迭代 388/5000 ---

--- 迭代 389/5000 ---

--- 迭代 390/5000 ---

--- 迭代 391/5000 ---
  reach-avoid 成功率: 0.259
  value loss: 2978.797852
  policy loss: 0.100709

--- 迭代 392/5000 ---

--- 迭代 393/5000 ---

--- 迭代 394/5000 ---

--- 迭代 395/5000 ---

--- 迭代 396/5000 ---
  reach-avoid 成功率: 0.250
  value loss: 2959.382324
  policy loss: 0.099655

--- 迭代 397/5000 ---

--- 迭代 398/5000 ---

--- 迭代 399/5000 ---

--- 迭代 400/5000 ---

--- 迭代 401/5000 ---
  reach-avoid 成功率: 0.266
  value loss: 2967.911865
  policy loss: 0.099874

--- 迭代 402/5000 ---

--- 迭代 403/5000 ---

--- 迭代 404/5000 ---

--- 迭代 405/5000 ---

--- 迭代 406/5000 ---
  reach-avoid 成功率: 0.261
  value loss: 3005.113281
  policy loss: 0.100003

--- 迭代 407/5000 ---

--- 迭代 408/5000 ---

--- 迭代 409/5000 ---

--- 迭代 410/5000 ---

--- 迭代 411/5000 ---
  reach-avoid 成功率: 0.215
  value loss: 2213.873291
  policy loss: 0.090404

--- 迭代 412/5000 ---

--- 迭代 413/5000 ---

--- 迭代 414/5000 ---

--- 迭代 415/5000 ---

--- 迭代 416/5000 ---
  reach-avoid 成功率: 0.194
  value loss: 1985.878662
  policy loss: 0.080842

--- 迭代 417/5000 ---

--- 迭代 418/5000 ---

--- 迭代 419/5000 ---

--- 迭代 420/5000 ---

--- 迭代 421/5000 ---
  reach-avoid 成功率: 0.179
  value loss: 1799.092285
  policy loss: 0.092982

--- 迭代 422/5000 ---

--- 迭代 423/5000 ---

--- 迭代 424/5000 ---

--- 迭代 425/5000 ---

--- 迭代 426/5000 ---
  reach-avoid 成功率: 0.219
  value loss: 2217.765137
  policy loss: 0.090017

--- 迭代 427/5000 ---

--- 迭代 428/5000 ---

--- 迭代 429/5000 ---

--- 迭代 430/5000 ---

--- 迭代 431/5000 ---
  reach-avoid 成功率: 0.160
  value loss: 1457.656860
  policy loss: 0.087848

--- 迭代 432/5000 ---

--- 迭代 433/5000 ---

--- 迭代 434/5000 ---

--- 迭代 435/5000 ---

--- 迭代 436/5000 ---
  reach-avoid 成功率: 0.207
  value loss: 2194.421631
  policy loss: 0.085522

--- 迭代 437/5000 ---

--- 迭代 438/5000 ---

--- 迭代 439/5000 ---

--- 迭代 440/5000 ---

--- 迭代 441/5000 ---
  reach-avoid 成功率: 0.225
  value loss: 2260.697754
  policy loss: 0.087491

--- 迭代 442/5000 ---

--- 迭代 443/5000 ---

--- 迭代 444/5000 ---

--- 迭代 445/5000 ---

--- 迭代 446/5000 ---
  reach-avoid 成功率: 0.244
  value loss: 2301.640381
  policy loss: 0.092919

--- 迭代 447/5000 ---

--- 迭代 448/5000 ---

--- 迭代 449/5000 ---

--- 迭代 450/5000 ---

--- 迭代 451/5000 ---
  reach-avoid 成功率: 0.216
  value loss: 2169.490967
  policy loss: 0.087044

--- 迭代 452/5000 ---

--- 迭代 453/5000 ---

--- 迭代 454/5000 ---

--- 迭代 455/5000 ---

--- 迭代 456/5000 ---
  reach-avoid 成功率: 0.211
  value loss: 2199.057617
  policy loss: 0.084682

--- 迭代 457/5000 ---

--- 迭代 458/5000 ---

--- 迭代 459/5000 ---

--- 迭代 460/5000 ---

--- 迭代 461/5000 ---
  reach-avoid 成功率: 0.196
  value loss: 2121.776611
  policy loss: 0.084559

--- 迭代 462/5000 ---

--- 迭代 463/5000 ---

--- 迭代 464/5000 ---

--- 迭代 465/5000 ---

--- 迭代 466/5000 ---
  reach-avoid 成功率: 0.213
  value loss: 2215.275879
  policy loss: 0.084689

--- 迭代 467/5000 ---

--- 迭代 468/5000 ---

--- 迭代 469/5000 ---

--- 迭代 470/5000 ---

--- 迭代 471/5000 ---
  reach-avoid 成功率: 0.200
  value loss: 1994.541260
  policy loss: 0.080810

--- 迭代 472/5000 ---

--- 迭代 473/5000 ---

--- 迭代 474/5000 ---

--- 迭代 475/5000 ---

--- 迭代 476/5000 ---
  reach-avoid 成功率: 0.226
  value loss: 2295.886230
  policy loss: 0.088275

--- 迭代 477/5000 ---

--- 迭代 478/5000 ---

--- 迭代 479/5000 ---

--- 迭代 480/5000 ---

--- 迭代 481/5000 ---
  reach-avoid 成功率: 0.217
  value loss: 2173.151367
  policy loss: 0.086388

--- 迭代 482/5000 ---

--- 迭代 483/5000 ---

--- 迭代 484/5000 ---

--- 迭代 485/5000 ---

--- 迭代 486/5000 ---
  reach-avoid 成功率: 0.228
  value loss: 2275.950195
  policy loss: 0.090155

--- 迭代 487/5000 ---

--- 迭代 488/5000 ---

--- 迭代 489/5000 ---

--- 迭代 490/5000 ---

--- 迭代 491/5000 ---
  reach-avoid 成功率: 0.209
  value loss: 2122.765137
  policy loss: 0.084365

--- 迭代 492/5000 ---

--- 迭代 493/5000 ---

--- 迭代 494/5000 ---

--- 迭代 495/5000 ---

--- 迭代 496/5000 ---
  reach-avoid 成功率: 0.214
  value loss: 2158.141357
  policy loss: 0.085733

--- 迭代 497/5000 ---

--- 迭代 498/5000 ---

--- 迭代 499/5000 ---

--- 迭代 500/5000 ---

--- 迭代 501/5000 ---
  reach-avoid 成功率: 0.168
  value loss: 1529.490723
  policy loss: 0.078698
  模型已保存: logs/high_level_go2/20250928-102555/model_500.pt

--- 迭代 502/5000 ---

--- 迭代 503/5000 ---

--- 迭代 504/5000 ---

--- 迭代 505/5000 ---

--- 迭代 506/5000 ---
  reach-avoid 成功率: 0.221
  value loss: 2400.532471
  policy loss: 0.088333

--- 迭代 507/5000 ---

--- 迭代 508/5000 ---

--- 迭代 509/5000 ---

--- 迭代 510/5000 ---

--- 迭代 511/5000 ---
  reach-avoid 成功率: 0.217
  value loss: 2128.593506
  policy loss: 0.085499

--- 迭代 512/5000 ---

--- 迭代 513/5000 ---

--- 迭代 514/5000 ---

--- 迭代 515/5000 ---

--- 迭代 516/5000 ---
  reach-avoid 成功率: 0.213
  value loss: 2089.276367
  policy loss: 0.084652

--- 迭代 517/5000 ---

--- 迭代 518/5000 ---

--- 迭代 519/5000 ---

--- 迭代 520/5000 ---

--- 迭代 521/5000 ---
  reach-avoid 成功率: 0.220
  value loss: 1806.038696
  policy loss: 0.081040

--- 迭代 522/5000 ---

--- 迭代 523/5000 ---

--- 迭代 524/5000 ---

--- 迭代 525/5000 ---

--- 迭代 526/5000 ---
  reach-avoid 成功率: 0.224
  value loss: 2254.407959
  policy loss: 0.087023

--- 迭代 527/5000 ---

--- 迭代 528/5000 ---

--- 迭代 529/5000 ---

--- 迭代 530/5000 ---

--- 迭代 531/5000 ---
  reach-avoid 成功率: 0.217
  value loss: 2205.201416
  policy loss: 0.087060

--- 迭代 532/5000 ---

--- 迭代 533/5000 ---

--- 迭代 534/5000 ---

--- 迭代 535/5000 ---

--- 迭代 536/5000 ---
  reach-avoid 成功率: 0.212
  value loss: 2226.065430
  policy loss: 0.085965

--- 迭代 537/5000 ---

--- 迭代 538/5000 ---

--- 迭代 539/5000 ---

--- 迭代 540/5000 ---

--- 迭代 541/5000 ---
  reach-avoid 成功率: 0.214
  value loss: 2227.313965
  policy loss: 0.084982

--- 迭代 542/5000 ---

--- 迭代 543/5000 ---

--- 迭代 544/5000 ---

--- 迭代 545/5000 ---

--- 迭代 546/5000 ---
  reach-avoid 成功率: 0.228
  value loss: 2298.995605
  policy loss: 0.088939

--- 迭代 547/5000 ---

--- 迭代 548/5000 ---

--- 迭代 549/5000 ---

--- 迭代 550/5000 ---

--- 迭代 551/5000 ---
  reach-avoid 成功率: 0.222
  value loss: 2189.377441
  policy loss: 0.086489

--- 迭代 552/5000 ---

--- 迭代 553/5000 ---

--- 迭代 554/5000 ---

--- 迭代 555/5000 ---

--- 迭代 556/5000 ---
  reach-avoid 成功率: 0.206
  value loss: 2148.979248
  policy loss: 0.085760

--- 迭代 557/5000 ---

--- 迭代 558/5000 ---

--- 迭代 559/5000 ---

--- 迭代 560/5000 ---

--- 迭代 561/5000 ---
  reach-avoid 成功率: 0.202
  value loss: 1980.043213
  policy loss: 0.080548

--- 迭代 562/5000 ---

--- 迭代 563/5000 ---

--- 迭代 564/5000 ---

--- 迭代 565/5000 ---

--- 迭代 566/5000 ---
  reach-avoid 成功率: 0.190
  value loss: 1994.867310
  policy loss: 0.095920

--- 迭代 567/5000 ---

--- 迭代 568/5000 ---

--- 迭代 569/5000 ---

--- 迭代 570/5000 ---

--- 迭代 571/5000 ---
  reach-avoid 成功率: 0.211
  value loss: 2186.260498
  policy loss: 0.084373

--- 迭代 572/5000 ---

--- 迭代 573/5000 ---

--- 迭代 574/5000 ---

--- 迭代 575/5000 ---

--- 迭代 576/5000 ---
  reach-avoid 成功率: 0.217
  value loss: 2352.872070
  policy loss: 0.088510

--- 迭代 577/5000 ---

--- 迭代 578/5000 ---

--- 迭代 579/5000 ---

--- 迭代 580/5000 ---

--- 迭代 581/5000 ---
  reach-avoid 成功率: 0.199
  value loss: 2010.073853
  policy loss: 0.083292

--- 迭代 582/5000 ---

--- 迭代 583/5000 ---

--- 迭代 584/5000 ---

--- 迭代 585/5000 ---

--- 迭代 586/5000 ---
  reach-avoid 成功率: 0.213
  value loss: 2197.555420
  policy loss: 0.085456

--- 迭代 587/5000 ---

--- 迭代 588/5000 ---

--- 迭代 589/5000 ---

--- 迭代 590/5000 ---

--- 迭代 591/5000 ---
  reach-avoid 成功率: 0.208
  value loss: 2208.159424
  policy loss: 0.085857

--- 迭代 592/5000 ---

--- 迭代 593/5000 ---

--- 迭代 594/5000 ---

--- 迭代 595/5000 ---

--- 迭代 596/5000 ---
  reach-avoid 成功率: 0.166
  value loss: 1659.669434
  policy loss: 0.074475

--- 迭代 597/5000 ---

--- 迭代 598/5000 ---

--- 迭代 599/5000 ---

--- 迭代 600/5000 ---

--- 迭代 601/5000 ---
  reach-avoid 成功率: 0.224
  value loss: 2243.406982
  policy loss: 0.085986

--- 迭代 602/5000 ---

--- 迭代 603/5000 ---

--- 迭代 604/5000 ---

--- 迭代 605/5000 ---

--- 迭代 606/5000 ---
  reach-avoid 成功率: 0.221
  value loss: 2284.428223
  policy loss: 0.088431

--- 迭代 607/5000 ---

--- 迭代 608/5000 ---

--- 迭代 609/5000 ---

--- 迭代 610/5000 ---

--- 迭代 611/5000 ---
  reach-avoid 成功率: 0.202
  value loss: 2013.633423
  policy loss: 0.085913

--- 迭代 612/5000 ---

--- 迭代 613/5000 ---

--- 迭代 614/5000 ---

--- 迭代 615/5000 ---

--- 迭代 616/5000 ---
  reach-avoid 成功率: 0.217
  value loss: 2118.391113
  policy loss: 0.084688

--- 迭代 617/5000 ---

--- 迭代 618/5000 ---

--- 迭代 619/5000 ---

--- 迭代 620/5000 ---

--- 迭代 621/5000 ---
  reach-avoid 成功率: 0.204
  value loss: 2042.349365
  policy loss: 0.081445

--- 迭代 622/5000 ---

--- 迭代 623/5000 ---

--- 迭代 624/5000 ---

--- 迭代 625/5000 ---

--- 迭代 626/5000 ---
  reach-avoid 成功率: 0.210
  value loss: 2186.381104
  policy loss: 0.086145

--- 迭代 627/5000 ---

--- 迭代 628/5000 ---

--- 迭代 629/5000 ---

--- 迭代 630/5000 ---

--- 迭代 631/5000 ---
  reach-avoid 成功率: 0.210
  value loss: 2129.804443
  policy loss: 0.086672

--- 迭代 632/5000 ---

--- 迭代 633/5000 ---

--- 迭代 634/5000 ---

--- 迭代 635/5000 ---

--- 迭代 636/5000 ---
  reach-avoid 成功率: 0.209
  value loss: 2141.387939
  policy loss: 0.084250

--- 迭代 637/5000 ---

--- 迭代 638/5000 ---

--- 迭代 639/5000 ---

--- 迭代 640/5000 ---

--- 迭代 641/5000 ---
  reach-avoid 成功率: 0.214
  value loss: 2213.875000
  policy loss: 0.085700

--- 迭代 642/5000 ---

--- 迭代 643/5000 ---

--- 迭代 644/5000 ---

--- 迭代 645/5000 ---

--- 迭代 646/5000 ---
  reach-avoid 成功率: 0.167
  value loss: 1686.947266
  policy loss: 0.075210

--- 迭代 647/5000 ---

--- 迭代 648/5000 ---

--- 迭代 649/5000 ---

--- 迭代 650/5000 ---

--- 迭代 651/5000 ---
  reach-avoid 成功率: 0.229
  value loss: 2333.892090
  policy loss: 0.089082

--- 迭代 652/5000 ---

--- 迭代 653/5000 ---

--- 迭代 654/5000 ---

--- 迭代 655/5000 ---

--- 迭代 656/5000 ---
  reach-avoid 成功率: 0.223
  value loss: 2255.860107
  policy loss: 0.087265

--- 迭代 657/5000 ---

--- 迭代 658/5000 ---

--- 迭代 659/5000 ---

--- 迭代 660/5000 ---

--- 迭代 661/5000 ---
  reach-avoid 成功率: 0.178
  value loss: 2450.550049
  policy loss: 0.114498

--- 迭代 662/5000 ---

--- 迭代 663/5000 ---

--- 迭代 664/5000 ---

--- 迭代 665/5000 ---

--- 迭代 666/5000 ---
  reach-avoid 成功率: 0.215
  value loss: 2147.523193
  policy loss: 0.084141

--- 迭代 667/5000 ---

--- 迭代 668/5000 ---

--- 迭代 669/5000 ---

--- 迭代 670/5000 ---

--- 迭代 671/5000 ---
  reach-avoid 成功率: 0.217
  value loss: 2232.016846
  policy loss: 0.087664

--- 迭代 672/5000 ---

--- 迭代 673/5000 ---

--- 迭代 674/5000 ---

--- 迭代 675/5000 ---

--- 迭代 676/5000 ---
  reach-avoid 成功率: 0.220
  value loss: 2274.673584
  policy loss: 0.086197

--- 迭代 677/5000 ---

--- 迭代 678/5000 ---

--- 迭代 679/5000 ---

--- 迭代 680/5000 ---

--- 迭代 681/5000 ---
  reach-avoid 成功率: 0.212
  value loss: 2186.653564
  policy loss: 0.085735

--- 迭代 682/5000 ---

--- 迭代 683/5000 ---

--- 迭代 684/5000 ---

--- 迭代 685/5000 ---

--- 迭代 686/5000 ---
  reach-avoid 成功率: 0.220
  value loss: 2243.330566
  policy loss: 0.088721

--- 迭代 687/5000 ---

--- 迭代 688/5000 ---

--- 迭代 689/5000 ---

--- 迭代 690/5000 ---

--- 迭代 691/5000 ---
  reach-avoid 成功率: 0.230
  value loss: 2331.673828
  policy loss: 0.089809

--- 迭代 692/5000 ---

--- 迭代 693/5000 ---

--- 迭代 694/5000 ---

--- 迭代 695/5000 ---

--- 迭代 696/5000 ---
  reach-avoid 成功率: 0.202
  value loss: 2172.031006
  policy loss: 0.084355

--- 迭代 697/5000 ---

--- 迭代 698/5000 ---

--- 迭代 699/5000 ---

--- 迭代 700/5000 ---

--- 迭代 701/5000 ---
  reach-avoid 成功率: 0.209
  value loss: 2144.259766
  policy loss: 0.084318

--- 迭代 702/5000 ---

--- 迭代 703/5000 ---

--- 迭代 704/5000 ---

--- 迭代 705/5000 ---

--- 迭代 706/5000 ---
  reach-avoid 成功率: 0.209
  value loss: 2196.144531
  policy loss: 0.085589

--- 迭代 707/5000 ---

--- 迭代 708/5000 ---

--- 迭代 709/5000 ---

--- 迭代 710/5000 ---

--- 迭代 711/5000 ---
  reach-avoid 成功率: 0.215
  value loss: 2240.426758
  policy loss: 0.085096

--- 迭代 712/5000 ---

--- 迭代 713/5000 ---

--- 迭代 714/5000 ---

--- 迭代 715/5000 ---

--- 迭代 716/5000 ---
  reach-avoid 成功率: 0.210
  value loss: 2206.850586
  policy loss: 0.086787

--- 迭代 717/5000 ---

--- 迭代 718/5000 ---

--- 迭代 719/5000 ---

--- 迭代 720/5000 ---

--- 迭代 721/5000 ---
  reach-avoid 成功率: 0.215
  value loss: 2109.295898
  policy loss: 0.086333

--- 迭代 722/5000 ---

--- 迭代 723/5000 ---

--- 迭代 724/5000 ---

--- 迭代 725/5000 ---

--- 迭代 726/5000 ---
  reach-avoid 成功率: 0.220
  value loss: 2305.724854
  policy loss: 0.087583

--- 迭代 727/5000 ---

--- 迭代 728/5000 ---

--- 迭代 729/5000 ---

--- 迭代 730/5000 ---

--- 迭代 731/5000 ---
  reach-avoid 成功率: 0.191
  value loss: 1978.008789
  policy loss: 0.081364

--- 迭代 732/5000 ---

--- 迭代 733/5000 ---

--- 迭代 734/5000 ---

--- 迭代 735/5000 ---

--- 迭代 736/5000 ---
  reach-avoid 成功率: 0.234
  value loss: 2336.072510
  policy loss: 0.092012

--- 迭代 737/5000 ---

--- 迭代 738/5000 ---

--- 迭代 739/5000 ---

--- 迭代 740/5000 ---

--- 迭代 741/5000 ---
  reach-avoid 成功率: 0.208
  value loss: 2134.260010
  policy loss: 0.084056

--- 迭代 742/5000 ---

--- 迭代 743/5000 ---

--- 迭代 744/5000 ---

--- 迭代 745/5000 ---

--- 迭代 746/5000 ---
  reach-avoid 成功率: 0.204
  value loss: 2038.343750
  policy loss: 0.081936

--- 迭代 747/5000 ---

--- 迭代 748/5000 ---

--- 迭代 749/5000 ---

--- 迭代 750/5000 ---

--- 迭代 751/5000 ---
  reach-avoid 成功率: 0.203
  value loss: 2085.939941
  policy loss: 0.082541

--- 迭代 752/5000 ---

--- 迭代 753/5000 ---

--- 迭代 754/5000 ---

--- 迭代 755/5000 ---

--- 迭代 756/5000 ---
  reach-avoid 成功率: 0.221
  value loss: 2293.002197
  policy loss: 0.086953

--- 迭代 757/5000 ---

--- 迭代 758/5000 ---

--- 迭代 759/5000 ---

--- 迭代 760/5000 ---

--- 迭代 761/5000 ---
  reach-avoid 成功率: 0.209
  value loss: 2181.512207
  policy loss: 0.084215

--- 迭代 762/5000 ---

--- 迭代 763/5000 ---

--- 迭代 764/5000 ---

--- 迭代 765/5000 ---

--- 迭代 766/5000 ---
  reach-avoid 成功率: 0.178
  value loss: 2655.854248
  policy loss: 0.119374

--- 迭代 767/5000 ---

--- 迭代 768/5000 ---

--- 迭代 769/5000 ---

--- 迭代 770/5000 ---

--- 迭代 771/5000 ---
  reach-avoid 成功率: 0.227
  value loss: 2231.083252
  policy loss: 0.088571

--- 迭代 772/5000 ---

--- 迭代 773/5000 ---

--- 迭代 774/5000 ---

--- 迭代 775/5000 ---

--- 迭代 776/5000 ---
  reach-avoid 成功率: 0.205
  value loss: 2154.559326
  policy loss: 0.084067

--- 迭代 777/5000 ---

--- 迭代 778/5000 ---

--- 迭代 779/5000 ---

--- 迭代 780/5000 ---

--- 迭代 781/5000 ---
  reach-avoid 成功率: 0.208
  value loss: 2235.123047
  policy loss: 0.086681

--- 迭代 782/5000 ---

--- 迭代 783/5000 ---

--- 迭代 784/5000 ---

--- 迭代 785/5000 ---

--- 迭代 786/5000 ---
  reach-avoid 成功率: 0.212
  value loss: 2039.285767
  policy loss: 0.083949

--- 迭代 787/5000 ---

--- 迭代 788/5000 ---

--- 迭代 789/5000 ---

--- 迭代 790/5000 ---

--- 迭代 791/5000 ---
  reach-avoid 成功率: 0.212
  value loss: 2156.014648
  policy loss: 0.085347

--- 迭代 792/5000 ---

--- 迭代 793/5000 ---

--- 迭代 794/5000 ---

--- 迭代 795/5000 ---

--- 迭代 796/5000 ---
  reach-avoid 成功率: 0.224
  value loss: 2313.837646
  policy loss: 0.087426

--- 迭代 797/5000 ---

--- 迭代 798/5000 ---

--- 迭代 799/5000 ---

--- 迭代 800/5000 ---

--- 迭代 801/5000 ---
  reach-avoid 成功率: 0.212
  value loss: 2197.031006
  policy loss: 0.085906

--- 迭代 802/5000 ---

--- 迭代 803/5000 ---

--- 迭代 804/5000 ---

--- 迭代 805/5000 ---

--- 迭代 806/5000 ---
  reach-avoid 成功率: 0.206
  value loss: 2197.713623
  policy loss: 0.085306

--- 迭代 807/5000 ---

--- 迭代 808/5000 ---

--- 迭代 809/5000 ---

--- 迭代 810/5000 ---

--- 迭代 811/5000 ---
  reach-avoid 成功率: 0.182
  value loss: 1501.142212
  policy loss: 0.092924

--- 迭代 812/5000 ---

--- 迭代 813/5000 ---

--- 迭代 814/5000 ---

--- 迭代 815/5000 ---

--- 迭代 816/5000 ---
  reach-avoid 成功率: 0.211
  value loss: 2178.079346
  policy loss: 0.084876

--- 迭代 817/5000 ---

--- 迭代 818/5000 ---

--- 迭代 819/5000 ---

--- 迭代 820/5000 ---

--- 迭代 821/5000 ---
  reach-avoid 成功率: 0.217
  value loss: 2143.558105
  policy loss: 0.086219

--- 迭代 822/5000 ---

--- 迭代 823/5000 ---

--- 迭代 824/5000 ---

--- 迭代 825/5000 ---

--- 迭代 826/5000 ---
  reach-avoid 成功率: 0.223
  value loss: 2257.520020
  policy loss: 0.090167

--- 迭代 827/5000 ---

--- 迭代 828/5000 ---

--- 迭代 829/5000 ---

--- 迭代 830/5000 ---

--- 迭代 831/5000 ---
  reach-avoid 成功率: 0.218
  value loss: 2245.289795
  policy loss: 0.086286

--- 迭代 832/5000 ---

--- 迭代 833/5000 ---

--- 迭代 834/5000 ---

--- 迭代 835/5000 ---

--- 迭代 836/5000 ---
  reach-avoid 成功率: 0.201
  value loss: 2066.874512
  policy loss: 0.083584

--- 迭代 837/5000 ---

--- 迭代 838/5000 ---

--- 迭代 839/5000 ---

--- 迭代 840/5000 ---

--- 迭代 841/5000 ---
  reach-avoid 成功率: 0.222
  value loss: 2347.971680
  policy loss: 0.086830

--- 迭代 842/5000 ---

--- 迭代 843/5000 ---

--- 迭代 844/5000 ---

--- 迭代 845/5000 ---

--- 迭代 846/5000 ---
  reach-avoid 成功率: 0.216
  value loss: 2200.881836
  policy loss: 0.085212

--- 迭代 847/5000 ---

--- 迭代 848/5000 ---

--- 迭代 849/5000 ---

--- 迭代 850/5000 ---

--- 迭代 851/5000 ---
  reach-avoid 成功率: 0.211
  value loss: 2178.860352
  policy loss: 0.083784

--- 迭代 852/5000 ---

--- 迭代 853/5000 ---

--- 迭代 854/5000 ---

--- 迭代 855/5000 ---

--- 迭代 856/5000 ---
  reach-avoid 成功率: 0.150
  value loss: 1359.090210
  policy loss: 0.070018

--- 迭代 857/5000 ---

--- 迭代 858/5000 ---

--- 迭代 859/5000 ---

--- 迭代 860/5000 ---

--- 迭代 861/5000 ---
  reach-avoid 成功率: 0.217
  value loss: 2200.406250
  policy loss: 0.086680

--- 迭代 862/5000 ---

--- 迭代 863/5000 ---

--- 迭代 864/5000 ---

--- 迭代 865/5000 ---

--- 迭代 866/5000 ---
  reach-avoid 成功率: 0.199
  value loss: 2046.939453
  policy loss: 0.082865

--- 迭代 867/5000 ---

--- 迭代 868/5000 ---

--- 迭代 869/5000 ---

--- 迭代 870/5000 ---

--- 迭代 871/5000 ---
  reach-avoid 成功率: 0.198
  value loss: 1986.640747
  policy loss: 0.082155

--- 迭代 872/5000 ---

--- 迭代 873/5000 ---

--- 迭代 874/5000 ---

--- 迭代 875/5000 ---

--- 迭代 876/5000 ---
  reach-avoid 成功率: 0.222
  value loss: 2222.799561
  policy loss: 0.086793

--- 迭代 877/5000 ---

--- 迭代 878/5000 ---

--- 迭代 879/5000 ---

--- 迭代 880/5000 ---

--- 迭代 881/5000 ---
  reach-avoid 成功率: 0.184
  value loss: 1920.163330
  policy loss: 0.082069

--- 迭代 882/5000 ---

--- 迭代 883/5000 ---

--- 迭代 884/5000 ---

--- 迭代 885/5000 ---

--- 迭代 886/5000 ---
  reach-avoid 成功率: 0.209
  value loss: 2156.437500
  policy loss: 0.083837

--- 迭代 887/5000 ---

--- 迭代 888/5000 ---

--- 迭代 889/5000 ---

--- 迭代 890/5000 ---

--- 迭代 891/5000 ---
  reach-avoid 成功率: 0.222
  value loss: 2271.496826
  policy loss: 0.088309

--- 迭代 892/5000 ---

--- 迭代 893/5000 ---

--- 迭代 894/5000 ---

--- 迭代 895/5000 ---

--- 迭代 896/5000 ---
  reach-avoid 成功率: 0.218
  value loss: 2209.995850
  policy loss: 0.086874

--- 迭代 897/5000 ---

--- 迭代 898/5000 ---

--- 迭代 899/5000 ---

--- 迭代 900/5000 ---

--- 迭代 901/5000 ---
  reach-avoid 成功率: 0.198
  value loss: 2159.618896
  policy loss: 0.084744

--- 迭代 902/5000 ---

--- 迭代 903/5000 ---

--- 迭代 904/5000 ---

--- 迭代 905/5000 ---

--- 迭代 906/5000 ---
  reach-avoid 成功率: 0.154
  value loss: 1605.765259
  policy loss: 0.088019

--- 迭代 907/5000 ---

--- 迭代 908/5000 ---

--- 迭代 909/5000 ---

--- 迭代 910/5000 ---

--- 迭代 911/5000 ---
  reach-avoid 成功率: 0.222
  value loss: 2147.195068
  policy loss: 0.087432

--- 迭代 912/5000 ---

--- 迭代 913/5000 ---

--- 迭代 914/5000 ---

--- 迭代 915/5000 ---

--- 迭代 916/5000 ---
  reach-avoid 成功率: 0.212
  value loss: 2073.212402
  policy loss: 0.084175

--- 迭代 917/5000 ---

--- 迭代 918/5000 ---

--- 迭代 919/5000 ---

--- 迭代 920/5000 ---

--- 迭代 921/5000 ---
  reach-avoid 成功率: 0.177
  value loss: 1499.827393
  policy loss: 0.090656

--- 迭代 922/5000 ---

--- 迭代 923/5000 ---

--- 迭代 924/5000 ---

--- 迭代 925/5000 ---

--- 迭代 926/5000 ---
  reach-avoid 成功率: 0.206
  value loss: 2160.079102
  policy loss: 0.085809

--- 迭代 927/5000 ---

--- 迭代 928/5000 ---

--- 迭代 929/5000 ---

--- 迭代 930/5000 ---

--- 迭代 931/5000 ---
  reach-avoid 成功率: 0.194
  value loss: 2022.114258
  policy loss: 0.083303

--- 迭代 932/5000 ---

--- 迭代 933/5000 ---

--- 迭代 934/5000 ---

--- 迭代 935/5000 ---

--- 迭代 936/5000 ---
  reach-avoid 成功率: 0.210
  value loss: 2164.454590
  policy loss: 0.084293

--- 迭代 937/5000 ---

--- 迭代 938/5000 ---

--- 迭代 939/5000 ---

--- 迭代 940/5000 ---

--- 迭代 941/5000 ---
  reach-avoid 成功率: 0.213
  value loss: 2170.892822
  policy loss: 0.086771

--- 迭代 942/5000 ---

--- 迭代 943/5000 ---

--- 迭代 944/5000 ---

--- 迭代 945/5000 ---

--- 迭代 946/5000 ---
  reach-avoid 成功率: 0.218
  value loss: 2227.769531
  policy loss: 0.087069

--- 迭代 947/5000 ---

--- 迭代 948/5000 ---

--- 迭代 949/5000 ---

--- 迭代 950/5000 ---

--- 迭代 951/5000 ---
  reach-avoid 成功率: 0.226
  value loss: 2309.533936
  policy loss: 0.086910

--- 迭代 952/5000 ---

--- 迭代 953/5000 ---

--- 迭代 954/5000 ---

--- 迭代 955/5000 ---

--- 迭代 956/5000 ---
  reach-avoid 成功率: 0.215
  value loss: 2210.141846
  policy loss: 0.087555

--- 迭代 957/5000 ---

--- 迭代 958/5000 ---

--- 迭代 959/5000 ---

--- 迭代 960/5000 ---

--- 迭代 961/5000 ---
  reach-avoid 成功率: 0.233
  value loss: 2267.751709
  policy loss: 0.091574

--- 迭代 962/5000 ---

--- 迭代 963/5000 ---

--- 迭代 964/5000 ---

--- 迭代 965/5000 ---

--- 迭代 966/5000 ---
  reach-avoid 成功率: 0.211
  value loss: 2158.020020
  policy loss: 0.083896

--- 迭代 967/5000 ---

--- 迭代 968/5000 ---

--- 迭代 969/5000 ---

--- 迭代 970/5000 ---

--- 迭代 971/5000 ---
  reach-avoid 成功率: 0.219
  value loss: 2285.800049
  policy loss: 0.087230

--- 迭代 972/5000 ---

--- 迭代 973/5000 ---

--- 迭代 974/5000 ---

--- 迭代 975/5000 ---

--- 迭代 976/5000 ---
  reach-avoid 成功率: 0.210
  value loss: 2195.038086
  policy loss: 0.085089

--- 迭代 977/5000 ---

--- 迭代 978/5000 ---

--- 迭代 979/5000 ---

--- 迭代 980/5000 ---

--- 迭代 981/5000 ---
  reach-avoid 成功率: 0.214
  value loss: 2245.466309
  policy loss: 0.086311

--- 迭代 982/5000 ---

--- 迭代 983/5000 ---

--- 迭代 984/5000 ---

--- 迭代 985/5000 ---

--- 迭代 986/5000 ---
  reach-avoid 成功率: 0.207
  value loss: 2204.248047
  policy loss: 0.084675

--- 迭代 987/5000 ---

--- 迭代 988/5000 ---

--- 迭代 989/5000 ---

--- 迭代 990/5000 ---

--- 迭代 991/5000 ---
  reach-avoid 成功率: 0.203
  value loss: 2006.614746
  policy loss: 0.082784

--- 迭代 992/5000 ---

--- 迭代 993/5000 ---

--- 迭代 994/5000 ---

--- 迭代 995/5000 ---

--- 迭代 996/5000 ---
  reach-avoid 成功率: 0.207
  value loss: 2116.898926
  policy loss: 0.083776

--- 迭代 997/5000 ---

--- 迭代 998/5000 ---

--- 迭代 999/5000 ---

--- 迭代 1000/5000 ---

--- 迭代 1001/5000 ---
  reach-avoid 成功率: 0.210
  value loss: 2162.789062
  policy loss: 0.085485
  模型已保存: logs/high_level_go2/20250928-102555/model_1000.pt

--- 迭代 1002/5000 ---

--- 迭代 1003/5000 ---

--- 迭代 1004/5000 ---

--- 迭代 1005/5000 ---

--- 迭代 1006/5000 ---
  reach-avoid 成功率: 0.212
  value loss: 2215.905273
  policy loss: 0.085308

--- 迭代 1007/5000 ---

--- 迭代 1008/5000 ---

--- 迭代 1009/5000 ---

--- 迭代 1010/5000 ---

--- 迭代 1011/5000 ---
  reach-avoid 成功率: 0.192
  value loss: 2043.114502
  policy loss: 0.082482

--- 迭代 1012/5000 ---

--- 迭代 1013/5000 ---

--- 迭代 1014/5000 ---

--- 迭代 1015/5000 ---

--- 迭代 1016/5000 ---
  reach-avoid 成功率: 0.209
  value loss: 2097.585205
  policy loss: 0.085136

--- 迭代 1017/5000 ---

--- 迭代 1018/5000 ---

--- 迭代 1019/5000 ---

--- 迭代 1020/5000 ---

--- 迭代 1021/5000 ---
  reach-avoid 成功率: 0.218
  value loss: 2155.309570
  policy loss: 0.084574

--- 迭代 1022/5000 ---

--- 迭代 1023/5000 ---

--- 迭代 1024/5000 ---

--- 迭代 1025/5000 ---

--- 迭代 1026/5000 ---
  reach-avoid 成功率: 0.214
  value loss: 2204.259521
  policy loss: 0.085364

--- 迭代 1027/5000 ---

--- 迭代 1028/5000 ---

--- 迭代 1029/5000 ---

--- 迭代 1030/5000 ---

--- 迭代 1031/5000 ---
  reach-avoid 成功率: 0.216
  value loss: 2290.935547
  policy loss: 0.086777

--- 迭代 1032/5000 ---

--- 迭代 1033/5000 ---

--- 迭代 1034/5000 ---

--- 迭代 1035/5000 ---

--- 迭代 1036/5000 ---
  reach-avoid 成功率: 0.206
  value loss: 2160.702881
  policy loss: 0.099259

--- 迭代 1037/5000 ---

--- 迭代 1038/5000 ---

--- 迭代 1039/5000 ---

--- 迭代 1040/5000 ---

--- 迭代 1041/5000 ---
  reach-avoid 成功率: 0.205
  value loss: 2030.001221
  policy loss: 0.081788

--- 迭代 1042/5000 ---

--- 迭代 1043/5000 ---

--- 迭代 1044/5000 ---

--- 迭代 1045/5000 ---

--- 迭代 1046/5000 ---
  reach-avoid 成功率: 0.201
  value loss: 2156.104980
  policy loss: 0.084518

--- 迭代 1047/5000 ---

--- 迭代 1048/5000 ---

--- 迭代 1049/5000 ---

--- 迭代 1050/5000 ---

--- 迭代 1051/5000 ---
  reach-avoid 成功率: 0.267
  value loss: 2523.706787
  policy loss: 0.107561

--- 迭代 1052/5000 ---

--- 迭代 1053/5000 ---

--- 迭代 1054/5000 ---

--- 迭代 1055/5000 ---

--- 迭代 1056/5000 ---
  reach-avoid 成功率: 0.209
  value loss: 2159.317139
  policy loss: 0.084423

--- 迭代 1057/5000 ---

--- 迭代 1058/5000 ---

--- 迭代 1059/5000 ---

--- 迭代 1060/5000 ---

--- 迭代 1061/5000 ---
  reach-avoid 成功率: 0.206
  value loss: 2212.757568
  policy loss: 0.087427

--- 迭代 1062/5000 ---

--- 迭代 1063/5000 ---

--- 迭代 1064/5000 ---

--- 迭代 1065/5000 ---

--- 迭代 1066/5000 ---
  reach-avoid 成功率: 0.214
  value loss: 2266.588379
  policy loss: 0.086768

--- 迭代 1067/5000 ---

--- 迭代 1068/5000 ---

--- 迭代 1069/5000 ---

--- 迭代 1070/5000 ---

--- 迭代 1071/5000 ---
  reach-avoid 成功率: 0.198
  value loss: 2104.719482
  policy loss: 0.083173

--- 迭代 1072/5000 ---

--- 迭代 1073/5000 ---

--- 迭代 1074/5000 ---

--- 迭代 1075/5000 ---

--- 迭代 1076/5000 ---
  reach-avoid 成功率: 0.222
  value loss: 2334.460449
  policy loss: 0.087898

--- 迭代 1077/5000 ---

--- 迭代 1078/5000 ---

--- 迭代 1079/5000 ---

--- 迭代 1080/5000 ---

--- 迭代 1081/5000 ---
  reach-avoid 成功率: 0.220
  value loss: 2293.232910
  policy loss: 0.086975

--- 迭代 1082/5000 ---

--- 迭代 1083/5000 ---

--- 迭代 1084/5000 ---

--- 迭代 1085/5000 ---

--- 迭代 1086/5000 ---
  reach-avoid 成功率: 0.237
  value loss: 2358.791016
  policy loss: 0.089056

--- 迭代 1087/5000 ---

--- 迭代 1088/5000 ---

--- 迭代 1089/5000 ---

--- 迭代 1090/5000 ---

--- 迭代 1091/5000 ---
  reach-avoid 成功率: 0.211
  value loss: 2275.248779
  policy loss: 0.086493

--- 迭代 1092/5000 ---

--- 迭代 1093/5000 ---

--- 迭代 1094/5000 ---

--- 迭代 1095/5000 ---

--- 迭代 1096/5000 ---
  reach-avoid 成功率: 0.203
  value loss: 2223.025635
  policy loss: 0.084862

--- 迭代 1097/5000 ---

--- 迭代 1098/5000 ---

--- 迭代 1099/5000 ---

--- 迭代 1100/5000 ---

--- 迭代 1101/5000 ---
  reach-avoid 成功率: 0.202
  value loss: 2186.074219
  policy loss: 0.085073

--- 迭代 1102/5000 ---

--- 迭代 1103/5000 ---

--- 迭代 1104/5000 ---

--- 迭代 1105/5000 ---

--- 迭代 1106/5000 ---
  reach-avoid 成功率: 0.208
  value loss: 2111.985596
  policy loss: 0.084093

--- 迭代 1107/5000 ---

--- 迭代 1108/5000 ---

--- 迭代 1109/5000 ---

--- 迭代 1110/5000 ---

--- 迭代 1111/5000 ---
  reach-avoid 成功率: 0.169
  value loss: 1574.098633
  policy loss: 0.072878

--- 迭代 1112/5000 ---

--- 迭代 1113/5000 ---

--- 迭代 1114/5000 ---

--- 迭代 1115/5000 ---

--- 迭代 1116/5000 ---
  reach-avoid 成功率: 0.207
  value loss: 2153.021240
  policy loss: 0.086165

--- 迭代 1117/5000 ---

--- 迭代 1118/5000 ---

--- 迭代 1119/5000 ---

--- 迭代 1120/5000 ---

--- 迭代 1121/5000 ---
  reach-avoid 成功率: 0.203
  value loss: 2114.876953
  policy loss: 0.083741

--- 迭代 1122/5000 ---

--- 迭代 1123/5000 ---

--- 迭代 1124/5000 ---

--- 迭代 1125/5000 ---

--- 迭代 1126/5000 ---
  reach-avoid 成功率: 0.220
  value loss: 2252.780762
  policy loss: 0.085738

--- 迭代 1127/5000 ---

--- 迭代 1128/5000 ---

--- 迭代 1129/5000 ---

--- 迭代 1130/5000 ---

--- 迭代 1131/5000 ---
  reach-avoid 成功率: 0.214
  value loss: 2317.791748
  policy loss: 0.087208

--- 迭代 1132/5000 ---

--- 迭代 1133/5000 ---

--- 迭代 1134/5000 ---

--- 迭代 1135/5000 ---

--- 迭代 1136/5000 ---
  reach-avoid 成功率: 0.237
  value loss: 2278.569336
  policy loss: 0.090047

--- 迭代 1137/5000 ---

--- 迭代 1138/5000 ---

--- 迭代 1139/5000 ---

--- 迭代 1140/5000 ---

--- 迭代 1141/5000 ---
  reach-avoid 成功率: 0.220
  value loss: 2251.588379
  policy loss: 0.087367

--- 迭代 1142/5000 ---

--- 迭代 1143/5000 ---

--- 迭代 1144/5000 ---

--- 迭代 1145/5000 ---

--- 迭代 1146/5000 ---
  reach-avoid 成功率: 0.215
  value loss: 2241.004883
  policy loss: 0.085330

--- 迭代 1147/5000 ---

--- 迭代 1148/5000 ---

--- 迭代 1149/5000 ---

--- 迭代 1150/5000 ---

--- 迭代 1151/5000 ---
  reach-avoid 成功率: 0.232
  value loss: 2171.591064
  policy loss: 0.089139

--- 迭代 1152/5000 ---

--- 迭代 1153/5000 ---

--- 迭代 1154/5000 ---

--- 迭代 1155/5000 ---

--- 迭代 1156/5000 ---
  reach-avoid 成功率: 0.209
  value loss: 2130.447754
  policy loss: 0.083310

--- 迭代 1157/5000 ---

--- 迭代 1158/5000 ---

--- 迭代 1159/5000 ---

--- 迭代 1160/5000 ---

--- 迭代 1161/5000 ---
  reach-avoid 成功率: 0.220
  value loss: 2233.485596
  policy loss: 0.086697

--- 迭代 1162/5000 ---

--- 迭代 1163/5000 ---

--- 迭代 1164/5000 ---

--- 迭代 1165/5000 ---

--- 迭代 1166/5000 ---
  reach-avoid 成功率: 0.197
  value loss: 2231.833740
  policy loss: 0.086389

--- 迭代 1167/5000 ---

--- 迭代 1168/5000 ---

--- 迭代 1169/5000 ---

--- 迭代 1170/5000 ---

--- 迭代 1171/5000 ---
  reach-avoid 成功率: 0.225
  value loss: 2264.917969
  policy loss: 0.088428

--- 迭代 1172/5000 ---

--- 迭代 1173/5000 ---

--- 迭代 1174/5000 ---

--- 迭代 1175/5000 ---

--- 迭代 1176/5000 ---
  reach-avoid 成功率: 0.204
  value loss: 2127.051514
  policy loss: 0.085092

--- 迭代 1177/5000 ---

--- 迭代 1178/5000 ---

--- 迭代 1179/5000 ---

--- 迭代 1180/5000 ---

--- 迭代 1181/5000 ---
  reach-avoid 成功率: 0.222
  value loss: 2165.618408
  policy loss: 0.085773

--- 迭代 1182/5000 ---

--- 迭代 1183/5000 ---

--- 迭代 1184/5000 ---

--- 迭代 1185/5000 ---

--- 迭代 1186/5000 ---
  reach-avoid 成功率: 0.216
  value loss: 2138.077637
  policy loss: 0.088144

--- 迭代 1187/5000 ---

--- 迭代 1188/5000 ---

--- 迭代 1189/5000 ---

--- 迭代 1190/5000 ---

--- 迭代 1191/5000 ---
  reach-avoid 成功率: 0.208
  value loss: 2096.010742
  policy loss: 0.084520

--- 迭代 1192/5000 ---

--- 迭代 1193/5000 ---

--- 迭代 1194/5000 ---

--- 迭代 1195/5000 ---

--- 迭代 1196/5000 ---
  reach-avoid 成功率: 0.191
  value loss: 1999.908203
  policy loss: 0.082399

--- 迭代 1197/5000 ---

--- 迭代 1198/5000 ---

--- 迭代 1199/5000 ---

--- 迭代 1200/5000 ---

--- 迭代 1201/5000 ---
  reach-avoid 成功率: 0.212
  value loss: 2207.246826
  policy loss: 0.084917

--- 迭代 1202/5000 ---

--- 迭代 1203/5000 ---

--- 迭代 1204/5000 ---

--- 迭代 1205/5000 ---

--- 迭代 1206/5000 ---
  reach-avoid 成功率: 0.207
  value loss: 2191.261719
  policy loss: 0.084787

--- 迭代 1207/5000 ---

--- 迭代 1208/5000 ---

--- 迭代 1209/5000 ---

--- 迭代 1210/5000 ---

--- 迭代 1211/5000 ---
  reach-avoid 成功率: 0.217
  value loss: 2184.071045
  policy loss: 0.085719

--- 迭代 1212/5000 ---

--- 迭代 1213/5000 ---

--- 迭代 1214/5000 ---

--- 迭代 1215/5000 ---

--- 迭代 1216/5000 ---
  reach-avoid 成功率: 0.215
  value loss: 2265.589111
  policy loss: 0.087352

--- 迭代 1217/5000 ---

--- 迭代 1218/5000 ---

--- 迭代 1219/5000 ---

--- 迭代 1220/5000 ---

--- 迭代 1221/5000 ---
  reach-avoid 成功率: 0.206
  value loss: 2127.663818
  policy loss: 0.083841

--- 迭代 1222/5000 ---

--- 迭代 1223/5000 ---

--- 迭代 1224/5000 ---

--- 迭代 1225/5000 ---

--- 迭代 1226/5000 ---
  reach-avoid 成功率: 0.214
  value loss: 2224.121094
  policy loss: 0.092548

--- 迭代 1227/5000 ---

--- 迭代 1228/5000 ---

--- 迭代 1229/5000 ---

--- 迭代 1230/5000 ---

--- 迭代 1231/5000 ---
  reach-avoid 成功率: 0.208
  value loss: 2119.694336
  policy loss: 0.084280

--- 迭代 1232/5000 ---

--- 迭代 1233/5000 ---

--- 迭代 1234/5000 ---

--- 迭代 1235/5000 ---

--- 迭代 1236/5000 ---
  reach-avoid 成功率: 0.222
  value loss: 2287.789551
  policy loss: 0.086938

--- 迭代 1237/5000 ---

--- 迭代 1238/5000 ---

--- 迭代 1239/5000 ---

--- 迭代 1240/5000 ---

--- 迭代 1241/5000 ---
  reach-avoid 成功率: 0.219
  value loss: 2167.288574
  policy loss: 0.084618

--- 迭代 1242/5000 ---

--- 迭代 1243/5000 ---

--- 迭代 1244/5000 ---

--- 迭代 1245/5000 ---

--- 迭代 1246/5000 ---
  reach-avoid 成功率: 0.194
  value loss: 1855.512817
  policy loss: 0.096377

--- 迭代 1247/5000 ---

--- 迭代 1248/5000 ---

--- 迭代 1249/5000 ---

--- 迭代 1250/5000 ---

--- 迭代 1251/5000 ---
  reach-avoid 成功率: 0.200
  value loss: 2105.240967
  policy loss: 0.083244

--- 迭代 1252/5000 ---

--- 迭代 1253/5000 ---

--- 迭代 1254/5000 ---

--- 迭代 1255/5000 ---

--- 迭代 1256/5000 ---
  reach-avoid 成功率: 0.195
  value loss: 1676.855957
  policy loss: 0.084463

--- 迭代 1257/5000 ---

--- 迭代 1258/5000 ---

--- 迭代 1259/5000 ---

--- 迭代 1260/5000 ---

--- 迭代 1261/5000 ---
  reach-avoid 成功率: 0.199
  value loss: 2036.955811
  policy loss: 0.085765

--- 迭代 1262/5000 ---

--- 迭代 1263/5000 ---

--- 迭代 1264/5000 ---

--- 迭代 1265/5000 ---

--- 迭代 1266/5000 ---
  reach-avoid 成功率: 0.207
  value loss: 2147.673096
  policy loss: 0.084041

--- 迭代 1267/5000 ---

--- 迭代 1268/5000 ---

--- 迭代 1269/5000 ---

--- 迭代 1270/5000 ---

--- 迭代 1271/5000 ---
  reach-avoid 成功率: 0.224
  value loss: 2128.824463
  policy loss: 0.085516

--- 迭代 1272/5000 ---

--- 迭代 1273/5000 ---

--- 迭代 1274/5000 ---

--- 迭代 1275/5000 ---

--- 迭代 1276/5000 ---
  reach-avoid 成功率: 0.214
  value loss: 2160.546631
  policy loss: 0.084923

--- 迭代 1277/5000 ---

--- 迭代 1278/5000 ---

--- 迭代 1279/5000 ---

--- 迭代 1280/5000 ---

--- 迭代 1281/5000 ---
  reach-avoid 成功率: 0.229
  value loss: 2308.756592
  policy loss: 0.089283

--- 迭代 1282/5000 ---

--- 迭代 1283/5000 ---

--- 迭代 1284/5000 ---

--- 迭代 1285/5000 ---

--- 迭代 1286/5000 ---
  reach-avoid 成功率: 0.223
  value loss: 2268.748779
  policy loss: 0.087327

--- 迭代 1287/5000 ---

--- 迭代 1288/5000 ---

--- 迭代 1289/5000 ---

--- 迭代 1290/5000 ---

--- 迭代 1291/5000 ---
  reach-avoid 成功率: 0.209
  value loss: 2129.059082
  policy loss: 0.085104

--- 迭代 1292/5000 ---

--- 迭代 1293/5000 ---

--- 迭代 1294/5000 ---

--- 迭代 1295/5000 ---

--- 迭代 1296/5000 ---
  reach-avoid 成功率: 0.214
  value loss: 2169.548828
  policy loss: 0.086559

--- 迭代 1297/5000 ---

--- 迭代 1298/5000 ---

--- 迭代 1299/5000 ---

--- 迭代 1300/5000 ---

--- 迭代 1301/5000 ---
  reach-avoid 成功率: 0.216
  value loss: 2222.427490
  policy loss: 0.086935

--- 迭代 1302/5000 ---

--- 迭代 1303/5000 ---

--- 迭代 1304/5000 ---

--- 迭代 1305/5000 ---

--- 迭代 1306/5000 ---
  reach-avoid 成功率: 0.189
  value loss: 2922.787354
  policy loss: 0.125300

--- 迭代 1307/5000 ---

--- 迭代 1308/5000 ---

--- 迭代 1309/5000 ---

--- 迭代 1310/5000 ---

--- 迭代 1311/5000 ---
  reach-avoid 成功率: 0.183
  value loss: 2763.803223
  policy loss: 0.114514

--- 迭代 1312/5000 ---

--- 迭代 1313/5000 ---

--- 迭代 1314/5000 ---

--- 迭代 1315/5000 ---

--- 迭代 1316/5000 ---
  reach-avoid 成功率: 0.222
  value loss: 2248.420410
  policy loss: 0.087001

--- 迭代 1317/5000 ---

--- 迭代 1318/5000 ---

--- 迭代 1319/5000 ---

--- 迭代 1320/5000 ---

--- 迭代 1321/5000 ---
  reach-avoid 成功率: 0.216
  value loss: 2133.201172
  policy loss: 0.085247

--- 迭代 1322/5000 ---

--- 迭代 1323/5000 ---

--- 迭代 1324/5000 ---

--- 迭代 1325/5000 ---

--- 迭代 1326/5000 ---
  reach-avoid 成功率: 0.208
  value loss: 2132.213867
  policy loss: 0.083206

--- 迭代 1327/5000 ---

--- 迭代 1328/5000 ---

--- 迭代 1329/5000 ---

--- 迭代 1330/5000 ---

--- 迭代 1331/5000 ---
  reach-avoid 成功率: 0.237
  value loss: 2306.536377
  policy loss: 0.091587

--- 迭代 1332/5000 ---

--- 迭代 1333/5000 ---

--- 迭代 1334/5000 ---

--- 迭代 1335/5000 ---

--- 迭代 1336/5000 ---
  reach-avoid 成功率: 0.229
  value loss: 2343.156982
  policy loss: 0.087947

--- 迭代 1337/5000 ---

--- 迭代 1338/5000 ---

--- 迭代 1339/5000 ---

--- 迭代 1340/5000 ---

--- 迭代 1341/5000 ---
  reach-avoid 成功率: 0.200
  value loss: 2045.802002
  policy loss: 0.083147

--- 迭代 1342/5000 ---

--- 迭代 1343/5000 ---

--- 迭代 1344/5000 ---

--- 迭代 1345/5000 ---

--- 迭代 1346/5000 ---
  reach-avoid 成功率: 0.225
  value loss: 2278.960938
  policy loss: 0.089233

--- 迭代 1347/5000 ---

--- 迭代 1348/5000 ---

--- 迭代 1349/5000 ---

--- 迭代 1350/5000 ---

--- 迭代 1351/5000 ---
  reach-avoid 成功率: 0.222
  value loss: 2246.958984
  policy loss: 0.085888

--- 迭代 1352/5000 ---

--- 迭代 1353/5000 ---

--- 迭代 1354/5000 ---

--- 迭代 1355/5000 ---

--- 迭代 1356/5000 ---
  reach-avoid 成功率: 0.216
  value loss: 2151.315430
  policy loss: 0.084701

--- 迭代 1357/5000 ---

--- 迭代 1358/5000 ---

--- 迭代 1359/5000 ---

--- 迭代 1360/5000 ---

--- 迭代 1361/5000 ---
  reach-avoid 成功率: 0.219
  value loss: 2265.537109
  policy loss: 0.086450

--- 迭代 1362/5000 ---

--- 迭代 1363/5000 ---

--- 迭代 1364/5000 ---

--- 迭代 1365/5000 ---

--- 迭代 1366/5000 ---
  reach-avoid 成功率: 0.238
  value loss: 2356.794922
  policy loss: 0.090673

--- 迭代 1367/5000 ---

--- 迭代 1368/5000 ---

--- 迭代 1369/5000 ---

--- 迭代 1370/5000 ---

--- 迭代 1371/5000 ---
  reach-avoid 成功率: 0.224
  value loss: 2229.118164
  policy loss: 0.087066

--- 迭代 1372/5000 ---

--- 迭代 1373/5000 ---

--- 迭代 1374/5000 ---

--- 迭代 1375/5000 ---

--- 迭代 1376/5000 ---
  reach-avoid 成功率: 0.215
  value loss: 2152.527832
  policy loss: 0.086102

--- 迭代 1377/5000 ---

--- 迭代 1378/5000 ---

--- 迭代 1379/5000 ---

--- 迭代 1380/5000 ---

--- 迭代 1381/5000 ---
  reach-avoid 成功率: 0.217
  value loss: 2177.238525
  policy loss: 0.086185

--- 迭代 1382/5000 ---

--- 迭代 1383/5000 ---

--- 迭代 1384/5000 ---

--- 迭代 1385/5000 ---

--- 迭代 1386/5000 ---
  reach-avoid 成功率: 0.215
  value loss: 2213.270508
  policy loss: 0.086392

--- 迭代 1387/5000 ---

--- 迭代 1388/5000 ---

--- 迭代 1389/5000 ---

--- 迭代 1390/5000 ---

--- 迭代 1391/5000 ---
  reach-avoid 成功率: 0.203
  value loss: 2149.952393
  policy loss: 0.083545

--- 迭代 1392/5000 ---

--- 迭代 1393/5000 ---

--- 迭代 1394/5000 ---

--- 迭代 1395/5000 ---

--- 迭代 1396/5000 ---
  reach-avoid 成功率: 0.213
  value loss: 2074.870605
  policy loss: 0.083534

--- 迭代 1397/5000 ---

--- 迭代 1398/5000 ---

--- 迭代 1399/5000 ---

--- 迭代 1400/5000 ---

--- 迭代 1401/5000 ---
  reach-avoid 成功率: 0.210
  value loss: 2189.474609
  policy loss: 0.086688

--- 迭代 1402/5000 ---

--- 迭代 1403/5000 ---

--- 迭代 1404/5000 ---

--- 迭代 1405/5000 ---

--- 迭代 1406/5000 ---
  reach-avoid 成功率: 0.233
  value loss: 2308.509521
  policy loss: 0.089162

--- 迭代 1407/5000 ---

--- 迭代 1408/5000 ---

--- 迭代 1409/5000 ---

--- 迭代 1410/5000 ---

--- 迭代 1411/5000 ---
  reach-avoid 成功率: 0.221
  value loss: 2217.117188
  policy loss: 0.086820

--- 迭代 1412/5000 ---

--- 迭代 1413/5000 ---

--- 迭代 1414/5000 ---

--- 迭代 1415/5000 ---

--- 迭代 1416/5000 ---
  reach-avoid 成功率: 0.206
  value loss: 2119.685547
  policy loss: 0.083064

--- 迭代 1417/5000 ---

--- 迭代 1418/5000 ---

--- 迭代 1419/5000 ---

--- 迭代 1420/5000 ---

--- 迭代 1421/5000 ---
  reach-avoid 成功率: 0.194
  value loss: 1975.129639
  policy loss: 0.094723

--- 迭代 1422/5000 ---

--- 迭代 1423/5000 ---

--- 迭代 1424/5000 ---

--- 迭代 1425/5000 ---

--- 迭代 1426/5000 ---
  reach-avoid 成功率: 0.212
  value loss: 2123.468750
  policy loss: 0.084510

--- 迭代 1427/5000 ---

--- 迭代 1428/5000 ---

--- 迭代 1429/5000 ---

--- 迭代 1430/5000 ---

--- 迭代 1431/5000 ---
  reach-avoid 成功率: 0.079
  value loss: 1561.894165
  policy loss: 0.093527

--- 迭代 1432/5000 ---

--- 迭代 1433/5000 ---

--- 迭代 1434/5000 ---

--- 迭代 1435/5000 ---

--- 迭代 1436/5000 ---
  reach-avoid 成功率: 0.073
  value loss: 1707.407104
  policy loss: 0.102709

--- 迭代 1437/5000 ---

--- 迭代 1438/5000 ---

--- 迭代 1439/5000 ---

--- 迭代 1440/5000 ---

--- 迭代 1441/5000 ---
  reach-avoid 成功率: 0.082
  value loss: 1609.195679
  policy loss: 0.098916

--- 迭代 1442/5000 ---

--- 迭代 1443/5000 ---

--- 迭代 1444/5000 ---

--- 迭代 1445/5000 ---

--- 迭代 1446/5000 ---
  reach-avoid 成功率: 0.052
  value loss: 1238.181396
  policy loss: 0.090997

--- 迭代 1447/5000 ---

--- 迭代 1448/5000 ---

--- 迭代 1449/5000 ---

--- 迭代 1450/5000 ---

--- 迭代 1451/5000 ---
  reach-avoid 成功率: 0.058
  value loss: 1314.833130
  policy loss: 0.092027

--- 迭代 1452/5000 ---

--- 迭代 1453/5000 ---

--- 迭代 1454/5000 ---

--- 迭代 1455/5000 ---

--- 迭代 1456/5000 ---
  reach-avoid 成功率: 0.059
  value loss: 1200.424072
  policy loss: 0.087569

--- 迭代 1457/5000 ---

--- 迭代 1458/5000 ---

--- 迭代 1459/5000 ---

--- 迭代 1460/5000 ---

--- 迭代 1461/5000 ---
  reach-avoid 成功率: 0.033
  value loss: 1303.242554
  policy loss: 0.095767

--- 迭代 1462/5000 ---

--- 迭代 1463/5000 ---

--- 迭代 1464/5000 ---

--- 迭代 1465/5000 ---

--- 迭代 1466/5000 ---
  reach-avoid 成功率: 0.077
  value loss: 1616.788940
  policy loss: 0.099975

--- 迭代 1467/5000 ---

--- 迭代 1468/5000 ---

--- 迭代 1469/5000 ---

--- 迭代 1470/5000 ---

--- 迭代 1471/5000 ---
  reach-avoid 成功率: 0.052
  value loss: 1115.095703
  policy loss: 0.086717

--- 迭代 1472/5000 ---

--- 迭代 1473/5000 ---

--- 迭代 1474/5000 ---

--- 迭代 1475/5000 ---

--- 迭代 1476/5000 ---
  reach-avoid 成功率: 0.112
  value loss: 1978.625854
  policy loss: 0.102945

--- 迭代 1477/5000 ---

--- 迭代 1478/5000 ---

--- 迭代 1479/5000 ---

--- 迭代 1480/5000 ---

--- 迭代 1481/5000 ---
  reach-avoid 成功率: 0.036
  value loss: 1074.707031
  policy loss: 0.082938

--- 迭代 1482/5000 ---

--- 迭代 1483/5000 ---

--- 迭代 1484/5000 ---

--- 迭代 1485/5000 ---

--- 迭代 1486/5000 ---
  reach-avoid 成功率: 0.019
  value loss: 457.404572
  policy loss: 0.057374

--- 迭代 1487/5000 ---

--- 迭代 1488/5000 ---

--- 迭代 1489/5000 ---

--- 迭代 1490/5000 ---

--- 迭代 1491/5000 ---
  reach-avoid 成功率: 0.020
  value loss: 967.526733
  policy loss: 0.082690

--- 迭代 1492/5000 ---

--- 迭代 1493/5000 ---

--- 迭代 1494/5000 ---

--- 迭代 1495/5000 ---

--- 迭代 1496/5000 ---
  reach-avoid 成功率: 0.031
  value loss: 1060.199951
  policy loss: 0.084235

--- 迭代 1497/5000 ---

--- 迭代 1498/5000 ---

--- 迭代 1499/5000 ---

--- 迭代 1500/5000 ---

--- 迭代 1501/5000 ---
  reach-avoid 成功率: 0.049
  value loss: 1432.503418
  policy loss: 0.096854
  模型已保存: logs/high_level_go2/20250928-102555/model_1500.pt

--- 迭代 1502/5000 ---

--- 迭代 1503/5000 ---

--- 迭代 1504/5000 ---

--- 迭代 1505/5000 ---

--- 迭代 1506/5000 ---
  reach-avoid 成功率: 0.032
  value loss: 1395.840698
  policy loss: 0.098474

--- 迭代 1507/5000 ---

--- 迭代 1508/5000 ---

--- 迭代 1509/5000 ---

--- 迭代 1510/5000 ---

--- 迭代 1511/5000 ---
  reach-avoid 成功率: 0.021
  value loss: 1207.807129
  policy loss: 0.092700

--- 迭代 1512/5000 ---

--- 迭代 1513/5000 ---

--- 迭代 1514/5000 ---

--- 迭代 1515/5000 ---

--- 迭代 1516/5000 ---
  reach-avoid 成功率: 0.031
  value loss: 1044.660767
  policy loss: 0.084085

--- 迭代 1517/5000 ---

--- 迭代 1518/5000 ---

--- 迭代 1519/5000 ---

--- 迭代 1520/5000 ---

--- 迭代 1521/5000 ---
  reach-avoid 成功率: 0.015
  value loss: 862.522034
  policy loss: 0.081335

--- 迭代 1522/5000 ---

--- 迭代 1523/5000 ---

--- 迭代 1524/5000 ---

--- 迭代 1525/5000 ---

--- 迭代 1526/5000 ---
  reach-avoid 成功率: 0.010
  value loss: 562.309082
  policy loss: 0.063279

--- 迭代 1527/5000 ---

--- 迭代 1528/5000 ---

--- 迭代 1529/5000 ---

--- 迭代 1530/5000 ---

--- 迭代 1531/5000 ---
  reach-avoid 成功率: 0.029
  value loss: 521.064209
  policy loss: 0.054498

--- 迭代 1532/5000 ---

--- 迭代 1533/5000 ---

--- 迭代 1534/5000 ---

--- 迭代 1535/5000 ---

--- 迭代 1536/5000 ---
  reach-avoid 成功率: 0.008
  value loss: 602.939087
  policy loss: 0.068296

--- 迭代 1537/5000 ---

--- 迭代 1538/5000 ---

--- 迭代 1539/5000 ---

--- 迭代 1540/5000 ---

--- 迭代 1541/5000 ---
  reach-avoid 成功率: 0.055
  value loss: 1165.462036
  policy loss: 0.086927

--- 迭代 1542/5000 ---

--- 迭代 1543/5000 ---

--- 迭代 1544/5000 ---

--- 迭代 1545/5000 ---

--- 迭代 1546/5000 ---
  reach-avoid 成功率: 0.041
  value loss: 999.306824
  policy loss: 0.083900

--- 迭代 1547/5000 ---

--- 迭代 1548/5000 ---

--- 迭代 1549/5000 ---

--- 迭代 1550/5000 ---

--- 迭代 1551/5000 ---
  reach-avoid 成功率: 0.039
  value loss: 1006.866089
  policy loss: 0.084198

--- 迭代 1552/5000 ---

--- 迭代 1553/5000 ---

--- 迭代 1554/5000 ---

--- 迭代 1555/5000 ---

--- 迭代 1556/5000 ---
  reach-avoid 成功率: 0.089
  value loss: 1844.262207
  policy loss: 0.105360

--- 迭代 1557/5000 ---

--- 迭代 1558/5000 ---

--- 迭代 1559/5000 ---

--- 迭代 1560/5000 ---

--- 迭代 1561/5000 ---
  reach-avoid 成功率: 0.075
  value loss: 1583.543945
  policy loss: 0.100514

--- 迭代 1562/5000 ---

--- 迭代 1563/5000 ---

--- 迭代 1564/5000 ---

--- 迭代 1565/5000 ---

--- 迭代 1566/5000 ---
  reach-avoid 成功率: 0.040
  value loss: 1034.878662
  policy loss: 0.086550

--- 迭代 1567/5000 ---

--- 迭代 1568/5000 ---

--- 迭代 1569/5000 ---

--- 迭代 1570/5000 ---

--- 迭代 1571/5000 ---
  reach-avoid 成功率: 0.142
  value loss: 2931.422119
  policy loss: 0.125210

--- 迭代 1572/5000 ---

--- 迭代 1573/5000 ---

--- 迭代 1574/5000 ---

--- 迭代 1575/5000 ---

--- 迭代 1576/5000 ---
  reach-avoid 成功率: 0.023
  value loss: 498.189606
  policy loss: 0.057808

--- 迭代 1577/5000 ---

--- 迭代 1578/5000 ---

--- 迭代 1579/5000 ---

--- 迭代 1580/5000 ---

--- 迭代 1581/5000 ---
  reach-avoid 成功率: 0.070
  value loss: 1443.473999
  policy loss: 0.089814

--- 迭代 1582/5000 ---

--- 迭代 1583/5000 ---

--- 迭代 1584/5000 ---

--- 迭代 1585/5000 ---

--- 迭代 1586/5000 ---
  reach-avoid 成功率: 0.045
  value loss: 1228.332153
  policy loss: 0.086722

--- 迭代 1587/5000 ---

--- 迭代 1588/5000 ---

--- 迭代 1589/5000 ---

--- 迭代 1590/5000 ---

--- 迭代 1591/5000 ---
  reach-avoid 成功率: 0.038
  value loss: 1223.888306
  policy loss: 0.086919

--- 迭代 1592/5000 ---

--- 迭代 1593/5000 ---

--- 迭代 1594/5000 ---

--- 迭代 1595/5000 ---

--- 迭代 1596/5000 ---
  reach-avoid 成功率: 0.035
  value loss: 1218.596191
  policy loss: 0.090156

--- 迭代 1597/5000 ---

--- 迭代 1598/5000 ---

--- 迭代 1599/5000 ---

--- 迭代 1600/5000 ---

--- 迭代 1601/5000 ---
  reach-avoid 成功率: 0.031
  value loss: 1258.968994
  policy loss: 0.095242

--- 迭代 1602/5000 ---

--- 迭代 1603/5000 ---

--- 迭代 1604/5000 ---

--- 迭代 1605/5000 ---

--- 迭代 1606/5000 ---
  reach-avoid 成功率: 0.057
  value loss: 1453.654297
  policy loss: 0.092407

--- 迭代 1607/5000 ---

--- 迭代 1608/5000 ---

--- 迭代 1609/5000 ---

--- 迭代 1610/5000 ---

--- 迭代 1611/5000 ---
  reach-avoid 成功率: 0.206
  value loss: 2097.503662
  policy loss: 0.090337

--- 迭代 1612/5000 ---

--- 迭代 1613/5000 ---

--- 迭代 1614/5000 ---

--- 迭代 1615/5000 ---

--- 迭代 1616/5000 ---
  reach-avoid 成功率: 0.214
  value loss: 2131.432617
  policy loss: 0.089102

--- 迭代 1617/5000 ---

--- 迭代 1618/5000 ---

--- 迭代 1619/5000 ---

--- 迭代 1620/5000 ---

--- 迭代 1621/5000 ---
  reach-avoid 成功率: 0.038
  value loss: 1164.076904
  policy loss: 0.086237

--- 迭代 1622/5000 ---

--- 迭代 1623/5000 ---

--- 迭代 1624/5000 ---

--- 迭代 1625/5000 ---

--- 迭代 1626/5000 ---
  reach-avoid 成功率: 0.054
  value loss: 1354.498779
  policy loss: 0.091650

--- 迭代 1627/5000 ---

--- 迭代 1628/5000 ---

--- 迭代 1629/5000 ---

--- 迭代 1630/5000 ---

--- 迭代 1631/5000 ---
  reach-avoid 成功率: 0.046
  value loss: 1074.646484
  policy loss: 0.083602

--- 迭代 1632/5000 ---

--- 迭代 1633/5000 ---

--- 迭代 1634/5000 ---

--- 迭代 1635/5000 ---

--- 迭代 1636/5000 ---
  reach-avoid 成功率: 0.229
  value loss: 2330.015625
  policy loss: 0.092455

--- 迭代 1637/5000 ---

--- 迭代 1638/5000 ---

--- 迭代 1639/5000 ---

--- 迭代 1640/5000 ---

--- 迭代 1641/5000 ---
  reach-avoid 成功率: 0.209
  value loss: 2100.665771
  policy loss: 0.090053

--- 迭代 1642/5000 ---

--- 迭代 1643/5000 ---

--- 迭代 1644/5000 ---

--- 迭代 1645/5000 ---

--- 迭代 1646/5000 ---
  reach-avoid 成功率: 0.223
  value loss: 2194.819336
  policy loss: 0.091484

--- 迭代 1647/5000 ---

--- 迭代 1648/5000 ---

--- 迭代 1649/5000 ---

--- 迭代 1650/5000 ---

--- 迭代 1651/5000 ---
  reach-avoid 成功率: 0.203
  value loss: 1928.673828
  policy loss: 0.086687

--- 迭代 1652/5000 ---

--- 迭代 1653/5000 ---

--- 迭代 1654/5000 ---

--- 迭代 1655/5000 ---

--- 迭代 1656/5000 ---
  reach-avoid 成功率: 0.196
  value loss: 2039.318604
  policy loss: 0.082678

--- 迭代 1657/5000 ---

--- 迭代 1658/5000 ---

--- 迭代 1659/5000 ---

--- 迭代 1660/5000 ---

--- 迭代 1661/5000 ---
  reach-avoid 成功率: 0.219
  value loss: 2225.568848
  policy loss: 0.088574

--- 迭代 1662/5000 ---

--- 迭代 1663/5000 ---

--- 迭代 1664/5000 ---

--- 迭代 1665/5000 ---

--- 迭代 1666/5000 ---
  reach-avoid 成功率: 0.217
  value loss: 2233.213135
  policy loss: 0.085532

--- 迭代 1667/5000 ---

--- 迭代 1668/5000 ---

--- 迭代 1669/5000 ---

--- 迭代 1670/5000 ---

--- 迭代 1671/5000 ---
  reach-avoid 成功率: 0.206
  value loss: 2133.477051
  policy loss: 0.084390

--- 迭代 1672/5000 ---

--- 迭代 1673/5000 ---

--- 迭代 1674/5000 ---

--- 迭代 1675/5000 ---

--- 迭代 1676/5000 ---
  reach-avoid 成功率: 0.209
  value loss: 2149.636963
  policy loss: 0.084625

--- 迭代 1677/5000 ---

--- 迭代 1678/5000 ---

--- 迭代 1679/5000 ---

--- 迭代 1680/5000 ---

--- 迭代 1681/5000 ---
  reach-avoid 成功率: 0.205
  value loss: 2181.528320
  policy loss: 0.084556

--- 迭代 1682/5000 ---

--- 迭代 1683/5000 ---

--- 迭代 1684/5000 ---

--- 迭代 1685/5000 ---

--- 迭代 1686/5000 ---
  reach-avoid 成功率: 0.224
  value loss: 2266.860596
  policy loss: 0.087701

--- 迭代 1687/5000 ---

--- 迭代 1688/5000 ---

--- 迭代 1689/5000 ---

--- 迭代 1690/5000 ---

--- 迭代 1691/5000 ---
  reach-avoid 成功率: 0.227
  value loss: 2276.400146
  policy loss: 0.089716

--- 迭代 1692/5000 ---

--- 迭代 1693/5000 ---

--- 迭代 1694/5000 ---

--- 迭代 1695/5000 ---

--- 迭代 1696/5000 ---
  reach-avoid 成功率: 0.216
  value loss: 2267.831055
  policy loss: 0.086407

--- 迭代 1697/5000 ---

--- 迭代 1698/5000 ---

--- 迭代 1699/5000 ---

--- 迭代 1700/5000 ---

--- 迭代 1701/5000 ---
  reach-avoid 成功率: 0.217
  value loss: 2207.241211
  policy loss: 0.085748

--- 迭代 1702/5000 ---

--- 迭代 1703/5000 ---

--- 迭代 1704/5000 ---

--- 迭代 1705/5000 ---

--- 迭代 1706/5000 ---
  reach-avoid 成功率: 0.204
  value loss: 1765.397461
  policy loss: 0.076509

--- 迭代 1707/5000 ---

--- 迭代 1708/5000 ---

--- 迭代 1709/5000 ---

--- 迭代 1710/5000 ---

--- 迭代 1711/5000 ---
  reach-avoid 成功率: 0.215
  value loss: 2190.040283
  policy loss: 0.087174

--- 迭代 1712/5000 ---

--- 迭代 1713/5000 ---

--- 迭代 1714/5000 ---

--- 迭代 1715/5000 ---

--- 迭代 1716/5000 ---
  reach-avoid 成功率: 0.182
  value loss: 1843.712036
  policy loss: 0.091952

--- 迭代 1717/5000 ---

--- 迭代 1718/5000 ---

--- 迭代 1719/5000 ---

--- 迭代 1720/5000 ---

--- 迭代 1721/5000 ---
  reach-avoid 成功率: 0.219
  value loss: 2359.560059
  policy loss: 0.087056

--- 迭代 1722/5000 ---

--- 迭代 1723/5000 ---

--- 迭代 1724/5000 ---

--- 迭代 1725/5000 ---

--- 迭代 1726/5000 ---
  reach-avoid 成功率: 0.216
  value loss: 2259.982178
  policy loss: 0.086982

--- 迭代 1727/5000 ---

--- 迭代 1728/5000 ---

--- 迭代 1729/5000 ---

--- 迭代 1730/5000 ---

--- 迭代 1731/5000 ---
  reach-avoid 成功率: 0.208
  value loss: 2201.619873
  policy loss: 0.085176

--- 迭代 1732/5000 ---

--- 迭代 1733/5000 ---

--- 迭代 1734/5000 ---

--- 迭代 1735/5000 ---

--- 迭代 1736/5000 ---
  reach-avoid 成功率: 0.210
  value loss: 2161.146973
  policy loss: 0.085315

--- 迭代 1737/5000 ---

--- 迭代 1738/5000 ---

--- 迭代 1739/5000 ---

--- 迭代 1740/5000 ---

--- 迭代 1741/5000 ---
  reach-avoid 成功率: 0.204
  value loss: 2088.776855
  policy loss: 0.082908

--- 迭代 1742/5000 ---

--- 迭代 1743/5000 ---

--- 迭代 1744/5000 ---

--- 迭代 1745/5000 ---

--- 迭代 1746/5000 ---
  reach-avoid 成功率: 0.220
  value loss: 2302.491211
  policy loss: 0.088071

--- 迭代 1747/5000 ---

--- 迭代 1748/5000 ---

--- 迭代 1749/5000 ---

--- 迭代 1750/5000 ---

--- 迭代 1751/5000 ---
  reach-avoid 成功率: 0.219
  value loss: 2249.866699
  policy loss: 0.085421

--- 迭代 1752/5000 ---

--- 迭代 1753/5000 ---

--- 迭代 1754/5000 ---

--- 迭代 1755/5000 ---

--- 迭代 1756/5000 ---
  reach-avoid 成功率: 0.212
  value loss: 2203.354492
  policy loss: 0.086393

--- 迭代 1757/5000 ---

--- 迭代 1758/5000 ---

--- 迭代 1759/5000 ---

--- 迭代 1760/5000 ---

--- 迭代 1761/5000 ---
  reach-avoid 成功率: 0.220
  value loss: 2193.249268
  policy loss: 0.087231

--- 迭代 1762/5000 ---

--- 迭代 1763/5000 ---

--- 迭代 1764/5000 ---

--- 迭代 1765/5000 ---

--- 迭代 1766/5000 ---
  reach-avoid 成功率: 0.178
  value loss: 1832.893799
  policy loss: 0.077417

--- 迭代 1767/5000 ---

--- 迭代 1768/5000 ---

--- 迭代 1769/5000 ---

--- 迭代 1770/5000 ---

--- 迭代 1771/5000 ---
  reach-avoid 成功率: 0.191
  value loss: 1986.420166
  policy loss: 0.080978

--- 迭代 1772/5000 ---

--- 迭代 1773/5000 ---

--- 迭代 1774/5000 ---

--- 迭代 1775/5000 ---

--- 迭代 1776/5000 ---
  reach-avoid 成功率: 0.222
  value loss: 2262.446777
  policy loss: 0.086567

--- 迭代 1777/5000 ---

--- 迭代 1778/5000 ---

--- 迭代 1779/5000 ---

--- 迭代 1780/5000 ---

--- 迭代 1781/5000 ---
  reach-avoid 成功率: 0.207
  value loss: 2001.830078
  policy loss: 0.080575

--- 迭代 1782/5000 ---

--- 迭代 1783/5000 ---

--- 迭代 1784/5000 ---

--- 迭代 1785/5000 ---

--- 迭代 1786/5000 ---
  reach-avoid 成功率: 0.215
  value loss: 2093.960449
  policy loss: 0.085875

--- 迭代 1787/5000 ---

--- 迭代 1788/5000 ---

--- 迭代 1789/5000 ---

--- 迭代 1790/5000 ---

--- 迭代 1791/5000 ---
  reach-avoid 成功率: 0.211
  value loss: 2131.071777
  policy loss: 0.084366

--- 迭代 1792/5000 ---

--- 迭代 1793/5000 ---

--- 迭代 1794/5000 ---

--- 迭代 1795/5000 ---

--- 迭代 1796/5000 ---
  reach-avoid 成功率: 0.145
  value loss: 1279.782349
  policy loss: 0.066212

--- 迭代 1797/5000 ---

--- 迭代 1798/5000 ---

--- 迭代 1799/5000 ---

--- 迭代 1800/5000 ---

--- 迭代 1801/5000 ---
  reach-avoid 成功率: 0.200
  value loss: 2035.751709
  policy loss: 0.080960

--- 迭代 1802/5000 ---

--- 迭代 1803/5000 ---

--- 迭代 1804/5000 ---

--- 迭代 1805/5000 ---

--- 迭代 1806/5000 ---
  reach-avoid 成功率: 0.222
  value loss: 2248.646484
  policy loss: 0.089338

--- 迭代 1807/5000 ---

--- 迭代 1808/5000 ---

--- 迭代 1809/5000 ---

--- 迭代 1810/5000 ---

--- 迭代 1811/5000 ---
  reach-avoid 成功率: 0.187
  value loss: 2968.801270
  policy loss: 0.122416

--- 迭代 1812/5000 ---

--- 迭代 1813/5000 ---

--- 迭代 1814/5000 ---

--- 迭代 1815/5000 ---

--- 迭代 1816/5000 ---
  reach-avoid 成功率: 0.210
  value loss: 2185.590576
  policy loss: 0.086804

--- 迭代 1817/5000 ---

--- 迭代 1818/5000 ---

--- 迭代 1819/5000 ---

--- 迭代 1820/5000 ---

--- 迭代 1821/5000 ---
  reach-avoid 成功率: 0.216
  value loss: 2226.071533
  policy loss: 0.085683

--- 迭代 1822/5000 ---

--- 迭代 1823/5000 ---

--- 迭代 1824/5000 ---

--- 迭代 1825/5000 ---

--- 迭代 1826/5000 ---
  reach-avoid 成功率: 0.246
  value loss: 2372.332764
  policy loss: 0.099234

--- 迭代 1827/5000 ---

--- 迭代 1828/5000 ---

--- 迭代 1829/5000 ---

--- 迭代 1830/5000 ---

--- 迭代 1831/5000 ---
  reach-avoid 成功率: 0.157
  value loss: 2182.814941
  policy loss: 0.099733

--- 迭代 1832/5000 ---

--- 迭代 1833/5000 ---

--- 迭代 1834/5000 ---

--- 迭代 1835/5000 ---

--- 迭代 1836/5000 ---
  reach-avoid 成功率: 0.204
  value loss: 2214.364014
  policy loss: 0.085651

--- 迭代 1837/5000 ---

--- 迭代 1838/5000 ---

--- 迭代 1839/5000 ---

--- 迭代 1840/5000 ---

--- 迭代 1841/5000 ---
  reach-avoid 成功率: 0.211
  value loss: 2158.250488
  policy loss: 0.085187

--- 迭代 1842/5000 ---

--- 迭代 1843/5000 ---

--- 迭代 1844/5000 ---

--- 迭代 1845/5000 ---

--- 迭代 1846/5000 ---
  reach-avoid 成功率: 0.202
  value loss: 2045.828735
  policy loss: 0.082759

--- 迭代 1847/5000 ---

--- 迭代 1848/5000 ---

--- 迭代 1849/5000 ---

--- 迭代 1850/5000 ---

--- 迭代 1851/5000 ---
  reach-avoid 成功率: 0.206
  value loss: 2176.947021
  policy loss: 0.084935

--- 迭代 1852/5000 ---

--- 迭代 1853/5000 ---

--- 迭代 1854/5000 ---

--- 迭代 1855/5000 ---

--- 迭代 1856/5000 ---
  reach-avoid 成功率: 0.175
  value loss: 1511.827026
  policy loss: 0.075941

--- 迭代 1857/5000 ---

--- 迭代 1858/5000 ---

--- 迭代 1859/5000 ---

--- 迭代 1860/5000 ---

--- 迭代 1861/5000 ---
  reach-avoid 成功率: 0.197
  value loss: 2109.524902
  policy loss: 0.084452

--- 迭代 1862/5000 ---

--- 迭代 1863/5000 ---

--- 迭代 1864/5000 ---

--- 迭代 1865/5000 ---

--- 迭代 1866/5000 ---
  reach-avoid 成功率: 0.227
  value loss: 2255.411865
  policy loss: 0.088943

--- 迭代 1867/5000 ---

--- 迭代 1868/5000 ---

--- 迭代 1869/5000 ---

--- 迭代 1870/5000 ---

--- 迭代 1871/5000 ---
  reach-avoid 成功率: 0.213
  value loss: 2129.361328
  policy loss: 0.085491

--- 迭代 1872/5000 ---

--- 迭代 1873/5000 ---

--- 迭代 1874/5000 ---

--- 迭代 1875/5000 ---

--- 迭代 1876/5000 ---
  reach-avoid 成功率: 0.229
  value loss: 2365.356445
  policy loss: 0.089686

--- 迭代 1877/5000 ---

--- 迭代 1878/5000 ---

--- 迭代 1879/5000 ---

--- 迭代 1880/5000 ---

--- 迭代 1881/5000 ---
  reach-avoid 成功率: 0.222
  value loss: 2310.717285
  policy loss: 0.088837

--- 迭代 1882/5000 ---

--- 迭代 1883/5000 ---

--- 迭代 1884/5000 ---

--- 迭代 1885/5000 ---

--- 迭代 1886/5000 ---
  reach-avoid 成功率: 0.218
  value loss: 2197.770752
  policy loss: 0.084546

--- 迭代 1887/5000 ---

--- 迭代 1888/5000 ---

--- 迭代 1889/5000 ---

--- 迭代 1890/5000 ---

--- 迭代 1891/5000 ---
  reach-avoid 成功率: 0.224
  value loss: 2165.549561
  policy loss: 0.088902

--- 迭代 1892/5000 ---

--- 迭代 1893/5000 ---

--- 迭代 1894/5000 ---

--- 迭代 1895/5000 ---

--- 迭代 1896/5000 ---
  reach-avoid 成功率: 0.206
  value loss: 2161.232910
  policy loss: 0.083613

--- 迭代 1897/5000 ---

--- 迭代 1898/5000 ---

--- 迭代 1899/5000 ---

--- 迭代 1900/5000 ---

--- 迭代 1901/5000 ---
  reach-avoid 成功率: 0.217
  value loss: 2218.176758
  policy loss: 0.091560

--- 迭代 1902/5000 ---

--- 迭代 1903/5000 ---

--- 迭代 1904/5000 ---

--- 迭代 1905/5000 ---

--- 迭代 1906/5000 ---
  reach-avoid 成功率: 0.226
  value loss: 2277.440674
  policy loss: 0.085832

--- 迭代 1907/5000 ---

--- 迭代 1908/5000 ---

--- 迭代 1909/5000 ---

--- 迭代 1910/5000 ---

--- 迭代 1911/5000 ---
  reach-avoid 成功率: 0.246
  value loss: 2305.588867
  policy loss: 0.103737

--- 迭代 1912/5000 ---

--- 迭代 1913/5000 ---

--- 迭代 1914/5000 ---

--- 迭代 1915/5000 ---

--- 迭代 1916/5000 ---
  reach-avoid 成功率: 0.215
  value loss: 2360.731689
  policy loss: 0.088962

--- 迭代 1917/5000 ---

--- 迭代 1918/5000 ---

--- 迭代 1919/5000 ---

--- 迭代 1920/5000 ---

--- 迭代 1921/5000 ---
  reach-avoid 成功率: 0.198
  value loss: 1697.293091
  policy loss: 0.092098

--- 迭代 1922/5000 ---

--- 迭代 1923/5000 ---

--- 迭代 1924/5000 ---

--- 迭代 1925/5000 ---

--- 迭代 1926/5000 ---
  reach-avoid 成功率: 0.225
  value loss: 2249.304199
  policy loss: 0.087442

--- 迭代 1927/5000 ---

--- 迭代 1928/5000 ---

--- 迭代 1929/5000 ---

--- 迭代 1930/5000 ---

--- 迭代 1931/5000 ---
  reach-avoid 成功率: 0.208
  value loss: 2197.498291
  policy loss: 0.085731

--- 迭代 1932/5000 ---

--- 迭代 1933/5000 ---

--- 迭代 1934/5000 ---

--- 迭代 1935/5000 ---

--- 迭代 1936/5000 ---
  reach-avoid 成功率: 0.225
  value loss: 2332.483398
  policy loss: 0.090081

--- 迭代 1937/5000 ---

--- 迭代 1938/5000 ---

--- 迭代 1939/5000 ---

--- 迭代 1940/5000 ---

--- 迭代 1941/5000 ---
  reach-avoid 成功率: 0.204
  value loss: 2107.603027
  policy loss: 0.083490

--- 迭代 1942/5000 ---

--- 迭代 1943/5000 ---

--- 迭代 1944/5000 ---

--- 迭代 1945/5000 ---

--- 迭代 1946/5000 ---
  reach-avoid 成功率: 0.214
  value loss: 2072.101074
  policy loss: 0.086044

--- 迭代 1947/5000 ---

--- 迭代 1948/5000 ---

--- 迭代 1949/5000 ---

--- 迭代 1950/5000 ---

--- 迭代 1951/5000 ---
  reach-avoid 成功率: 0.213
  value loss: 2181.813721
  policy loss: 0.085644

--- 迭代 1952/5000 ---

--- 迭代 1953/5000 ---

--- 迭代 1954/5000 ---

--- 迭代 1955/5000 ---

--- 迭代 1956/5000 ---
  reach-avoid 成功率: 0.228
  value loss: 2340.628174
  policy loss: 0.090704

--- 迭代 1957/5000 ---

--- 迭代 1958/5000 ---

--- 迭代 1959/5000 ---

--- 迭代 1960/5000 ---

--- 迭代 1961/5000 ---
  reach-avoid 成功率: 0.212
  value loss: 2140.359375
  policy loss: 0.085954

--- 迭代 1962/5000 ---

--- 迭代 1963/5000 ---

--- 迭代 1964/5000 ---

--- 迭代 1965/5000 ---

--- 迭代 1966/5000 ---
  reach-avoid 成功率: 0.219
  value loss: 2083.845703
  policy loss: 0.086631

--- 迭代 1967/5000 ---

--- 迭代 1968/5000 ---

--- 迭代 1969/5000 ---

--- 迭代 1970/5000 ---

--- 迭代 1971/5000 ---
  reach-avoid 成功率: 0.224
  value loss: 2391.103027
  policy loss: 0.088250

--- 迭代 1972/5000 ---

--- 迭代 1973/5000 ---

--- 迭代 1974/5000 ---

--- 迭代 1975/5000 ---

--- 迭代 1976/5000 ---
  reach-avoid 成功率: 0.209
  value loss: 2051.722656
  policy loss: 0.083795

--- 迭代 1977/5000 ---

--- 迭代 1978/5000 ---

--- 迭代 1979/5000 ---

--- 迭代 1980/5000 ---

--- 迭代 1981/5000 ---
  reach-avoid 成功率: 0.214
  value loss: 2029.627197
  policy loss: 0.084508

--- 迭代 1982/5000 ---

--- 迭代 1983/5000 ---

--- 迭代 1984/5000 ---

--- 迭代 1985/5000 ---

--- 迭代 1986/5000 ---
  reach-avoid 成功率: 0.225
  value loss: 2331.483398
  policy loss: 0.090178

--- 迭代 1987/5000 ---

--- 迭代 1988/5000 ---

--- 迭代 1989/5000 ---

--- 迭代 1990/5000 ---

--- 迭代 1991/5000 ---
  reach-avoid 成功率: 0.227
  value loss: 2165.049561
  policy loss: 0.087869

--- 迭代 1992/5000 ---

--- 迭代 1993/5000 ---

--- 迭代 1994/5000 ---

--- 迭代 1995/5000 ---

--- 迭代 1996/5000 ---
  reach-avoid 成功率: 0.225
  value loss: 2387.961670
  policy loss: 0.088461

--- 迭代 1997/5000 ---

--- 迭代 1998/5000 ---

--- 迭代 1999/5000 ---

--- 迭代 2000/5000 ---

--- 迭代 2001/5000 ---
  reach-avoid 成功率: 0.209
  value loss: 2200.129639
  policy loss: 0.085544
  模型已保存: logs/high_level_go2/20250928-102555/model_2000.pt

--- 迭代 2002/5000 ---

--- 迭代 2003/5000 ---

--- 迭代 2004/5000 ---

--- 迭代 2005/5000 ---

--- 迭代 2006/5000 ---
  reach-avoid 成功率: 0.226
  value loss: 2313.435791
  policy loss: 0.087143

--- 迭代 2007/5000 ---

--- 迭代 2008/5000 ---

--- 迭代 2009/5000 ---

--- 迭代 2010/5000 ---

--- 迭代 2011/5000 ---
  reach-avoid 成功率: 0.220
  value loss: 2228.091064
  policy loss: 0.087670

--- 迭代 2012/5000 ---

--- 迭代 2013/5000 ---

--- 迭代 2014/5000 ---

--- 迭代 2015/5000 ---

--- 迭代 2016/5000 ---
  reach-avoid 成功率: 0.170
  value loss: 1666.672852
  policy loss: 0.091960

--- 迭代 2017/5000 ---

--- 迭代 2018/5000 ---

--- 迭代 2019/5000 ---

--- 迭代 2020/5000 ---

--- 迭代 2021/5000 ---
  reach-avoid 成功率: 0.223
  value loss: 2241.663818
  policy loss: 0.086133

--- 迭代 2022/5000 ---

--- 迭代 2023/5000 ---

--- 迭代 2024/5000 ---

--- 迭代 2025/5000 ---

--- 迭代 2026/5000 ---
  reach-avoid 成功率: 0.218
  value loss: 2285.199707
  policy loss: 0.086728

--- 迭代 2027/5000 ---

--- 迭代 2028/5000 ---

--- 迭代 2029/5000 ---

--- 迭代 2030/5000 ---

--- 迭代 2031/5000 ---
  reach-avoid 成功率: 0.209
  value loss: 2064.738037
  policy loss: 0.102082

--- 迭代 2032/5000 ---

--- 迭代 2033/5000 ---

--- 迭代 2034/5000 ---

--- 迭代 2035/5000 ---

--- 迭代 2036/5000 ---
  reach-avoid 成功率: 0.211
  value loss: 2253.534180
  policy loss: 0.098292

--- 迭代 2037/5000 ---

--- 迭代 2038/5000 ---

--- 迭代 2039/5000 ---

--- 迭代 2040/5000 ---

--- 迭代 2041/5000 ---
  reach-avoid 成功率: 0.199
  value loss: 2068.487305
  policy loss: 0.084907

--- 迭代 2042/5000 ---

--- 迭代 2043/5000 ---

--- 迭代 2044/5000 ---

--- 迭代 2045/5000 ---

--- 迭代 2046/5000 ---
  reach-avoid 成功率: 0.230
  value loss: 2157.510742
  policy loss: 0.096187

--- 迭代 2047/5000 ---

--- 迭代 2048/5000 ---

--- 迭代 2049/5000 ---

--- 迭代 2050/5000 ---

--- 迭代 2051/5000 ---
  reach-avoid 成功率: 0.212
  value loss: 2245.834961
  policy loss: 0.087060

--- 迭代 2052/5000 ---

--- 迭代 2053/5000 ---

--- 迭代 2054/5000 ---

--- 迭代 2055/5000 ---

--- 迭代 2056/5000 ---
  reach-avoid 成功率: 0.229
  value loss: 2297.002686
  policy loss: 0.090627

--- 迭代 2057/5000 ---

--- 迭代 2058/5000 ---

--- 迭代 2059/5000 ---

--- 迭代 2060/5000 ---

--- 迭代 2061/5000 ---
  reach-avoid 成功率: 0.226
  value loss: 2403.227295
  policy loss: 0.089365

--- 迭代 2062/5000 ---

--- 迭代 2063/5000 ---

--- 迭代 2064/5000 ---

--- 迭代 2065/5000 ---

--- 迭代 2066/5000 ---
  reach-avoid 成功率: 0.225
  value loss: 2275.799561
  policy loss: 0.088146

--- 迭代 2067/5000 ---

--- 迭代 2068/5000 ---

--- 迭代 2069/5000 ---

--- 迭代 2070/5000 ---

--- 迭代 2071/5000 ---
  reach-avoid 成功率: 0.187
  value loss: 2868.191406
  policy loss: 0.125165

--- 迭代 2072/5000 ---

--- 迭代 2073/5000 ---

--- 迭代 2074/5000 ---

--- 迭代 2075/5000 ---

--- 迭代 2076/5000 ---
  reach-avoid 成功率: 0.213
  value loss: 2188.142822
  policy loss: 0.087071

--- 迭代 2077/5000 ---

--- 迭代 2078/5000 ---

--- 迭代 2079/5000 ---

--- 迭代 2080/5000 ---

--- 迭代 2081/5000 ---
  reach-avoid 成功率: 0.217
  value loss: 2291.652100
  policy loss: 0.088133

--- 迭代 2082/5000 ---

--- 迭代 2083/5000 ---

--- 迭代 2084/5000 ---

--- 迭代 2085/5000 ---

--- 迭代 2086/5000 ---
  reach-avoid 成功率: 0.209
  value loss: 2051.994629
  policy loss: 0.085261

--- 迭代 2087/5000 ---

--- 迭代 2088/5000 ---

--- 迭代 2089/5000 ---

--- 迭代 2090/5000 ---

--- 迭代 2091/5000 ---
  reach-avoid 成功率: 0.217
  value loss: 2202.834961
  policy loss: 0.086110

--- 迭代 2092/5000 ---

--- 迭代 2093/5000 ---

--- 迭代 2094/5000 ---

--- 迭代 2095/5000 ---

--- 迭代 2096/5000 ---
  reach-avoid 成功率: 0.224
  value loss: 2246.677246
  policy loss: 0.089703

--- 迭代 2097/5000 ---

--- 迭代 2098/5000 ---

--- 迭代 2099/5000 ---

--- 迭代 2100/5000 ---

--- 迭代 2101/5000 ---
  reach-avoid 成功率: 0.213
  value loss: 2174.574463
  policy loss: 0.094088

--- 迭代 2102/5000 ---

--- 迭代 2103/5000 ---

--- 迭代 2104/5000 ---

--- 迭代 2105/5000 ---

--- 迭代 2106/5000 ---
  reach-avoid 成功率: 0.172
  value loss: 1450.516602
  policy loss: 0.091030

--- 迭代 2107/5000 ---

--- 迭代 2108/5000 ---

--- 迭代 2109/5000 ---

--- 迭代 2110/5000 ---

--- 迭代 2111/5000 ---
  reach-avoid 成功率: 0.210
  value loss: 2141.750732
  policy loss: 0.084833

--- 迭代 2112/5000 ---

--- 迭代 2113/5000 ---

--- 迭代 2114/5000 ---

--- 迭代 2115/5000 ---

--- 迭代 2116/5000 ---
  reach-avoid 成功率: 0.177
  value loss: 2033.803223
  policy loss: 0.106114

--- 迭代 2117/5000 ---

--- 迭代 2118/5000 ---

--- 迭代 2119/5000 ---

--- 迭代 2120/5000 ---

--- 迭代 2121/5000 ---
  reach-avoid 成功率: 0.217
  value loss: 2164.661133
  policy loss: 0.086259

--- 迭代 2122/5000 ---

--- 迭代 2123/5000 ---

--- 迭代 2124/5000 ---

--- 迭代 2125/5000 ---

--- 迭代 2126/5000 ---
  reach-avoid 成功率: 0.219
  value loss: 2231.235352
  policy loss: 0.088543

--- 迭代 2127/5000 ---

--- 迭代 2128/5000 ---

--- 迭代 2129/5000 ---

--- 迭代 2130/5000 ---

--- 迭代 2131/5000 ---
  reach-avoid 成功率: 0.200
  value loss: 2159.178955
  policy loss: 0.087549

--- 迭代 2132/5000 ---

--- 迭代 2133/5000 ---

--- 迭代 2134/5000 ---

--- 迭代 2135/5000 ---

--- 迭代 2136/5000 ---
  reach-avoid 成功率: 0.208
  value loss: 2183.802734
  policy loss: 0.085160

--- 迭代 2137/5000 ---

--- 迭代 2138/5000 ---

--- 迭代 2139/5000 ---

--- 迭代 2140/5000 ---

--- 迭代 2141/5000 ---
  reach-avoid 成功率: 0.150
  value loss: 1408.291504
  policy loss: 0.067393

--- 迭代 2142/5000 ---

--- 迭代 2143/5000 ---

--- 迭代 2144/5000 ---

--- 迭代 2145/5000 ---

--- 迭代 2146/5000 ---
  reach-avoid 成功率: 0.227
  value loss: 2327.591797
  policy loss: 0.090519

--- 迭代 2147/5000 ---

--- 迭代 2148/5000 ---

--- 迭代 2149/5000 ---

--- 迭代 2150/5000 ---

--- 迭代 2151/5000 ---
  reach-avoid 成功率: 0.181
  value loss: 1504.870117
  policy loss: 0.090588

--- 迭代 2152/5000 ---

--- 迭代 2153/5000 ---

--- 迭代 2154/5000 ---

--- 迭代 2155/5000 ---

--- 迭代 2156/5000 ---
  reach-avoid 成功率: 0.215
  value loss: 2166.940186
  policy loss: 0.085613

--- 迭代 2157/5000 ---

--- 迭代 2158/5000 ---

--- 迭代 2159/5000 ---

--- 迭代 2160/5000 ---

--- 迭代 2161/5000 ---
  reach-avoid 成功率: 0.196
  value loss: 2991.172363
  policy loss: 0.129104

--- 迭代 2162/5000 ---

--- 迭代 2163/5000 ---

--- 迭代 2164/5000 ---

--- 迭代 2165/5000 ---

--- 迭代 2166/5000 ---
  reach-avoid 成功率: 0.201
  value loss: 2122.384033
  policy loss: 0.084852

--- 迭代 2167/5000 ---

--- 迭代 2168/5000 ---

--- 迭代 2169/5000 ---

--- 迭代 2170/5000 ---

--- 迭代 2171/5000 ---
  reach-avoid 成功率: 0.187
  value loss: 1647.573364
  policy loss: 0.084142

--- 迭代 2172/5000 ---

--- 迭代 2173/5000 ---

--- 迭代 2174/5000 ---

--- 迭代 2175/5000 ---

--- 迭代 2176/5000 ---
  reach-avoid 成功率: 0.156
  value loss: 1599.484497
  policy loss: 0.088579

--- 迭代 2177/5000 ---

--- 迭代 2178/5000 ---

--- 迭代 2179/5000 ---

--- 迭代 2180/5000 ---

--- 迭代 2181/5000 ---
  reach-avoid 成功率: 0.220
  value loss: 2203.809570
  policy loss: 0.089237

--- 迭代 2182/5000 ---

--- 迭代 2183/5000 ---

--- 迭代 2184/5000 ---

--- 迭代 2185/5000 ---

--- 迭代 2186/5000 ---
  reach-avoid 成功率: 0.227
  value loss: 2211.894287
  policy loss: 0.087785

--- 迭代 2187/5000 ---

--- 迭代 2188/5000 ---

--- 迭代 2189/5000 ---

--- 迭代 2190/5000 ---

--- 迭代 2191/5000 ---
  reach-avoid 成功率: 0.205
  value loss: 2061.013672
  policy loss: 0.084674

--- 迭代 2192/5000 ---

--- 迭代 2193/5000 ---

--- 迭代 2194/5000 ---

--- 迭代 2195/5000 ---

--- 迭代 2196/5000 ---
  reach-avoid 成功率: 0.220
  value loss: 2079.766113
  policy loss: 0.086461

--- 迭代 2197/5000 ---

--- 迭代 2198/5000 ---

--- 迭代 2199/5000 ---

--- 迭代 2200/5000 ---

--- 迭代 2201/5000 ---
  reach-avoid 成功率: 0.269
  value loss: 3056.578613
  policy loss: 0.110303

--- 迭代 2202/5000 ---

--- 迭代 2203/5000 ---

--- 迭代 2204/5000 ---

--- 迭代 2205/5000 ---

--- 迭代 2206/5000 ---
  reach-avoid 成功率: 0.287
  value loss: 3027.239258
  policy loss: 0.111270

--- 迭代 2207/5000 ---

--- 迭代 2208/5000 ---

--- 迭代 2209/5000 ---

--- 迭代 2210/5000 ---

--- 迭代 2211/5000 ---
  reach-avoid 成功率: 0.260
  value loss: 3000.634033
  policy loss: 0.105398

--- 迭代 2212/5000 ---

--- 迭代 2213/5000 ---

--- 迭代 2214/5000 ---

--- 迭代 2215/5000 ---

--- 迭代 2216/5000 ---
  reach-avoid 成功率: 0.274
  value loss: 2986.121094
  policy loss: 0.109383

--- 迭代 2217/5000 ---

--- 迭代 2218/5000 ---

--- 迭代 2219/5000 ---

--- 迭代 2220/5000 ---

--- 迭代 2221/5000 ---
  reach-avoid 成功率: 0.278
  value loss: 3130.204834
  policy loss: 0.112374

--- 迭代 2222/5000 ---

--- 迭代 2223/5000 ---

--- 迭代 2224/5000 ---

--- 迭代 2225/5000 ---

--- 迭代 2226/5000 ---
  reach-avoid 成功率: 0.261
  value loss: 2953.462646
  policy loss: 0.134247

--- 迭代 2227/5000 ---

--- 迭代 2228/5000 ---

--- 迭代 2229/5000 ---

--- 迭代 2230/5000 ---

--- 迭代 2231/5000 ---
  reach-avoid 成功率: 0.286
  value loss: 3135.013916
  policy loss: 0.112140

--- 迭代 2232/5000 ---

--- 迭代 2233/5000 ---

--- 迭代 2234/5000 ---

--- 迭代 2235/5000 ---

--- 迭代 2236/5000 ---
  reach-avoid 成功率: 0.273
  value loss: 3049.709961
  policy loss: 0.107958

--- 迭代 2237/5000 ---

--- 迭代 2238/5000 ---

--- 迭代 2239/5000 ---

--- 迭代 2240/5000 ---

--- 迭代 2241/5000 ---
  reach-avoid 成功率: 0.293
  value loss: 3180.561279
  policy loss: 0.110650

--- 迭代 2242/5000 ---

--- 迭代 2243/5000 ---

--- 迭代 2244/5000 ---

--- 迭代 2245/5000 ---

--- 迭代 2246/5000 ---
  reach-avoid 成功率: 0.266
  value loss: 2977.648682
  policy loss: 0.104572

--- 迭代 2247/5000 ---

--- 迭代 2248/5000 ---

--- 迭代 2249/5000 ---

--- 迭代 2250/5000 ---

--- 迭代 2251/5000 ---
  reach-avoid 成功率: 0.281
  value loss: 3050.829346
  policy loss: 0.107275

--- 迭代 2252/5000 ---

--- 迭代 2253/5000 ---

--- 迭代 2254/5000 ---

--- 迭代 2255/5000 ---

--- 迭代 2256/5000 ---
  reach-avoid 成功率: 0.268
  value loss: 3106.587402
  policy loss: 0.107675

--- 迭代 2257/5000 ---

--- 迭代 2258/5000 ---

--- 迭代 2259/5000 ---

--- 迭代 2260/5000 ---

--- 迭代 2261/5000 ---
  reach-avoid 成功率: 0.281
  value loss: 3019.145508
  policy loss: 0.112081

--- 迭代 2262/5000 ---

--- 迭代 2263/5000 ---

--- 迭代 2264/5000 ---

--- 迭代 2265/5000 ---

--- 迭代 2266/5000 ---
  reach-avoid 成功率: 0.275
  value loss: 3150.410645
  policy loss: 0.109552

--- 迭代 2267/5000 ---

--- 迭代 2268/5000 ---

--- 迭代 2269/5000 ---

--- 迭代 2270/5000 ---

--- 迭代 2271/5000 ---
  reach-avoid 成功率: 0.274
  value loss: 3042.331299
  policy loss: 0.108283

--- 迭代 2272/5000 ---

--- 迭代 2273/5000 ---

--- 迭代 2274/5000 ---

--- 迭代 2275/5000 ---

--- 迭代 2276/5000 ---
  reach-avoid 成功率: 0.276
  value loss: 3124.224609
  policy loss: 0.107887

--- 迭代 2277/5000 ---

--- 迭代 2278/5000 ---

--- 迭代 2279/5000 ---

--- 迭代 2280/5000 ---

--- 迭代 2281/5000 ---
  reach-avoid 成功率: 0.283
  value loss: 3210.424561
  policy loss: 0.108263

--- 迭代 2282/5000 ---

--- 迭代 2283/5000 ---

--- 迭代 2284/5000 ---
