雷达转换器初始化完成:
  雷达分箱数: 16
  雷达最大范围: 10.0m
  目标雷达分箱数: 16
  输出观测维度: 40

执行转换演示...
示例机器人状态:
  position: [0. 0.]
  heading_cos: 1.0
  heading_sin: 0.0
  body_vel_x: 0.1
  body_vel_y: 0.0
  yaw_rate: 0.0
  target_distance: 4.0
  target_dir_x: 1.0
  target_dir_y: 0.0

示例障碍物点 (3个点):
  点1: [2.  0.5]
  点2: [ 2.  -0.5]
  点3: [3. 1.]

示例目标位置: [4. 0.]

转换后的观测值 (维度: 40):
基础观测值 (前8维): [1.  0.  0.2 0.  0.  0.4 1.  0. ]
目标雷达特征 (16维): [0.   0.   0.   0.   0.   0.   0.   0.   0.64 0.   0.   0.   0.   0.
 0.   0.  ]
障碍物雷达特征 (16维): [0.         0.         0.         0.         0.         0.
 0.         0.82384473 0.82384473 0.         0.         0.
 0.         0.         0.         0.        ]
