nohup: ignoring input
Importing module 'gym_38' (/home/wutr/IsaacGym/isaacgym/python/isaacgym/_bindings/linux-x86_64/gym_38.so)
Setting GYM_USD_PLUG_INFO_PATH to /home/wutr/IsaacGym/isaacgym/python/isaacgym/_bindings/linux-x86_64/usd/plugInfo.json
PyTorch version 2.3.1
Device count 3
/home/wutr/IsaacGym/isaacgym/python/isaacgym/_bindings/src/gymtorch
Using /home/wutr/.cache/torch_extensions/py38_cu121 as PyTorch extensions root...
Emitting ninja build file /home/wutr/.cache/torch_extensions/py38_cu121/gymtorch/build.ninja...
Building extension module gymtorch...
Allowing ninja to set a default number of workers... (overridable by setting the environment variable MAX_JOBS=N)
ninja: no work to do.
Loading extension module gymtorch...
Setting seed: 1
Not connected to PVD
+++ Using GPU PhysX
Physics Engine: PhysX
Physics Device: cuda:1
GPU Pipeline: enabled
Actor MLP: Sequential(
  (0): Linear(in_features=45, out_features=512, bias=True)
  (1): ELU(alpha=1.0)
  (2): Linear(in_features=512, out_features=256, bias=True)
  (3): ELU(alpha=1.0)
  (4): Linear(in_features=256, out_features=128, bias=True)
  (5): ELU(alpha=1.0)
  (6): Linear(in_features=128, out_features=12, bias=True)
)
Critic MLP: Sequential(
  (0): Linear(in_features=45, out_features=512, bias=True)
  (1): ELU(alpha=1.0)
  (2): Linear(in_features=512, out_features=256, bias=True)
  (3): ELU(alpha=1.0)
  (4): Linear(in_features=256, out_features=128, bias=True)
  (5): ELU(alpha=1.0)
  (6): Linear(in_features=128, out_features=1, bias=True)
)
Loading low-level policy checkpoint: /home/wutr/IsaacGym/legged_gym_go2/logs/rough_go2/Sep08_11-57-26_/model_18500.pt
Actor MLP: Sequential(
  (0): Linear(in_features=24, out_features=512, bias=True)
  (1): ELU(alpha=1.0)
  (2): Linear(in_features=512, out_features=512, bias=True)
  (3): ELU(alpha=1.0)
  (4): Linear(in_features=512, out_features=512, bias=True)
  (5): ELU(alpha=1.0)
  (6): Linear(in_features=512, out_features=512, bias=True)
  (7): ELU(alpha=1.0)
  (8): Linear(in_features=512, out_features=3, bias=True)
)
Critic MLP: Sequential(
  (0): Linear(in_features=24, out_features=512, bias=True)
  (1): ELU(alpha=1.0)
  (2): Linear(in_features=512, out_features=512, bias=True)
  (3): ELU(alpha=1.0)
  (4): Linear(in_features=512, out_features=512, bias=True)
  (5): ELU(alpha=1.0)
  (6): Linear(in_features=512, out_features=512, bias=True)
  (7): ELU(alpha=1.0)
  (8): Linear(in_features=512, out_features=1, bias=True)
)
Reach-Avoid training
  envs       : 4096
  obs dim    : 24
  action dim : 3
  horizon    : 200
  device     : cuda:1
  log dir    : logs/high_level_go2/20251125-074525
iter 00001 | success 0.016 | policy_loss 0.01460 | value_loss 9177.16162 | Vmean -0.017 | Rmean 61.530 | Vrmse 135.566 | VexpVar -0.000 | adv_std 120.790 | elapsed 29.79s
iter 00002 | success 0.012 | policy_loss 0.00061 | value_loss 8573.69421 | Vmean 0.468 | Rmean 58.519 | Vrmse 131.025 | VexpVar 0.001 | adv_std 117.463 | elapsed 29.02s
iter 00003 | success 0.014 | policy_loss -0.00000 | value_loss 8268.71979 | Vmean 0.747 | Rmean 56.524 | Vrmse 128.676 | VexpVar 0.001 | adv_std 115.958 | elapsed 29.98s
iter 00004 | success 0.021 | policy_loss -0.00014 | value_loss 8538.50586 | Vmean 1.242 | Rmean 56.702 | Vrmse 130.746 | VexpVar 0.002 | adv_std 118.400 | elapsed 33.39s
iter 00005 | success 0.022 | policy_loss -0.00010 | value_loss 7660.79242 | Vmean 1.515 | Rmean 50.045 | Vrmse 123.848 | VexpVar 0.003 | adv_std 113.944 | elapsed 32.50s
iter 00006 | success 0.027 | policy_loss -0.00012 | value_loss 7108.65079 | Vmean 1.828 | Rmean 44.870 | Vrmse 119.301 | VexpVar 0.005 | adv_std 111.266 | elapsed 31.97s
iter 00007 | success 0.025 | policy_loss -0.00013 | value_loss 7101.61115 | Vmean 2.297 | Rmean 46.558 | Vrmse 119.246 | VexpVar 0.006 | adv_std 110.728 | elapsed 34.42s
iter 00008 | success 0.029 | policy_loss -0.00015 | value_loss 7057.86807 | Vmean 2.533 | Rmean 44.778 | Vrmse 118.880 | VexpVar 0.008 | adv_std 111.121 | elapsed 33.56s
iter 00009 | success 0.036 | policy_loss -0.00014 | value_loss 6878.96872 | Vmean 2.749 | Rmean 41.379 | Vrmse 117.350 | VexpVar 0.012 | adv_std 110.809 | elapsed 33.99s
iter 00010 | success 0.041 | policy_loss -0.00004 | value_loss 6940.32632 | Vmean 2.756 | Rmean 40.871 | Vrmse 117.870 | VexpVar 0.015 | adv_std 111.537 | elapsed 35.27s
  saved checkpoint: logs/high_level_go2/20251125-074525/model_10.pt
iter 00011 | success 0.042 | policy_loss -0.00015 | value_loss 6669.29541 | Vmean 2.822 | Rmean 39.435 | Vrmse 115.547 | VexpVar 0.016 | adv_std 109.593 | elapsed 33.95s
iter 00012 | success 0.047 | policy_loss -0.00009 | value_loss 6552.46198 | Vmean 2.971 | Rmean 37.065 | Vrmse 114.546 | VexpVar 0.018 | adv_std 109.354 | elapsed 30.89s
iter 00013 | success 0.057 | policy_loss -0.00015 | value_loss 6793.80142 | Vmean 3.053 | Rmean 34.407 | Vrmse 116.635 | VexpVar 0.026 | adv_std 112.342 | elapsed 29.34s
iter 00014 | success 0.058 | policy_loss -0.00007 | value_loss 6426.32217 | Vmean 3.285 | Rmean 32.856 | Vrmse 113.431 | VexpVar 0.030 | adv_std 109.509 | elapsed 29.76s
iter 00015 | success 0.063 | policy_loss -0.00011 | value_loss 6851.94153 | Vmean 3.067 | Rmean 34.226 | Vrmse 117.128 | VexpVar 0.034 | adv_std 112.908 | elapsed 30.27s
iter 00016 | success 0.063 | policy_loss -0.00005 | value_loss 6532.24582 | Vmean 2.933 | Rmean 31.617 | Vrmse 114.368 | VexpVar 0.040 | adv_std 110.713 | elapsed 30.90s
iter 00017 | success 0.069 | policy_loss -0.00007 | value_loss 6387.91779 | Vmean 2.727 | Rmean 29.622 | Vrmse 113.097 | VexpVar 0.050 | adv_std 109.853 | elapsed 28.50s
iter 00018 | success 0.078 | policy_loss -0.00008 | value_loss 6295.64722 | Vmean 2.409 | Rmean 27.210 | Vrmse 112.272 | VexpVar 0.058 | adv_std 109.498 | elapsed 33.16s
iter 00019 | success 0.083 | policy_loss -0.00010 | value_loss 6747.07858 | Vmean 1.963 | Rmean 27.267 | Vrmse 116.232 | VexpVar 0.069 | adv_std 113.444 | elapsed 29.30s
iter 00020 | success 0.088 | policy_loss -0.00005 | value_loss 6434.06033 | Vmean 1.814 | Rmean 24.822 | Vrmse 113.494 | VexpVar 0.077 | adv_std 111.137 | elapsed 30.23s
  saved checkpoint: logs/high_level_go2/20251125-074525/model_20.pt
iter 00021 | success 0.090 | policy_loss -0.00002 | value_loss 6663.55115 | Vmean 1.841 | Rmean 25.467 | Vrmse 115.510 | VexpVar 0.081 | adv_std 113.068 | elapsed 38.90s
iter 00022 | success 0.091 | policy_loss -0.00006 | value_loss 6310.98389 | Vmean 1.863 | Rmean 22.045 | Vrmse 112.409 | VexpVar 0.087 | adv_std 110.583 | elapsed 32.64s
iter 00023 | success 0.098 | policy_loss -0.00009 | value_loss 6650.42834 | Vmean 1.851 | Rmean 22.619 | Vrmse 115.405 | VexpVar 0.090 | adv_std 113.521 | elapsed 29.70s
iter 00024 | success 0.117 | policy_loss 0.00024 | value_loss 6575.33240 | Vmean 1.701 | Rmean 18.212 | Vrmse 114.738 | VexpVar 0.101 | adv_std 113.544 | elapsed 29.19s
iter 00025 | success 0.111 | policy_loss -0.00004 | value_loss 6374.23160 | Vmean 1.859 | Rmean 17.934 | Vrmse 112.977 | VexpVar 0.106 | adv_std 111.828 | elapsed 32.24s
iter 00026 | success 0.112 | policy_loss -0.00006 | value_loss 6679.31384 | Vmean 1.964 | Rmean 20.145 | Vrmse 115.651 | VexpVar 0.107 | adv_std 114.213 | elapsed 34.06s
iter 00027 | success 0.128 | policy_loss -0.00006 | value_loss 6546.18475 | Vmean 1.016 | Rmean 16.367 | Vrmse 114.494 | VexpVar 0.134 | adv_std 113.460 | elapsed 34.24s
iter 00028 | success 0.128 | policy_loss -0.00006 | value_loss 6424.63538 | Vmean 0.500 | Rmean 13.287 | Vrmse 113.425 | VexpVar 0.149 | adv_std 112.702 | elapsed 34.56s
iter 00029 | success 0.131 | policy_loss -0.00010 | value_loss 6447.82135 | Vmean 0.987 | Rmean 14.430 | Vrmse 113.634 | VexpVar 0.149 | adv_std 112.836 | elapsed 34.34s
iter 00030 | success 0.140 | policy_loss -0.00010 | value_loss 6662.35153 | Vmean 0.421 | Rmean 10.909 | Vrmse 115.492 | VexpVar 0.162 | adv_std 115.015 | elapsed 34.40s
  saved checkpoint: logs/high_level_go2/20251125-074525/model_30.pt
iter 00031 | success 0.149 | policy_loss 0.00003 | value_loss 6701.95193 | Vmean 0.017 | Rmean 11.261 | Vrmse 115.847 | VexpVar 0.166 | adv_std 115.300 | elapsed 38.77s
iter 00032 | success 0.158 | policy_loss -0.00003 | value_loss 6590.80649 | Vmean -0.401 | Rmean 8.947 | Vrmse 114.853 | VexpVar 0.181 | adv_std 114.472 | elapsed 34.42s
iter 00033 | success 0.153 | policy_loss -0.00003 | value_loss 6578.51422 | Vmean -0.402 | Rmean 10.635 | Vrmse 114.763 | VexpVar 0.193 | adv_std 114.231 | elapsed 34.19s
iter 00034 | success 0.171 | policy_loss -0.00015 | value_loss 6592.55023 | Vmean -0.606 | Rmean 6.810 | Vrmse 114.899 | VexpVar 0.206 | adv_std 114.659 | elapsed 33.99s
iter 00035 | success 0.175 | policy_loss -0.00010 | value_loss 6575.69046 | Vmean -0.820 | Rmean 5.545 | Vrmse 114.752 | VexpVar 0.214 | adv_std 114.575 | elapsed 33.85s
iter 00036 | success 0.186 | policy_loss -0.00007 | value_loss 6629.75299 | Vmean -1.850 | Rmean 2.327 | Vrmse 115.214 | VexpVar 0.231 | adv_std 115.139 | elapsed 33.51s
iter 00037 | success 0.212 | policy_loss -0.00011 | value_loss 6661.72797 | Vmean -3.162 | Rmean -3.008 | Vrmse 115.487 | VexpVar 0.257 | adv_std 115.487 | elapsed 33.88s
iter 00038 | success 0.214 | policy_loss -0.00004 | value_loss 6798.55496 | Vmean -3.455 | Rmean -3.348 | Vrmse 116.676 | VexpVar 0.271 | adv_std 116.676 | elapsed 31.79s
iter 00039 | success 0.222 | policy_loss -0.00009 | value_loss 6872.30078 | Vmean -3.837 | Rmean -5.592 | Vrmse 117.303 | VexpVar 0.278 | adv_std 117.290 | elapsed 32.44s
iter 00040 | success 0.241 | policy_loss -0.00010 | value_loss 6927.58701 | Vmean -5.656 | Rmean -12.375 | Vrmse 117.788 | VexpVar 0.305 | adv_std 117.596 | elapsed 32.17s
  saved checkpoint: logs/high_level_go2/20251125-074525/model_40.pt
iter 00041 | success 0.256 | policy_loss -0.00019 | value_loss 6966.10995 | Vmean -6.583 | Rmean -13.705 | Vrmse 118.116 | VexpVar 0.317 | adv_std 117.901 | elapsed 35.68s
iter 00042 | success 0.268 | policy_loss -0.00007 | value_loss 7167.26703 | Vmean -8.994 | Rmean -19.051 | Vrmse 119.808 | VexpVar 0.342 | adv_std 119.386 | elapsed 34.17s
iter 00043 | success 0.284 | policy_loss -0.00006 | value_loss 6914.36414 | Vmean -10.173 | Rmean -23.431 | Vrmse 117.678 | VexpVar 0.366 | adv_std 116.928 | elapsed 32.66s
iter 00044 | success 0.302 | policy_loss -0.00009 | value_loss 6966.00381 | Vmean -12.409 | Rmean -29.412 | Vrmse 118.108 | VexpVar 0.386 | adv_std 116.878 | elapsed 33.70s
iter 00045 | success 0.316 | policy_loss -0.00011 | value_loss 7266.64285 | Vmean -14.650 | Rmean -33.291 | Vrmse 120.642 | VexpVar 0.402 | adv_std 119.193 | elapsed 34.04s
iter 00046 | success 0.337 | policy_loss -0.00008 | value_loss 7202.14407 | Vmean -17.062 | Rmean -39.362 | Vrmse 120.107 | VexpVar 0.429 | adv_std 118.019 | elapsed 33.27s
iter 00047 | success 0.356 | policy_loss -0.00014 | value_loss 7321.77591 | Vmean -20.184 | Rmean -45.832 | Vrmse 121.052 | VexpVar 0.448 | adv_std 118.304 | elapsed 33.65s
iter 00048 | success 0.370 | policy_loss -0.00018 | value_loss 7145.21060 | Vmean -24.449 | Rmean -52.334 | Vrmse 119.621 | VexpVar 0.486 | adv_std 116.325 | elapsed 34.27s
iter 00049 | success 0.408 | policy_loss -0.00008 | value_loss 7312.31723 | Vmean -28.367 | Rmean -61.677 | Vrmse 121.035 | VexpVar 0.503 | adv_std 116.361 | elapsed 34.12s
iter 00050 | success 0.396 | policy_loss -0.00012 | value_loss 7460.84595 | Vmean -28.638 | Rmean -60.925 | Vrmse 122.239 | VexpVar 0.502 | adv_std 117.898 | elapsed 34.30s
  saved checkpoint: logs/high_level_go2/20251125-074525/model_50.pt
iter 00051 | success 0.422 | policy_loss -0.00008 | value_loss 7559.13901 | Vmean -30.933 | Rmean -66.903 | Vrmse 123.038 | VexpVar 0.511 | adv_std 117.663 | elapsed 34.40s
iter 00052 | success 0.435 | policy_loss -0.00010 | value_loss 7337.51639 | Vmean -35.508 | Rmean -75.361 | Vrmse 121.223 | VexpVar 0.538 | adv_std 114.485 | elapsed 30.13s
iter 00053 | success 0.452 | policy_loss -0.00015 | value_loss 7235.61554 | Vmean -38.953 | Rmean -78.889 | Vrmse 120.378 | VexpVar 0.553 | adv_std 113.561 | elapsed 28.66s
iter 00054 | success 0.454 | policy_loss -0.00006 | value_loss 7445.77820 | Vmean -42.828 | Rmean -85.185 | Vrmse 122.101 | VexpVar 0.560 | adv_std 114.519 | elapsed 26.67s
iter 00055 | success 0.453 | policy_loss -0.00017 | value_loss 6920.23740 | Vmean -47.675 | Rmean -89.020 | Vrmse 117.744 | VexpVar 0.592 | adv_std 110.246 | elapsed 28.88s
iter 00056 | success 0.460 | policy_loss -0.00004 | value_loss 6866.43396 | Vmean -48.378 | Rmean -87.931 | Vrmse 117.233 | VexpVar 0.597 | adv_std 110.359 | elapsed 28.16s
iter 00057 | success 0.452 | policy_loss -0.00012 | value_loss 6404.97183 | Vmean -51.895 | Rmean -86.743 | Vrmse 113.171 | VexpVar 0.619 | adv_std 107.672 | elapsed 30.30s
iter 00058 | success 0.461 | policy_loss -0.00009 | value_loss 5904.11194 | Vmean -58.485 | Rmean -93.067 | Vrmse 108.626 | VexpVar 0.652 | adv_std 102.974 | elapsed 28.92s
iter 00059 | success 0.471 | policy_loss -0.00006 | value_loss 5319.31516 | Vmean -68.223 | Rmean -100.443 | Vrmse 103.134 | VexpVar 0.690 | adv_std 97.972 | elapsed 29.77s
iter 00060 | success 0.478 | policy_loss -0.00007 | value_loss 5247.21091 | Vmean -72.114 | Rmean -104.161 | Vrmse 102.499 | VexpVar 0.698 | adv_std 97.360 | elapsed 30.82s
  saved checkpoint: logs/high_level_go2/20251125-074525/model_60.pt
iter 00061 | success 0.498 | policy_loss -0.00019 | value_loss 5020.27878 | Vmean -78.200 | Rmean -110.036 | Vrmse 100.287 | VexpVar 0.713 | adv_std 95.100 | elapsed 33.36s
iter 00062 | success 0.491 | policy_loss -0.00005 | value_loss 4908.76093 | Vmean -81.495 | Rmean -113.549 | Vrmse 99.137 | VexpVar 0.721 | adv_std 93.812 | elapsed 32.11s
iter 00063 | success 0.484 | policy_loss -0.00005 | value_loss 4792.47385 | Vmean -79.831 | Rmean -111.154 | Vrmse 97.973 | VexpVar 0.726 | adv_std 92.831 | elapsed 30.96s
iter 00064 | success 0.493 | policy_loss -0.00008 | value_loss 4840.70184 | Vmean -83.106 | Rmean -113.032 | Vrmse 98.439 | VexpVar 0.727 | adv_std 93.780 | elapsed 28.67s
iter 00065 | success 0.506 | policy_loss -0.00010 | value_loss 4612.93597 | Vmean -86.449 | Rmean -117.951 | Vrmse 96.120 | VexpVar 0.741 | adv_std 90.811 | elapsed 28.41s
iter 00066 | success 0.514 | policy_loss -0.00005 | value_loss 4530.69003 | Vmean -91.759 | Rmean -123.937 | Vrmse 95.251 | VexpVar 0.747 | adv_std 89.651 | elapsed 28.98s
iter 00067 | success 0.503 | policy_loss -0.00006 | value_loss 4263.69592 | Vmean -90.866 | Rmean -119.064 | Vrmse 92.325 | VexpVar 0.758 | adv_std 87.913 | elapsed 28.29s
iter 00068 | success 0.496 | policy_loss -0.00007 | value_loss 4030.54135 | Vmean -98.971 | Rmean -123.121 | Vrmse 89.742 | VexpVar 0.768 | adv_std 86.431 | elapsed 28.32s
iter 00069 | success 0.506 | policy_loss -0.00007 | value_loss 3698.65019 | Vmean -106.609 | Rmean -126.306 | Vrmse 85.926 | VexpVar 0.783 | adv_std 83.638 | elapsed 28.39s
iter 00070 | success 0.495 | policy_loss -0.00004 | value_loss 3586.02283 | Vmean -110.013 | Rmean -128.847 | Vrmse 84.563 | VexpVar 0.788 | adv_std 82.439 | elapsed 29.85s
  saved checkpoint: logs/high_level_go2/20251125-074525/model_70.pt
iter 00071 | success 0.504 | policy_loss -0.00005 | value_loss 3615.88405 | Vmean -107.599 | Rmean -126.467 | Vrmse 85.064 | VexpVar 0.786 | adv_std 82.945 | elapsed 33.26s
iter 00072 | success 0.509 | policy_loss -0.00006 | value_loss 3600.49059 | Vmean -110.570 | Rmean -128.987 | Vrmse 84.842 | VexpVar 0.787 | adv_std 82.819 | elapsed 28.14s
iter 00073 | success 0.498 | policy_loss -0.00012 | value_loss 3560.17319 | Vmean -112.564 | Rmean -128.957 | Vrmse 84.266 | VexpVar 0.790 | adv_std 82.656 | elapsed 31.04s
iter 00074 | success 0.517 | policy_loss -0.00007 | value_loss 3305.73831 | Vmean -116.872 | Rmean -131.940 | Vrmse 81.332 | VexpVar 0.799 | adv_std 79.924 | elapsed 30.02s
iter 00075 | success 0.514 | policy_loss -0.00011 | value_loss 3358.67816 | Vmean -121.171 | Rmean -134.499 | Vrmse 81.983 | VexpVar 0.798 | adv_std 80.892 | elapsed 29.29s
iter 00076 | success 0.521 | policy_loss -0.00003 | value_loss 3269.38943 | Vmean -123.763 | Rmean -137.995 | Vrmse 80.505 | VexpVar 0.803 | adv_std 79.237 | elapsed 28.73s
iter 00077 | success 0.510 | policy_loss -0.00008 | value_loss 3319.63121 | Vmean -122.908 | Rmean -138.516 | Vrmse 81.334 | VexpVar 0.801 | adv_std 79.822 | elapsed 29.64s
iter 00078 | success 0.514 | policy_loss -0.00007 | value_loss 3288.12086 | Vmean -124.771 | Rmean -137.318 | Vrmse 81.024 | VexpVar 0.801 | adv_std 80.046 | elapsed 29.11s
iter 00079 | success 0.518 | policy_loss -0.00001 | value_loss 3246.69899 | Vmean -120.932 | Rmean -135.036 | Vrmse 80.511 | VexpVar 0.804 | adv_std 79.266 | elapsed 31.03s
iter 00080 | success 0.511 | policy_loss -0.00003 | value_loss 3223.69836 | Vmean -126.035 | Rmean -136.863 | Vrmse 80.227 | VexpVar 0.806 | adv_std 79.492 | elapsed 31.57s
  saved checkpoint: logs/high_level_go2/20251125-074525/model_80.pt
iter 00081 | success 0.513 | policy_loss -0.00003 | value_loss 3196.91762 | Vmean -126.113 | Rmean -137.810 | Vrmse 79.965 | VexpVar 0.807 | adv_std 79.105 | elapsed 32.63s
iter 00082 | success 0.520 | policy_loss -0.00007 | value_loss 3064.34146 | Vmean -126.031 | Rmean -137.134 | Vrmse 78.265 | VexpVar 0.813 | adv_std 77.474 | elapsed 29.36s
iter 00083 | success 0.529 | policy_loss -0.00005 | value_loss 3098.62769 | Vmean -128.442 | Rmean -137.807 | Vrmse 78.660 | VexpVar 0.811 | adv_std 78.100 | elapsed 29.04s
iter 00084 | success 0.508 | policy_loss -0.00002 | value_loss 3266.65305 | Vmean -122.725 | Rmean -132.184 | Vrmse 80.770 | VexpVar 0.806 | adv_std 80.215 | elapsed 29.87s
iter 00085 | success 0.504 | policy_loss -0.00004 | value_loss 3131.65256 | Vmean -123.646 | Rmean -133.587 | Vrmse 79.123 | VexpVar 0.813 | adv_std 78.496 | elapsed 28.66s
iter 00086 | success 0.524 | policy_loss -0.00003 | value_loss 3080.95059 | Vmean -125.823 | Rmean -137.120 | Vrmse 78.416 | VexpVar 0.815 | adv_std 77.598 | elapsed 30.99s
iter 00087 | success 0.515 | policy_loss -0.00008 | value_loss 3074.03911 | Vmean -126.624 | Rmean -137.853 | Vrmse 78.332 | VexpVar 0.815 | adv_std 77.523 | elapsed 30.13s
iter 00088 | success 0.523 | policy_loss -0.00005 | value_loss 3092.91959 | Vmean -128.298 | Rmean -140.802 | Vrmse 78.609 | VexpVar 0.814 | adv_std 77.608 | elapsed 29.23s
iter 00089 | success 0.518 | policy_loss -0.00003 | value_loss 2986.66420 | Vmean -129.217 | Rmean -140.236 | Vrmse 77.126 | VexpVar 0.820 | adv_std 76.335 | elapsed 32.50s
iter 00090 | success 0.517 | policy_loss -0.00002 | value_loss 2997.34746 | Vmean -134.097 | Rmean -142.891 | Vrmse 77.192 | VexpVar 0.820 | adv_std 76.689 | elapsed 33.53s
  saved checkpoint: logs/high_level_go2/20251125-074525/model_90.pt
iter 00091 | success 0.524 | policy_loss -0.00004 | value_loss 3001.34969 | Vmean -135.150 | Rmean -142.309 | Vrmse 77.445 | VexpVar 0.818 | adv_std 77.114 | elapsed 35.77s
iter 00092 | success 0.529 | policy_loss -0.00001 | value_loss 2871.12837 | Vmean -136.482 | Rmean -144.362 | Vrmse 75.598 | VexpVar 0.823 | adv_std 75.186 | elapsed 34.04s
iter 00093 | success 0.514 | policy_loss -0.00002 | value_loss 3007.69823 | Vmean -134.575 | Rmean -140.055 | Vrmse 77.461 | VexpVar 0.819 | adv_std 77.267 | elapsed 33.07s
iter 00094 | success 0.525 | policy_loss -0.00007 | value_loss 2873.26764 | Vmean -135.452 | Rmean -142.383 | Vrmse 75.683 | VexpVar 0.824 | adv_std 75.365 | elapsed 33.93s
iter 00095 | success 0.526 | policy_loss -0.00004 | value_loss 2892.37180 | Vmean -135.458 | Rmean -143.696 | Vrmse 76.011 | VexpVar 0.824 | adv_std 75.564 | elapsed 31.79s
iter 00096 | success 0.515 | policy_loss -0.00001 | value_loss 2898.72153 | Vmean -135.232 | Rmean -144.070 | Vrmse 76.034 | VexpVar 0.823 | adv_std 75.519 | elapsed 33.50s
iter 00097 | success 0.542 | policy_loss -0.00001 | value_loss 2824.43056 | Vmean -140.264 | Rmean -147.095 | Vrmse 74.994 | VexpVar 0.825 | adv_std 74.683 | elapsed 33.04s
iter 00098 | success 0.526 | policy_loss -0.00001 | value_loss 2864.18715 | Vmean -138.450 | Rmean -144.315 | Vrmse 75.626 | VexpVar 0.826 | adv_std 75.398 | elapsed 32.60s
iter 00099 | success 0.534 | policy_loss -0.00004 | value_loss 2844.15913 | Vmean -137.308 | Rmean -144.232 | Vrmse 75.323 | VexpVar 0.826 | adv_std 75.004 | elapsed 33.52s
iter 00100 | success 0.528 | policy_loss -0.00003 | value_loss 2821.08650 | Vmean -139.032 | Rmean -145.273 | Vrmse 75.013 | VexpVar 0.828 | adv_std 74.753 | elapsed 34.02s
  saved checkpoint: logs/high_level_go2/20251125-074525/model_100.pt
iter 00101 | success 0.513 | policy_loss -0.00001 | value_loss 2893.61343 | Vmean -136.708 | Rmean -142.553 | Vrmse 75.988 | VexpVar 0.826 | adv_std 75.763 | elapsed 36.78s
iter 00102 | success 0.527 | policy_loss -0.00002 | value_loss 2751.27390 | Vmean -138.748 | Rmean -143.543 | Vrmse 73.855 | VexpVar 0.832 | adv_std 73.699 | elapsed 33.18s
iter 00103 | success 0.523 | policy_loss -0.00002 | value_loss 2815.31340 | Vmean -140.343 | Rmean -144.282 | Vrmse 74.729 | VexpVar 0.829 | adv_std 74.625 | elapsed 32.79s
iter 00104 | success 0.517 | policy_loss -0.00001 | value_loss 2784.78931 | Vmean -138.236 | Rmean -142.720 | Vrmse 74.461 | VexpVar 0.831 | adv_std 74.325 | elapsed 33.07s
iter 00105 | success 0.512 | policy_loss -0.00004 | value_loss 2807.34476 | Vmean -140.083 | Rmean -143.358 | Vrmse 74.676 | VexpVar 0.830 | adv_std 74.605 | elapsed 32.48s
iter 00106 | success 0.521 | policy_loss -0.00004 | value_loss 2757.81313 | Vmean -140.756 | Rmean -143.160 | Vrmse 74.007 | VexpVar 0.832 | adv_std 73.967 | elapsed 32.55s
iter 00107 | success 0.528 | policy_loss -0.00002 | value_loss 2763.64598 | Vmean -146.343 | Rmean -148.919 | Vrmse 74.236 | VexpVar 0.830 | adv_std 74.192 | elapsed 32.86s
iter 00108 | success 0.527 | policy_loss 0.00000 | value_loss 2812.09830 | Vmean -145.905 | Rmean -147.715 | Vrmse 74.764 | VexpVar 0.827 | adv_std 74.742 | elapsed 35.72s
iter 00109 | success 0.521 | policy_loss -0.00007 | value_loss 2801.05165 | Vmean -146.895 | Rmean -148.554 | Vrmse 74.807 | VexpVar 0.828 | adv_std 74.789 | elapsed 35.61s
iter 00110 | success 0.531 | policy_loss -0.00002 | value_loss 2727.39131 | Vmean -146.770 | Rmean -149.097 | Vrmse 73.788 | VexpVar 0.831 | adv_std 73.751 | elapsed 34.93s
  saved checkpoint: logs/high_level_go2/20251125-074525/model_110.pt
iter 00111 | success 0.531 | policy_loss -0.00001 | value_loss 2709.37817 | Vmean -150.537 | Rmean -151.880 | Vrmse 73.525 | VexpVar 0.831 | adv_std 73.513 | elapsed 38.45s
iter 00112 | success 0.532 | policy_loss -0.00008 | value_loss 2688.13724 | Vmean -148.926 | Rmean -150.405 | Vrmse 73.217 | VexpVar 0.833 | adv_std 73.202 | elapsed 36.19s
iter 00113 | success 0.517 | policy_loss -0.00001 | value_loss 2755.09282 | Vmean -149.332 | Rmean -151.677 | Vrmse 74.151 | VexpVar 0.830 | adv_std 74.114 | elapsed 35.95s
iter 00114 | success 0.524 | policy_loss -0.00001 | value_loss 2718.52228 | Vmean -149.931 | Rmean -152.929 | Vrmse 73.700 | VexpVar 0.832 | adv_std 73.639 | elapsed 37.73s
iter 00115 | success 0.539 | policy_loss -0.00004 | value_loss 2608.52158 | Vmean -148.981 | Rmean -153.151 | Vrmse 72.054 | VexpVar 0.836 | adv_std 71.934 | elapsed 37.58s
iter 00116 | success 0.524 | policy_loss 0.00000 | value_loss 2745.42575 | Vmean -145.729 | Rmean -150.159 | Vrmse 73.924 | VexpVar 0.833 | adv_std 73.792 | elapsed 33.81s
iter 00117 | success 0.540 | policy_loss -0.00002 | value_loss 2682.85846 | Vmean -149.515 | Rmean -152.944 | Vrmse 73.095 | VexpVar 0.835 | adv_std 73.015 | elapsed 35.71s
iter 00118 | success 0.525 | policy_loss -0.00005 | value_loss 2673.98444 | Vmean -149.414 | Rmean -153.614 | Vrmse 72.930 | VexpVar 0.835 | adv_std 72.809 | elapsed 32.71s
iter 00119 | success 0.529 | policy_loss -0.00004 | value_loss 2668.16920 | Vmean -148.478 | Rmean -151.294 | Vrmse 72.953 | VexpVar 0.837 | adv_std 72.898 | elapsed 32.58s
iter 00120 | success 0.539 | policy_loss -0.00009 | value_loss 2665.84436 | Vmean -149.520 | Rmean -152.100 | Vrmse 72.867 | VexpVar 0.837 | adv_std 72.821 | elapsed 33.29s
  saved checkpoint: logs/high_level_go2/20251125-074525/model_120.pt
iter 00121 | success 0.548 | policy_loss -0.00001 | value_loss 2602.48314 | Vmean -150.864 | Rmean -154.241 | Vrmse 71.963 | VexpVar 0.839 | adv_std 71.884 | elapsed 34.88s
iter 00122 | success 0.534 | policy_loss -0.00009 | value_loss 2618.23627 | Vmean -151.243 | Rmean -154.163 | Vrmse 72.271 | VexpVar 0.838 | adv_std 72.212 | elapsed 33.20s
iter 00123 | success 0.539 | policy_loss -0.00007 | value_loss 2579.22751 | Vmean -150.670 | Rmean -154.793 | Vrmse 71.587 | VexpVar 0.839 | adv_std 71.468 | elapsed 33.17s
iter 00124 | success 0.538 | policy_loss -0.00004 | value_loss 2675.78714 | Vmean -156.579 | Rmean -157.990 | Vrmse 73.018 | VexpVar 0.834 | adv_std 73.004 | elapsed 35.36s
iter 00125 | success 0.545 | policy_loss 0.00000 | value_loss 2605.30629 | Vmean -157.612 | Rmean -158.774 | Vrmse 72.013 | VexpVar 0.837 | adv_std 72.003 | elapsed 36.07s
iter 00126 | success 0.529 | policy_loss -0.00010 | value_loss 2634.17902 | Vmean -155.288 | Rmean -155.586 | Vrmse 72.301 | VexpVar 0.838 | adv_std 72.301 | elapsed 35.82s
iter 00127 | success 0.534 | policy_loss -0.00006 | value_loss 2703.56538 | Vmean -156.619 | Rmean -157.991 | Vrmse 73.207 | VexpVar 0.834 | adv_std 73.195 | elapsed 31.28s
iter 00128 | success 0.536 | policy_loss -0.00002 | value_loss 2595.44659 | Vmean -154.830 | Rmean -157.649 | Vrmse 71.970 | VexpVar 0.837 | adv_std 71.915 | elapsed 33.95s
iter 00129 | success 0.537 | policy_loss -0.00008 | value_loss 2660.21159 | Vmean -156.930 | Rmean -159.668 | Vrmse 72.837 | VexpVar 0.834 | adv_std 72.786 | elapsed 33.07s
iter 00130 | success 0.557 | policy_loss 0.00001 | value_loss 2604.80959 | Vmean -158.194 | Rmean -160.901 | Vrmse 72.012 | VexpVar 0.837 | adv_std 71.961 | elapsed 37.29s
  saved checkpoint: logs/high_level_go2/20251125-074525/model_130.pt
iter 00131 | success 0.533 | policy_loss -0.00002 | value_loss 2679.77666 | Vmean -152.763 | Rmean -157.026 | Vrmse 73.101 | VexpVar 0.836 | adv_std 72.977 | elapsed 38.53s
iter 00132 | success 0.525 | policy_loss -0.00005 | value_loss 2663.87645 | Vmean -150.359 | Rmean -153.314 | Vrmse 72.808 | VexpVar 0.839 | adv_std 72.748 | elapsed 35.03s
iter 00133 | success 0.538 | policy_loss -0.00003 | value_loss 2621.35037 | Vmean -157.209 | Rmean -158.638 | Vrmse 72.028 | VexpVar 0.840 | adv_std 72.013 | elapsed 35.05s
iter 00134 | success 0.539 | policy_loss -0.00004 | value_loss 2589.17058 | Vmean -151.436 | Rmean -154.458 | Vrmse 71.694 | VexpVar 0.843 | adv_std 71.630 | elapsed 30.53s
iter 00135 | success 0.527 | policy_loss -0.00005 | value_loss 2585.15337 | Vmean -156.774 | Rmean -158.491 | Vrmse 71.742 | VexpVar 0.841 | adv_std 71.722 | elapsed 31.00s
iter 00136 | success 0.532 | policy_loss -0.00007 | value_loss 2605.61661 | Vmean -155.715 | Rmean -158.514 | Vrmse 71.970 | VexpVar 0.840 | adv_std 71.916 | elapsed 29.65s
iter 00137 | success 0.558 | policy_loss -0.00001 | value_loss 2506.12096 | Vmean -157.991 | Rmean -161.764 | Vrmse 70.373 | VexpVar 0.845 | adv_std 70.272 | elapsed 30.45s
iter 00138 | success 0.539 | policy_loss -0.00002 | value_loss 2577.04582 | Vmean -152.615 | Rmean -157.503 | Vrmse 71.442 | VexpVar 0.844 | adv_std 71.275 | elapsed 30.23s
iter 00139 | success 0.538 | policy_loss -0.00001 | value_loss 2616.09993 | Vmean -157.913 | Rmean -161.103 | Vrmse 71.836 | VexpVar 0.841 | adv_std 71.765 | elapsed 30.68s
iter 00140 | success 0.540 | policy_loss -0.00004 | value_loss 2604.72629 | Vmean -153.971 | Rmean -159.800 | Vrmse 72.057 | VexpVar 0.841 | adv_std 71.821 | elapsed 32.36s
  saved checkpoint: logs/high_level_go2/20251125-074525/model_140.pt
iter 00141 | success 0.542 | policy_loss -0.00004 | value_loss 2539.83041 | Vmean -153.743 | Rmean -159.702 | Vrmse 71.177 | VexpVar 0.844 | adv_std 70.927 | elapsed 36.68s
iter 00142 | success 0.534 | policy_loss -0.00005 | value_loss 2637.44914 | Vmean -157.810 | Rmean -162.704 | Vrmse 72.305 | VexpVar 0.838 | adv_std 72.139 | elapsed 30.92s
iter 00143 | success 0.533 | policy_loss 0.00000 | value_loss 2618.56497 | Vmean -157.665 | Rmean -160.566 | Vrmse 72.071 | VexpVar 0.840 | adv_std 72.013 | elapsed 29.14s
iter 00144 | success 0.535 | policy_loss -0.00007 | value_loss 2580.52179 | Vmean -157.051 | Rmean -160.931 | Vrmse 71.602 | VexpVar 0.842 | adv_std 71.497 | elapsed 31.22s
iter 00145 | success 0.550 | policy_loss -0.00007 | value_loss 2462.89911 | Vmean -159.157 | Rmean -164.183 | Vrmse 70.029 | VexpVar 0.845 | adv_std 69.848 | elapsed 30.29s
iter 00146 | success 0.534 | policy_loss -0.00003 | value_loss 2615.25151 | Vmean -158.712 | Rmean -162.034 | Vrmse 72.064 | VexpVar 0.839 | adv_std 71.987 | elapsed 29.92s
iter 00147 | success 0.536 | policy_loss -0.00003 | value_loss 2639.75121 | Vmean -156.437 | Rmean -160.368 | Vrmse 72.481 | VexpVar 0.839 | adv_std 72.374 | elapsed 30.08s
iter 00148 | success 0.534 | policy_loss -0.00004 | value_loss 2557.34656 | Vmean -156.131 | Rmean -162.740 | Vrmse 71.348 | VexpVar 0.842 | adv_std 71.041 | elapsed 29.65s
iter 00149 | success 0.557 | policy_loss -0.00008 | value_loss 2527.37901 | Vmean -160.271 | Rmean -165.618 | Vrmse 70.812 | VexpVar 0.842 | adv_std 70.609 | elapsed 29.77s
iter 00150 | success 0.545 | policy_loss -0.00007 | value_loss 2519.42357 | Vmean -161.196 | Rmean -165.536 | Vrmse 70.764 | VexpVar 0.844 | adv_std 70.630 | elapsed 31.86s
  saved checkpoint: logs/high_level_go2/20251125-074525/model_150.pt
iter 00151 | success 0.558 | policy_loss -0.00003 | value_loss 2533.10999 | Vmean -163.233 | Rmean -167.635 | Vrmse 70.662 | VexpVar 0.841 | adv_std 70.525 | elapsed 34.39s
iter 00152 | success 0.542 | policy_loss -0.00001 | value_loss 2581.34831 | Vmean -163.612 | Rmean -167.805 | Vrmse 71.417 | VexpVar 0.841 | adv_std 71.294 | elapsed 32.97s
iter 00153 | success 0.546 | policy_loss -0.00002 | value_loss 2620.53442 | Vmean -162.493 | Rmean -167.302 | Vrmse 71.983 | VexpVar 0.838 | adv_std 71.822 | elapsed 33.06s
iter 00154 | success 0.562 | policy_loss -0.00004 | value_loss 2514.89882 | Vmean -164.497 | Rmean -168.472 | Vrmse 70.687 | VexpVar 0.842 | adv_std 70.575 | elapsed 32.94s
iter 00155 | success 0.546 | policy_loss -0.00001 | value_loss 2564.29187 | Vmean -165.292 | Rmean -168.710 | Vrmse 71.462 | VexpVar 0.839 | adv_std 71.380 | elapsed 33.30s
iter 00156 | success 0.550 | policy_loss -0.00002 | value_loss 2618.99107 | Vmean -165.671 | Rmean -169.033 | Vrmse 71.945 | VexpVar 0.837 | adv_std 71.866 | elapsed 32.74s
iter 00157 | success 0.560 | policy_loss -0.00009 | value_loss 2534.93127 | Vmean -165.223 | Rmean -169.162 | Vrmse 71.043 | VexpVar 0.840 | adv_std 70.934 | elapsed 31.11s
iter 00158 | success 0.558 | policy_loss -0.00002 | value_loss 2580.23997 | Vmean -167.371 | Rmean -169.922 | Vrmse 71.588 | VexpVar 0.837 | adv_std 71.542 | elapsed 32.76s
iter 00159 | success 0.556 | policy_loss -0.00006 | value_loss 2543.22896 | Vmean -166.894 | Rmean -169.863 | Vrmse 71.055 | VexpVar 0.840 | adv_std 70.993 | elapsed 36.59s
iter 00160 | success 0.546 | policy_loss -0.00001 | value_loss 2583.57236 | Vmean -164.763 | Rmean -166.741 | Vrmse 71.576 | VexpVar 0.841 | adv_std 71.549 | elapsed 39.08s
  saved checkpoint: logs/high_level_go2/20251125-074525/model_160.pt
iter 00161 | success 0.544 | policy_loss -0.00008 | value_loss 2548.29965 | Vmean -165.270 | Rmean -167.441 | Vrmse 71.132 | VexpVar 0.842 | adv_std 71.098 | elapsed 35.77s
iter 00162 | success 0.553 | policy_loss -0.00009 | value_loss 2511.44279 | Vmean -165.161 | Rmean -167.359 | Vrmse 70.567 | VexpVar 0.843 | adv_std 70.533 | elapsed 35.03s
iter 00163 | success 0.543 | policy_loss -0.00002 | value_loss 2627.67099 | Vmean -167.989 | Rmean -167.957 | Vrmse 72.041 | VexpVar 0.841 | adv_std 72.041 | elapsed 33.42s
iter 00164 | success 0.549 | policy_loss -0.00002 | value_loss 2655.70093 | Vmean -167.492 | Rmean -168.761 | Vrmse 72.204 | VexpVar 0.838 | adv_std 72.193 | elapsed 34.63s
iter 00165 | success 0.563 | policy_loss -0.00005 | value_loss 2513.66679 | Vmean -166.254 | Rmean -171.403 | Vrmse 70.587 | VexpVar 0.842 | adv_std 70.399 | elapsed 33.60s
iter 00166 | success 0.565 | policy_loss -0.00008 | value_loss 2498.07167 | Vmean -166.080 | Rmean -171.476 | Vrmse 70.489 | VexpVar 0.844 | adv_std 70.282 | elapsed 34.35s
iter 00167 | success 0.570 | policy_loss -0.00005 | value_loss 2459.25768 | Vmean -167.217 | Rmean -171.709 | Vrmse 69.932 | VexpVar 0.845 | adv_std 69.788 | elapsed 32.48s
iter 00168 | success 0.560 | policy_loss -0.00017 | value_loss 2523.57616 | Vmean -168.470 | Rmean -172.703 | Vrmse 70.784 | VexpVar 0.843 | adv_std 70.657 | elapsed 31.70s
iter 00169 | success 0.572 | policy_loss -0.00008 | value_loss 2515.69116 | Vmean -167.921 | Rmean -173.806 | Vrmse 70.589 | VexpVar 0.841 | adv_std 70.344 | elapsed 32.01s
iter 00170 | success 0.559 | policy_loss -0.00009 | value_loss 2688.77240 | Vmean -172.350 | Rmean -174.709 | Vrmse 73.044 | VexpVar 0.831 | adv_std 73.006 | elapsed 35.21s
  saved checkpoint: logs/high_level_go2/20251125-074525/model_170.pt
iter 00171 | success 0.572 | policy_loss -0.00004 | value_loss 2587.91946 | Vmean -176.196 | Rmean -178.535 | Vrmse 71.594 | VexpVar 0.833 | adv_std 71.555 | elapsed 42.31s
iter 00172 | success 0.572 | policy_loss -0.00007 | value_loss 2623.20470 | Vmean -177.797 | Rmean -180.499 | Vrmse 72.201 | VexpVar 0.830 | adv_std 72.150 | elapsed 34.58s
iter 00173 | success 0.582 | policy_loss -0.00004 | value_loss 2602.48643 | Vmean -177.171 | Rmean -182.043 | Vrmse 71.662 | VexpVar 0.830 | adv_std 71.496 | elapsed 35.49s
iter 00174 | success 0.561 | policy_loss -0.00004 | value_loss 2681.10550 | Vmean -176.420 | Rmean -178.640 | Vrmse 73.013 | VexpVar 0.828 | adv_std 72.979 | elapsed 35.22s
iter 00175 | success 0.571 | policy_loss -0.00004 | value_loss 2616.33160 | Vmean -173.988 | Rmean -178.855 | Vrmse 72.135 | VexpVar 0.830 | adv_std 71.970 | elapsed 31.62s
iter 00176 | success 0.565 | policy_loss -0.00005 | value_loss 2658.24304 | Vmean -175.464 | Rmean -179.640 | Vrmse 72.710 | VexpVar 0.828 | adv_std 72.590 | elapsed 33.44s
iter 00177 | success 0.567 | policy_loss -0.00002 | value_loss 2574.02811 | Vmean -176.126 | Rmean -181.390 | Vrmse 71.500 | VexpVar 0.833 | adv_std 71.306 | elapsed 35.66s
iter 00178 | success 0.569 | policy_loss -0.00020 | value_loss 2619.11760 | Vmean -174.100 | Rmean -180.598 | Vrmse 72.151 | VexpVar 0.830 | adv_std 71.857 | elapsed 35.35s
iter 00179 | success 0.573 | policy_loss -0.00005 | value_loss 2586.47060 | Vmean -174.622 | Rmean -181.922 | Vrmse 71.628 | VexpVar 0.832 | adv_std 71.255 | elapsed 35.78s
iter 00180 | success 0.577 | policy_loss -0.00010 | value_loss 2528.30040 | Vmean -173.037 | Rmean -180.762 | Vrmse 70.926 | VexpVar 0.834 | adv_std 70.504 | elapsed 35.48s
  saved checkpoint: logs/high_level_go2/20251125-074525/model_180.pt
iter 00181 | success 0.573 | policy_loss -0.00004 | value_loss 2553.22328 | Vmean -175.554 | Rmean -181.369 | Vrmse 70.967 | VexpVar 0.834 | adv_std 70.729 | elapsed 39.53s
iter 00182 | success 0.566 | policy_loss -0.00004 | value_loss 2620.42976 | Vmean -178.847 | Rmean -181.194 | Vrmse 72.032 | VexpVar 0.830 | adv_std 71.994 | elapsed 35.68s
iter 00183 | success 0.571 | policy_loss -0.00004 | value_loss 2590.86444 | Vmean -177.300 | Rmean -180.503 | Vrmse 71.814 | VexpVar 0.832 | adv_std 71.743 | elapsed 35.43s
iter 00184 | success 0.556 | policy_loss -0.00005 | value_loss 2593.92705 | Vmean -174.526 | Rmean -179.149 | Vrmse 71.593 | VexpVar 0.834 | adv_std 71.443 | elapsed 35.74s
iter 00185 | success 0.573 | policy_loss -0.00008 | value_loss 2465.98270 | Vmean -173.837 | Rmean -177.611 | Vrmse 69.958 | VexpVar 0.841 | adv_std 69.856 | elapsed 34.63s
iter 00186 | success 0.575 | policy_loss -0.00006 | value_loss 2471.99483 | Vmean -172.626 | Rmean -178.289 | Vrmse 70.010 | VexpVar 0.840 | adv_std 69.780 | elapsed 36.06s
iter 00187 | success 0.586 | policy_loss -0.00005 | value_loss 2441.54730 | Vmean -172.799 | Rmean -178.375 | Vrmse 69.663 | VexpVar 0.842 | adv_std 69.439 | elapsed 35.82s
iter 00188 | success 0.583 | policy_loss -0.00008 | value_loss 2472.85226 | Vmean -172.869 | Rmean -177.954 | Vrmse 70.060 | VexpVar 0.841 | adv_std 69.875 | elapsed 34.39s
iter 00189 | success 0.572 | policy_loss -0.00001 | value_loss 2501.80284 | Vmean -172.103 | Rmean -178.210 | Vrmse 70.496 | VexpVar 0.839 | adv_std 70.231 | elapsed 33.66s
iter 00190 | success 0.556 | policy_loss -0.00009 | value_loss 2564.49182 | Vmean -172.773 | Rmean -178.778 | Vrmse 71.365 | VexpVar 0.837 | adv_std 71.112 | elapsed 31.52s
  saved checkpoint: logs/high_level_go2/20251125-074525/model_190.pt
iter 00191 | success 0.574 | policy_loss -0.00006 | value_loss 2465.37744 | Vmean -171.844 | Rmean -179.879 | Vrmse 70.017 | VexpVar 0.840 | adv_std 69.555 | elapsed 38.82s
iter 00192 | success 0.599 | policy_loss -0.00007 | value_loss 2439.61774 | Vmean -173.670 | Rmean -182.039 | Vrmse 69.500 | VexpVar 0.840 | adv_std 68.994 | elapsed 32.59s
iter 00193 | success 0.580 | policy_loss -0.00002 | value_loss 2507.93170 | Vmean -174.046 | Rmean -180.524 | Vrmse 70.201 | VexpVar 0.839 | adv_std 69.901 | elapsed 34.37s
iter 00194 | success 0.587 | policy_loss -0.00007 | value_loss 2403.40143 | Vmean -177.779 | Rmean -184.174 | Vrmse 68.934 | VexpVar 0.839 | adv_std 68.637 | elapsed 33.50s
iter 00195 | success 0.591 | policy_loss -0.00008 | value_loss 2390.66615 | Vmean -176.504 | Rmean -183.967 | Vrmse 68.841 | VexpVar 0.840 | adv_std 68.435 | elapsed 34.34s
iter 00196 | success 0.590 | policy_loss -0.00005 | value_loss 2400.04512 | Vmean -178.836 | Rmean -185.999 | Vrmse 69.075 | VexpVar 0.837 | adv_std 68.702 | elapsed 36.66s
iter 00197 | success 0.582 | policy_loss -0.00009 | value_loss 2544.94220 | Vmean -179.341 | Rmean -184.381 | Vrmse 70.875 | VexpVar 0.832 | adv_std 70.695 | elapsed 34.40s
iter 00198 | success 0.592 | policy_loss -0.00005 | value_loss 2503.30785 | Vmean -179.296 | Rmean -183.331 | Vrmse 70.481 | VexpVar 0.835 | adv_std 70.365 | elapsed 34.84s
iter 00199 | success 0.593 | policy_loss -0.00005 | value_loss 2484.78522 | Vmean -182.586 | Rmean -186.171 | Vrmse 70.108 | VexpVar 0.833 | adv_std 70.016 | elapsed 33.97s
iter 00200 | success 0.586 | policy_loss -0.00010 | value_loss 2509.81381 | Vmean -182.708 | Rmean -185.699 | Vrmse 70.597 | VexpVar 0.832 | adv_std 70.533 | elapsed 35.24s
  saved checkpoint: logs/high_level_go2/20251125-074525/model_200.pt
iter 00201 | success 0.583 | policy_loss -0.00004 | value_loss 2493.62141 | Vmean -184.970 | Rmean -188.677 | Vrmse 70.035 | VexpVar 0.831 | adv_std 69.937 | elapsed 41.92s
iter 00202 | success 0.582 | policy_loss 0.00001 | value_loss 2446.32622 | Vmean -183.544 | Rmean -187.507 | Vrmse 69.779 | VexpVar 0.832 | adv_std 69.666 | elapsed 32.84s
iter 00203 | success 0.593 | policy_loss -0.00012 | value_loss 2438.48741 | Vmean -182.631 | Rmean -187.780 | Vrmse 69.361 | VexpVar 0.835 | adv_std 69.169 | elapsed 33.42s
iter 00204 | success 0.599 | policy_loss -0.00006 | value_loss 2381.18433 | Vmean -183.724 | Rmean -189.894 | Vrmse 68.624 | VexpVar 0.836 | adv_std 68.346 | elapsed 32.30s
iter 00205 | success 0.598 | policy_loss -0.00008 | value_loss 2410.11424 | Vmean -181.997 | Rmean -187.841 | Vrmse 68.776 | VexpVar 0.837 | adv_std 68.527 | elapsed 32.48s
iter 00206 | success 0.596 | policy_loss -0.00003 | value_loss 2415.10231 | Vmean -187.935 | Rmean -191.232 | Vrmse 69.154 | VexpVar 0.831 | adv_std 69.076 | elapsed 33.86s
iter 00207 | success 0.603 | policy_loss -0.00001 | value_loss 2424.55629 | Vmean -185.628 | Rmean -189.111 | Vrmse 69.397 | VexpVar 0.832 | adv_std 69.310 | elapsed 33.38s
iter 00208 | success 0.597 | policy_loss -0.00005 | value_loss 2409.49414 | Vmean -188.475 | Rmean -191.765 | Vrmse 69.169 | VexpVar 0.830 | adv_std 69.091 | elapsed 34.16s
iter 00209 | success 0.586 | policy_loss -0.00005 | value_loss 2487.52275 | Vmean -185.315 | Rmean -188.684 | Vrmse 70.199 | VexpVar 0.830 | adv_std 70.119 | elapsed 35.02s
iter 00210 | success 0.605 | policy_loss -0.00003 | value_loss 2360.50635 | Vmean -187.372 | Rmean -192.683 | Vrmse 68.446 | VexpVar 0.832 | adv_std 68.240 | elapsed 31.47s
  saved checkpoint: logs/high_level_go2/20251125-074525/model_210.pt
iter 00211 | success 0.584 | policy_loss -0.00008 | value_loss 2471.30698 | Vmean -185.583 | Rmean -189.602 | Vrmse 70.006 | VexpVar 0.829 | adv_std 69.890 | elapsed 34.30s
iter 00212 | success 0.589 | policy_loss -0.00005 | value_loss 2431.53029 | Vmean -180.932 | Rmean -186.978 | Vrmse 69.541 | VexpVar 0.834 | adv_std 69.278 | elapsed 32.62s
iter 00213 | success 0.605 | policy_loss -0.00005 | value_loss 2351.42465 | Vmean -182.489 | Rmean -188.738 | Vrmse 68.282 | VexpVar 0.837 | adv_std 67.995 | elapsed 32.06s
iter 00214 | success 0.605 | policy_loss -0.00011 | value_loss 2387.38150 | Vmean -183.620 | Rmean -189.812 | Vrmse 68.527 | VexpVar 0.835 | adv_std 68.246 | elapsed 33.17s
iter 00215 | success 0.601 | policy_loss -0.00010 | value_loss 2429.60085 | Vmean -185.864 | Rmean -191.074 | Vrmse 69.413 | VexpVar 0.829 | adv_std 69.217 | elapsed 33.21s
iter 00216 | success 0.601 | policy_loss -0.00006 | value_loss 2379.19299 | Vmean -184.198 | Rmean -190.551 | Vrmse 68.723 | VexpVar 0.833 | adv_std 68.429 | elapsed 34.17s
iter 00217 | success 0.612 | policy_loss -0.00005 | value_loss 2383.85907 | Vmean -187.475 | Rmean -191.905 | Vrmse 68.634 | VexpVar 0.831 | adv_std 68.491 | elapsed 34.26s
iter 00218 | success 0.606 | policy_loss -0.00004 | value_loss 2419.71468 | Vmean -187.917 | Rmean -192.235 | Vrmse 68.974 | VexpVar 0.830 | adv_std 68.839 | elapsed 34.90s
iter 00219 | success 0.599 | policy_loss -0.00008 | value_loss 2413.74519 | Vmean -190.394 | Rmean -192.696 | Vrmse 69.192 | VexpVar 0.828 | adv_std 69.154 | elapsed 35.24s
iter 00220 | success 0.597 | policy_loss -0.00007 | value_loss 2449.45703 | Vmean -189.925 | Rmean -191.529 | Vrmse 69.713 | VexpVar 0.828 | adv_std 69.694 | elapsed 31.68s
  saved checkpoint: logs/high_level_go2/20251125-074525/model_220.pt
iter 00221 | success 0.597 | policy_loss -0.00003 | value_loss 2395.89662 | Vmean -188.252 | Rmean -192.907 | Vrmse 68.834 | VexpVar 0.831 | adv_std 68.676 | elapsed 32.50s
iter 00222 | success 0.607 | policy_loss -0.00005 | value_loss 2340.19682 | Vmean -191.590 | Rmean -194.781 | Vrmse 68.037 | VexpVar 0.831 | adv_std 67.962 | elapsed 31.38s
iter 00223 | success 0.608 | policy_loss -0.00003 | value_loss 2413.99748 | Vmean -194.048 | Rmean -195.879 | Vrmse 68.992 | VexpVar 0.825 | adv_std 68.967 | elapsed 32.61s
iter 00224 | success 0.593 | policy_loss -0.00005 | value_loss 2468.06143 | Vmean -190.688 | Rmean -193.183 | Vrmse 69.911 | VexpVar 0.825 | adv_std 69.866 | elapsed 30.80s
iter 00225 | success 0.601 | policy_loss -0.00009 | value_loss 2454.35190 | Vmean -190.919 | Rmean -193.658 | Vrmse 69.788 | VexpVar 0.825 | adv_std 69.735 | elapsed 33.31s
iter 00226 | success 0.597 | policy_loss -0.00007 | value_loss 2412.04790 | Vmean -190.729 | Rmean -195.786 | Vrmse 68.930 | VexpVar 0.826 | adv_std 68.745 | elapsed 31.84s
iter 00227 | success 0.596 | policy_loss -0.00007 | value_loss 2428.39171 | Vmean -194.934 | Rmean -196.220 | Vrmse 69.178 | VexpVar 0.827 | adv_std 69.166 | elapsed 32.40s
iter 00228 | success 0.612 | policy_loss -0.00004 | value_loss 2398.77637 | Vmean -191.002 | Rmean -194.919 | Vrmse 68.962 | VexpVar 0.828 | adv_std 68.851 | elapsed 31.27s
iter 00229 | success 0.618 | policy_loss -0.00007 | value_loss 2348.50427 | Vmean -193.693 | Rmean -198.111 | Vrmse 67.467 | VexpVar 0.829 | adv_std 67.322 | elapsed 30.66s
iter 00230 | success 0.615 | policy_loss -0.00009 | value_loss 2406.14932 | Vmean -197.256 | Rmean -199.323 | Vrmse 68.535 | VexpVar 0.825 | adv_std 68.504 | elapsed 30.88s
  saved checkpoint: logs/high_level_go2/20251125-074525/model_230.pt
iter 00231 | success 0.597 | policy_loss -0.00001 | value_loss 2454.87984 | Vmean -191.331 | Rmean -196.818 | Vrmse 69.264 | VexpVar 0.825 | adv_std 69.046 | elapsed 35.93s
iter 00232 | success 0.609 | policy_loss -0.00007 | value_loss 2438.26286 | Vmean -195.515 | Rmean -199.914 | Vrmse 69.082 | VexpVar 0.820 | adv_std 68.942 | elapsed 32.46s
iter 00233 | success 0.600 | policy_loss -0.00006 | value_loss 2447.98929 | Vmean -194.753 | Rmean -199.514 | Vrmse 69.611 | VexpVar 0.819 | adv_std 69.448 | elapsed 31.68s
iter 00234 | success 0.611 | policy_loss -0.00002 | value_loss 2361.31660 | Vmean -197.960 | Rmean -201.683 | Vrmse 68.422 | VexpVar 0.821 | adv_std 68.321 | elapsed 30.79s
iter 00235 | success 0.608 | policy_loss -0.00002 | value_loss 2444.35944 | Vmean -194.546 | Rmean -198.761 | Vrmse 69.431 | VexpVar 0.821 | adv_std 69.303 | elapsed 33.55s
iter 00236 | success 0.604 | policy_loss -0.00001 | value_loss 2421.73734 | Vmean -194.853 | Rmean -198.416 | Vrmse 68.999 | VexpVar 0.824 | adv_std 68.907 | elapsed 34.54s
iter 00237 | success 0.606 | policy_loss -0.00006 | value_loss 2390.24408 | Vmean -195.018 | Rmean -197.987 | Vrmse 68.848 | VexpVar 0.826 | adv_std 68.784 | elapsed 33.89s
iter 00238 | success 0.609 | policy_loss -0.00015 | value_loss 2305.67322 | Vmean -195.455 | Rmean -199.312 | Vrmse 67.570 | VexpVar 0.828 | adv_std 67.460 | elapsed 31.67s
iter 00239 | success 0.590 | policy_loss -0.00004 | value_loss 2386.83075 | Vmean -195.680 | Rmean -200.160 | Vrmse 68.129 | VexpVar 0.827 | adv_std 67.981 | elapsed 33.42s
iter 00240 | success 0.598 | policy_loss -0.00005 | value_loss 2431.68947 | Vmean -200.911 | Rmean -201.416 | Vrmse 69.235 | VexpVar 0.818 | adv_std 69.233 | elapsed 31.96s
  saved checkpoint: logs/high_level_go2/20251125-074525/model_240.pt
iter 00241 | success 0.612 | policy_loss -0.00005 | value_loss 2332.48283 | Vmean -202.497 | Rmean -203.323 | Vrmse 67.977 | VexpVar 0.822 | adv_std 67.972 | elapsed 36.53s
iter 00242 | success 0.620 | policy_loss -0.00010 | value_loss 2298.78433 | Vmean -200.384 | Rmean -202.138 | Vrmse 67.522 | VexpVar 0.824 | adv_std 67.500 | elapsed 34.73s
iter 00243 | success 0.612 | policy_loss -0.00009 | value_loss 2370.73961 | Vmean -200.316 | Rmean -202.397 | Vrmse 67.984 | VexpVar 0.822 | adv_std 67.952 | elapsed 33.62s
iter 00244 | success 0.606 | policy_loss -0.00009 | value_loss 2441.42976 | Vmean -204.296 | Rmean -203.930 | Vrmse 68.989 | VexpVar 0.817 | adv_std 68.988 | elapsed 36.90s
iter 00245 | success 0.612 | policy_loss -0.00003 | value_loss 2392.32352 | Vmean -206.410 | Rmean -206.400 | Vrmse 68.592 | VexpVar 0.814 | adv_std 68.592 | elapsed 38.21s
iter 00246 | success 0.598 | policy_loss -0.00007 | value_loss 2431.84721 | Vmean -202.450 | Rmean -203.960 | Vrmse 69.109 | VexpVar 0.815 | adv_std 69.092 | elapsed 35.37s
iter 00247 | success 0.610 | policy_loss -0.00008 | value_loss 2384.51613 | Vmean -204.290 | Rmean -203.995 | Vrmse 68.617 | VexpVar 0.818 | adv_std 68.616 | elapsed 35.68s
iter 00248 | success 0.605 | policy_loss -0.00004 | value_loss 2456.62341 | Vmean -207.071 | Rmean -205.489 | Vrmse 68.948 | VexpVar 0.815 | adv_std 68.930 | elapsed 35.54s
iter 00249 | success 0.609 | policy_loss -0.00006 | value_loss 2387.28725 | Vmean -201.345 | Rmean -205.361 | Vrmse 67.997 | VexpVar 0.818 | adv_std 67.878 | elapsed 31.05s
iter 00250 | success 0.605 | policy_loss -0.00005 | value_loss 2419.52486 | Vmean -200.201 | Rmean -202.724 | Vrmse 68.513 | VexpVar 0.821 | adv_std 68.467 | elapsed 33.47s
  saved checkpoint: logs/high_level_go2/20251125-074525/model_250.pt
iter 00251 | success 0.628 | policy_loss -0.00006 | value_loss 2313.50313 | Vmean -204.447 | Rmean -205.803 | Vrmse 67.103 | VexpVar 0.822 | adv_std 67.090 | elapsed 38.64s
iter 00252 | success 0.610 | policy_loss -0.00011 | value_loss 2367.20863 | Vmean -205.007 | Rmean -205.570 | Vrmse 68.188 | VexpVar 0.818 | adv_std 68.186 | elapsed 36.99s
iter 00253 | success 0.627 | policy_loss -0.00005 | value_loss 2252.25951 | Vmean -206.914 | Rmean -208.951 | Vrmse 66.736 | VexpVar 0.819 | adv_std 66.705 | elapsed 33.94s
iter 00254 | success 0.610 | policy_loss -0.00007 | value_loss 2391.98714 | Vmean -208.222 | Rmean -208.018 | Vrmse 68.596 | VexpVar 0.814 | adv_std 68.596 | elapsed 37.72s
iter 00255 | success 0.598 | policy_loss -0.00005 | value_loss 2390.11418 | Vmean -208.963 | Rmean -208.163 | Vrmse 68.848 | VexpVar 0.813 | adv_std 68.844 | elapsed 32.14s
iter 00256 | success 0.610 | policy_loss -0.00006 | value_loss 2362.87383 | Vmean -207.303 | Rmean -208.091 | Vrmse 68.285 | VexpVar 0.814 | adv_std 68.281 | elapsed 31.20s
iter 00257 | success 0.624 | policy_loss -0.00009 | value_loss 2296.41032 | Vmean -209.245 | Rmean -209.992 | Vrmse 67.402 | VexpVar 0.814 | adv_std 67.398 | elapsed 31.42s
iter 00258 | success 0.608 | policy_loss -0.00012 | value_loss 2380.13776 | Vmean -209.796 | Rmean -209.385 | Vrmse 68.404 | VexpVar 0.812 | adv_std 68.403 | elapsed 35.00s
iter 00259 | success 0.609 | policy_loss -0.00010 | value_loss 2430.63313 | Vmean -209.627 | Rmean -210.100 | Vrmse 68.228 | VexpVar 0.811 | adv_std 68.226 | elapsed 30.64s
iter 00260 | success 0.602 | policy_loss -0.00004 | value_loss 2405.17535 | Vmean -211.838 | Rmean -210.993 | Vrmse 68.686 | VexpVar 0.807 | adv_std 68.681 | elapsed 30.69s
  saved checkpoint: logs/high_level_go2/20251125-074525/model_260.pt
iter 00261 | success 0.622 | policy_loss -0.00009 | value_loss 2346.99841 | Vmean -209.952 | Rmean -210.096 | Vrmse 68.110 | VexpVar 0.812 | adv_std 68.110 | elapsed 34.29s
iter 00262 | success 0.605 | policy_loss -0.00003 | value_loss 2357.12872 | Vmean -208.695 | Rmean -210.782 | Vrmse 67.894 | VexpVar 0.811 | adv_std 67.862 | elapsed 32.84s
iter 00263 | success 0.611 | policy_loss -0.00008 | value_loss 2350.30812 | Vmean -205.727 | Rmean -210.319 | Vrmse 67.984 | VexpVar 0.810 | adv_std 67.829 | elapsed 31.89s
iter 00264 | success 0.624 | policy_loss -0.00005 | value_loss 2319.33582 | Vmean -207.534 | Rmean -210.698 | Vrmse 67.282 | VexpVar 0.810 | adv_std 67.208 | elapsed 30.98s
iter 00265 | success 0.623 | policy_loss -0.00007 | value_loss 2306.81427 | Vmean -208.495 | Rmean -211.679 | Vrmse 67.456 | VexpVar 0.806 | adv_std 67.381 | elapsed 36.20s
iter 00266 | success 0.618 | policy_loss -0.00009 | value_loss 2270.67365 | Vmean -209.824 | Rmean -212.523 | Vrmse 66.951 | VexpVar 0.808 | adv_std 66.896 | elapsed 35.37s
iter 00267 | success 0.632 | policy_loss -0.00007 | value_loss 2253.34134 | Vmean -207.171 | Rmean -211.382 | Vrmse 66.543 | VexpVar 0.809 | adv_std 66.409 | elapsed 32.05s
iter 00268 | success 0.610 | policy_loss -0.00008 | value_loss 2358.52113 | Vmean -207.531 | Rmean -210.115 | Vrmse 68.151 | VexpVar 0.806 | adv_std 68.102 | elapsed 30.89s
iter 00269 | success 0.629 | policy_loss -0.00008 | value_loss 2221.80411 | Vmean -214.676 | Rmean -214.737 | Vrmse 66.269 | VexpVar 0.805 | adv_std 66.269 | elapsed 36.23s
iter 00270 | success 0.618 | policy_loss -0.00007 | value_loss 2294.25252 | Vmean -212.277 | Rmean -212.544 | Vrmse 67.402 | VexpVar 0.804 | adv_std 67.402 | elapsed 36.46s
  saved checkpoint: logs/high_level_go2/20251125-074525/model_270.pt
iter 00271 | success 0.623 | policy_loss -0.00007 | value_loss 2261.41965 | Vmean -213.908 | Rmean -214.401 | Vrmse 66.882 | VexpVar 0.802 | adv_std 66.880 | elapsed 37.98s
iter 00272 | success 0.621 | policy_loss -0.00007 | value_loss 2343.47888 | Vmean -215.278 | Rmean -214.054 | Vrmse 68.027 | VexpVar 0.799 | adv_std 68.016 | elapsed 37.73s
iter 00273 | success 0.625 | policy_loss -0.00006 | value_loss 2304.72443 | Vmean -218.650 | Rmean -216.242 | Vrmse 67.495 | VexpVar 0.798 | adv_std 67.452 | elapsed 31.43s
iter 00274 | success 0.606 | policy_loss -0.00003 | value_loss 2397.91031 | Vmean -216.535 | Rmean -213.841 | Vrmse 68.890 | VexpVar 0.796 | adv_std 68.837 | elapsed 32.73s
iter 00275 | success 0.623 | policy_loss -0.00006 | value_loss 2375.14618 | Vmean -218.173 | Rmean -215.450 | Vrmse 68.374 | VexpVar 0.795 | adv_std 68.319 | elapsed 31.65s
iter 00276 | success 0.616 | policy_loss -0.00006 | value_loss 2435.07269 | Vmean -217.285 | Rmean -215.134 | Vrmse 69.096 | VexpVar 0.791 | adv_std 69.063 | elapsed 31.45s
iter 00277 | success 0.626 | policy_loss -0.00010 | value_loss 2339.11868 | Vmean -215.681 | Rmean -214.842 | Vrmse 67.987 | VexpVar 0.795 | adv_std 67.982 | elapsed 34.51s
iter 00278 | success 0.627 | policy_loss 0.00003 | value_loss 2334.96075 | Vmean -217.341 | Rmean -215.600 | Vrmse 67.506 | VexpVar 0.798 | adv_std 67.483 | elapsed 31.90s
iter 00279 | success 0.628 | policy_loss -0.00008 | value_loss 2328.65254 | Vmean -214.826 | Rmean -215.667 | Vrmse 67.719 | VexpVar 0.796 | adv_std 67.714 | elapsed 34.61s
iter 00280 | success 0.626 | policy_loss -0.00007 | value_loss 2231.87491 | Vmean -216.394 | Rmean -216.222 | Vrmse 66.389 | VexpVar 0.800 | adv_std 66.389 | elapsed 35.63s
  saved checkpoint: logs/high_level_go2/20251125-074525/model_280.pt
iter 00281 | success 0.615 | policy_loss -0.00008 | value_loss 2256.82117 | Vmean -217.488 | Rmean -216.297 | Vrmse 66.757 | VexpVar 0.800 | adv_std 66.746 | elapsed 37.21s
iter 00282 | success 0.614 | policy_loss -0.00008 | value_loss 2300.33484 | Vmean -216.564 | Rmean -215.387 | Vrmse 67.429 | VexpVar 0.799 | adv_std 67.419 | elapsed 36.80s
iter 00283 | success 0.612 | policy_loss -0.00008 | value_loss 2393.17160 | Vmean -213.184 | Rmean -213.375 | Vrmse 68.617 | VexpVar 0.795 | adv_std 68.617 | elapsed 35.20s
iter 00284 | success 0.627 | policy_loss -0.00001 | value_loss 2290.10387 | Vmean -216.990 | Rmean -216.411 | Vrmse 67.244 | VexpVar 0.794 | adv_std 67.241 | elapsed 30.87s
iter 00285 | success 0.622 | policy_loss -0.00006 | value_loss 2310.82001 | Vmean -215.081 | Rmean -215.952 | Vrmse 67.586 | VexpVar 0.792 | adv_std 67.580 | elapsed 29.47s
iter 00286 | success 0.616 | policy_loss -0.00010 | value_loss 2459.75505 | Vmean -218.491 | Rmean -215.332 | Vrmse 69.314 | VexpVar 0.787 | adv_std 69.242 | elapsed 31.01s
iter 00287 | success 0.611 | policy_loss -0.00007 | value_loss 2529.11488 | Vmean -218.095 | Rmean -217.015 | Vrmse 70.032 | VexpVar 0.779 | adv_std 70.024 | elapsed 33.40s
iter 00288 | success 0.628 | policy_loss -0.00001 | value_loss 2451.19212 | Vmean -220.104 | Rmean -219.023 | Vrmse 69.233 | VexpVar 0.776 | adv_std 69.225 | elapsed 32.93s
iter 00289 | success 0.620 | policy_loss -0.00006 | value_loss 2379.87677 | Vmean -220.875 | Rmean -218.453 | Vrmse 68.464 | VexpVar 0.783 | adv_std 68.421 | elapsed 33.03s
iter 00290 | success 0.632 | policy_loss -0.00005 | value_loss 2376.97337 | Vmean -219.413 | Rmean -218.082 | Vrmse 68.179 | VexpVar 0.784 | adv_std 68.166 | elapsed 30.76s
  saved checkpoint: logs/high_level_go2/20251125-074525/model_290.pt
iter 00291 | success 0.628 | policy_loss -0.00008 | value_loss 2371.60062 | Vmean -219.335 | Rmean -218.516 | Vrmse 68.519 | VexpVar 0.781 | adv_std 68.514 | elapsed 34.46s
iter 00292 | success 0.605 | policy_loss -0.00007 | value_loss 2559.27045 | Vmean -221.688 | Rmean -217.719 | Vrmse 71.001 | VexpVar 0.772 | adv_std 70.890 | elapsed 28.41s
iter 00293 | success 0.629 | policy_loss 0.00000 | value_loss 2379.66859 | Vmean -220.527 | Rmean -218.686 | Vrmse 68.283 | VexpVar 0.782 | adv_std 68.258 | elapsed 26.77s
iter 00294 | success 0.620 | policy_loss -0.00002 | value_loss 2446.82008 | Vmean -218.120 | Rmean -217.302 | Vrmse 69.415 | VexpVar 0.779 | adv_std 69.411 | elapsed 30.10s
iter 00295 | success 0.628 | policy_loss -0.00004 | value_loss 2318.95128 | Vmean -217.479 | Rmean -218.046 | Vrmse 67.642 | VexpVar 0.787 | adv_std 67.639 | elapsed 28.53s
iter 00296 | success 0.625 | policy_loss -0.00003 | value_loss 2274.47249 | Vmean -221.592 | Rmean -219.579 | Vrmse 67.087 | VexpVar 0.786 | adv_std 67.057 | elapsed 31.35s
iter 00297 | success 0.623 | policy_loss -0.00010 | value_loss 2234.02533 | Vmean -219.918 | Rmean -218.030 | Vrmse 66.396 | VexpVar 0.796 | adv_std 66.369 | elapsed 31.60s
iter 00298 | success 0.629 | policy_loss -0.00007 | value_loss 2256.80820 | Vmean -221.988 | Rmean -218.819 | Vrmse 66.614 | VexpVar 0.793 | adv_std 66.539 | elapsed 32.60s
iter 00299 | success 0.605 | policy_loss -0.00004 | value_loss 2373.25606 | Vmean -218.281 | Rmean -217.828 | Vrmse 68.507 | VexpVar 0.786 | adv_std 68.506 | elapsed 30.33s
iter 00300 | success 0.609 | policy_loss -0.00014 | value_loss 2331.51442 | Vmean -217.838 | Rmean -218.036 | Vrmse 67.932 | VexpVar 0.788 | adv_std 67.932 | elapsed 29.22s
  saved checkpoint: logs/high_level_go2/20251125-074525/model_300.pt
iter 00301 | success 0.614 | policy_loss -0.00001 | value_loss 2274.80925 | Vmean -220.928 | Rmean -219.237 | Vrmse 67.105 | VexpVar 0.789 | adv_std 67.083 | elapsed 31.32s
iter 00302 | success 0.617 | policy_loss -0.00009 | value_loss 2261.31163 | Vmean -219.353 | Rmean -218.871 | Vrmse 66.920 | VexpVar 0.788 | adv_std 66.918 | elapsed 31.79s
iter 00303 | success 0.615 | policy_loss -0.00016 | value_loss 2322.63080 | Vmean -220.388 | Rmean -219.644 | Vrmse 67.607 | VexpVar 0.784 | adv_std 67.603 | elapsed 32.16s
iter 00304 | success 0.623 | policy_loss -0.00007 | value_loss 2232.39259 | Vmean -222.648 | Rmean -219.740 | Vrmse 66.208 | VexpVar 0.793 | adv_std 66.145 | elapsed 31.21s
iter 00305 | success 0.629 | policy_loss -0.00008 | value_loss 2231.34724 | Vmean -221.416 | Rmean -218.684 | Vrmse 65.808 | VexpVar 0.796 | adv_std 65.751 | elapsed 34.62s
iter 00306 | success 0.614 | policy_loss -0.00006 | value_loss 2235.67619 | Vmean -222.514 | Rmean -218.810 | Vrmse 66.098 | VexpVar 0.798 | adv_std 65.994 | elapsed 33.84s
iter 00307 | success 0.632 | policy_loss -0.00016 | value_loss 2211.55646 | Vmean -222.320 | Rmean -219.551 | Vrmse 66.045 | VexpVar 0.793 | adv_std 65.987 | elapsed 33.95s
iter 00308 | success 0.632 | policy_loss -0.00006 | value_loss 2219.58243 | Vmean -224.977 | Rmean -220.584 | Vrmse 66.178 | VexpVar 0.793 | adv_std 66.032 | elapsed 33.14s
iter 00309 | success 0.623 | policy_loss -0.00003 | value_loss 2288.78696 | Vmean -224.589 | Rmean -220.277 | Vrmse 67.157 | VexpVar 0.788 | adv_std 67.018 | elapsed 33.14s
iter 00310 | success 0.615 | policy_loss -0.00004 | value_loss 2320.19012 | Vmean -222.403 | Rmean -218.779 | Vrmse 66.877 | VexpVar 0.794 | adv_std 66.779 | elapsed 33.17s
  saved checkpoint: logs/high_level_go2/20251125-074525/model_310.pt
iter 00311 | success 0.630 | policy_loss -0.00005 | value_loss 2247.29730 | Vmean -222.019 | Rmean -218.747 | Vrmse 65.415 | VexpVar 0.801 | adv_std 65.333 | elapsed 35.85s
iter 00312 | success 0.619 | policy_loss -0.00003 | value_loss 2286.41545 | Vmean -224.024 | Rmean -219.862 | Vrmse 67.271 | VexpVar 0.790 | adv_std 67.142 | elapsed 34.15s
iter 00313 | success 0.618 | policy_loss 0.00003 | value_loss 2294.77740 | Vmean -225.171 | Rmean -220.455 | Vrmse 67.037 | VexpVar 0.790 | adv_std 66.871 | elapsed 33.10s
iter 00314 | success 0.613 | policy_loss -0.00010 | value_loss 2306.18152 | Vmean -223.224 | Rmean -219.305 | Vrmse 67.500 | VexpVar 0.791 | adv_std 67.386 | elapsed 33.32s
iter 00315 | success 0.621 | policy_loss -0.00013 | value_loss 2241.76361 | Vmean -219.632 | Rmean -219.043 | Vrmse 66.491 | VexpVar 0.793 | adv_std 66.489 | elapsed 33.26s
iter 00316 | success 0.622 | policy_loss -0.00001 | value_loss 2284.58653 | Vmean -221.166 | Rmean -219.570 | Vrmse 67.242 | VexpVar 0.789 | adv_std 67.223 | elapsed 33.69s
iter 00317 | success 0.624 | policy_loss -0.00008 | value_loss 2251.85573 | Vmean -223.179 | Rmean -219.726 | Vrmse 66.714 | VexpVar 0.790 | adv_std 66.625 | elapsed 34.03s
iter 00318 | success 0.635 | policy_loss -0.00011 | value_loss 2243.34306 | Vmean -223.592 | Rmean -220.322 | Vrmse 66.640 | VexpVar 0.788 | adv_std 66.559 | elapsed 34.58s
iter 00319 | success 0.627 | policy_loss -0.00010 | value_loss 2256.45378 | Vmean -225.954 | Rmean -221.440 | Vrmse 66.609 | VexpVar 0.787 | adv_std 66.456 | elapsed 33.86s
iter 00320 | success 0.632 | policy_loss -0.00008 | value_loss 2183.01105 | Vmean -225.348 | Rmean -221.643 | Vrmse 65.184 | VexpVar 0.793 | adv_std 65.079 | elapsed 33.57s
  saved checkpoint: logs/high_level_go2/20251125-074525/model_320.pt
iter 00321 | success 0.645 | policy_loss -0.00006 | value_loss 2123.27794 | Vmean -224.256 | Rmean -222.006 | Vrmse 64.723 | VexpVar 0.794 | adv_std 64.684 | elapsed 35.98s
iter 00322 | success 0.629 | policy_loss -0.00000 | value_loss 2243.06091 | Vmean -227.954 | Rmean -222.238 | Vrmse 65.977 | VexpVar 0.788 | adv_std 65.729 | elapsed 34.25s
iter 00323 | success 0.625 | policy_loss -0.00004 | value_loss 2208.52357 | Vmean -225.463 | Rmean -220.256 | Vrmse 65.316 | VexpVar 0.800 | adv_std 65.108 | elapsed 34.66s
iter 00324 | success 0.627 | policy_loss -0.00009 | value_loss 2142.51556 | Vmean -219.241 | Rmean -219.566 | Vrmse 64.368 | VexpVar 0.805 | adv_std 64.367 | elapsed 32.69s
iter 00325 | success 0.635 | policy_loss -0.00003 | value_loss 2077.77850 | Vmean -219.135 | Rmean -219.280 | Vrmse 63.510 | VexpVar 0.810 | adv_std 63.510 | elapsed 32.62s
iter 00326 | success 0.624 | policy_loss -0.00015 | value_loss 2047.32452 | Vmean -219.061 | Rmean -219.547 | Vrmse 63.433 | VexpVar 0.810 | adv_std 63.431 | elapsed 32.39s
iter 00327 | success 0.637 | policy_loss -0.00003 | value_loss 2005.59531 | Vmean -217.920 | Rmean -219.504 | Vrmse 62.814 | VexpVar 0.812 | adv_std 62.794 | elapsed 33.04s
iter 00328 | success 0.613 | policy_loss -0.00000 | value_loss 2127.56659 | Vmean -218.785 | Rmean -218.723 | Vrmse 63.830 | VexpVar 0.810 | adv_std 63.830 | elapsed 34.37s
iter 00329 | success 0.625 | policy_loss -0.00002 | value_loss 2117.76884 | Vmean -219.532 | Rmean -219.695 | Vrmse 63.814 | VexpVar 0.806 | adv_std 63.814 | elapsed 34.46s
iter 00330 | success 0.639 | policy_loss -0.00005 | value_loss 2086.96826 | Vmean -220.742 | Rmean -220.693 | Vrmse 63.412 | VexpVar 0.804 | adv_std 63.412 | elapsed 33.77s
  saved checkpoint: logs/high_level_go2/20251125-074525/model_330.pt
iter 00331 | success 0.639 | policy_loss -0.00007 | value_loss 2077.58667 | Vmean -220.233 | Rmean -220.813 | Vrmse 63.285 | VexpVar 0.805 | adv_std 63.282 | elapsed 34.01s
iter 00332 | success 0.638 | policy_loss -0.00014 | value_loss 2107.66558 | Vmean -219.565 | Rmean -220.818 | Vrmse 63.769 | VexpVar 0.800 | adv_std 63.757 | elapsed 31.24s
iter 00333 | success 0.628 | policy_loss -0.00008 | value_loss 2107.00199 | Vmean -219.894 | Rmean -221.274 | Vrmse 63.778 | VexpVar 0.799 | adv_std 63.763 | elapsed 29.68s
iter 00334 | success 0.625 | policy_loss -0.00008 | value_loss 2083.79610 | Vmean -219.809 | Rmean -221.439 | Vrmse 63.337 | VexpVar 0.800 | adv_std 63.316 | elapsed 31.29s
iter 00335 | success 0.634 | policy_loss -0.00006 | value_loss 2113.49179 | Vmean -220.549 | Rmean -221.879 | Vrmse 64.352 | VexpVar 0.790 | adv_std 64.338 | elapsed 30.79s
iter 00336 | success 0.616 | policy_loss -0.00006 | value_loss 2087.52736 | Vmean -225.129 | Rmean -222.113 | Vrmse 64.216 | VexpVar 0.794 | adv_std 64.145 | elapsed 31.63s
iter 00337 | success 0.613 | policy_loss -0.00006 | value_loss 2093.34230 | Vmean -224.128 | Rmean -221.394 | Vrmse 64.113 | VexpVar 0.799 | adv_std 64.055 | elapsed 30.84s
iter 00338 | success 0.632 | policy_loss 0.00000 | value_loss 2052.04856 | Vmean -225.517 | Rmean -222.711 | Vrmse 63.044 | VexpVar 0.801 | adv_std 62.982 | elapsed 29.98s
iter 00339 | success 0.615 | policy_loss -0.00007 | value_loss 2104.74760 | Vmean -222.578 | Rmean -220.897 | Vrmse 63.975 | VexpVar 0.802 | adv_std 63.953 | elapsed 27.85s
iter 00340 | success 0.619 | policy_loss -0.00012 | value_loss 2025.80548 | Vmean -221.504 | Rmean -219.934 | Vrmse 63.014 | VexpVar 0.810 | adv_std 62.995 | elapsed 30.74s
  saved checkpoint: logs/high_level_go2/20251125-074525/model_340.pt
iter 00341 | success 0.627 | policy_loss -0.00007 | value_loss 1980.51707 | Vmean -223.354 | Rmean -220.444 | Vrmse 62.504 | VexpVar 0.813 | adv_std 62.436 | elapsed 32.71s
iter 00342 | success 0.634 | policy_loss -0.00007 | value_loss 1975.85973 | Vmean -222.660 | Rmean -220.838 | Vrmse 62.399 | VexpVar 0.812 | adv_std 62.372 | elapsed 28.55s
iter 00343 | success 0.634 | policy_loss -0.00012 | value_loss 1937.83533 | Vmean -220.569 | Rmean -220.734 | Vrmse 61.696 | VexpVar 0.815 | adv_std 61.695 | elapsed 29.45s
iter 00344 | success 0.633 | policy_loss -0.00008 | value_loss 1955.91167 | Vmean -219.114 | Rmean -220.726 | Vrmse 62.052 | VexpVar 0.811 | adv_std 62.031 | elapsed 29.62s
iter 00345 | success 0.623 | policy_loss -0.00011 | value_loss 1993.74202 | Vmean -221.580 | Rmean -220.834 | Vrmse 62.404 | VexpVar 0.812 | adv_std 62.400 | elapsed 30.54s
iter 00346 | success 0.621 | policy_loss -0.00010 | value_loss 2027.94276 | Vmean -223.612 | Rmean -221.118 | Vrmse 63.226 | VexpVar 0.808 | adv_std 63.177 | elapsed 30.79s
iter 00347 | success 0.627 | policy_loss 0.00114 | value_loss 1992.92999 | Vmean -222.695 | Rmean -220.706 | Vrmse 62.656 | VexpVar 0.810 | adv_std 62.625 | elapsed 31.09s
iter 00348 | success 0.630 | policy_loss 0.00483 | value_loss 1970.38590 | Vmean -225.617 | Rmean -221.450 | Vrmse 62.392 | VexpVar 0.811 | adv_std 62.253 | elapsed 30.23s
iter 00349 | success 0.608 | policy_loss 0.00024 | value_loss 2186.16853 | Vmean -223.990 | Rmean -218.321 | Vrmse 65.708 | VexpVar 0.803 | adv_std 65.463 | elapsed 29.24s
iter 00350 | success 0.611 | policy_loss -0.00006 | value_loss 2241.72563 | Vmean -220.515 | Rmean -216.675 | Vrmse 65.732 | VexpVar 0.805 | adv_std 65.620 | elapsed 33.94s
  saved checkpoint: logs/high_level_go2/20251125-074525/model_350.pt
iter 00351 | success 0.608 | policy_loss -0.00009 | value_loss 2232.73750 | Vmean -220.401 | Rmean -217.146 | Vrmse 65.615 | VexpVar 0.806 | adv_std 65.534 | elapsed 35.88s
iter 00352 | success 0.629 | policy_loss -0.00008 | value_loss 2041.40387 | Vmean -218.406 | Rmean -219.549 | Vrmse 62.586 | VexpVar 0.814 | adv_std 62.575 | elapsed 33.57s
iter 00353 | success 0.629 | policy_loss -0.00010 | value_loss 2089.68610 | Vmean -217.226 | Rmean -218.734 | Vrmse 63.451 | VexpVar 0.810 | adv_std 63.433 | elapsed 32.63s
iter 00354 | success 0.628 | policy_loss -0.00007 | value_loss 2068.29916 | Vmean -217.123 | Rmean -218.885 | Vrmse 63.112 | VexpVar 0.811 | adv_std 63.088 | elapsed 32.42s
iter 00355 | success 0.625 | policy_loss 0.00004 | value_loss 2032.53596 | Vmean -216.273 | Rmean -218.974 | Vrmse 62.572 | VexpVar 0.812 | adv_std 62.514 | elapsed 33.16s
iter 00356 | success 0.627 | policy_loss -0.00004 | value_loss 2060.39892 | Vmean -217.286 | Rmean -218.762 | Vrmse 63.022 | VexpVar 0.811 | adv_std 63.005 | elapsed 29.27s
iter 00357 | success 0.617 | policy_loss -0.00014 | value_loss 2133.78207 | Vmean -215.625 | Rmean -217.113 | Vrmse 64.169 | VexpVar 0.808 | adv_std 64.152 | elapsed 33.09s
iter 00358 | success 0.618 | policy_loss -0.00015 | value_loss 2078.75130 | Vmean -216.692 | Rmean -218.683 | Vrmse 63.332 | VexpVar 0.810 | adv_std 63.301 | elapsed 30.53s
iter 00359 | success 0.618 | policy_loss -0.00007 | value_loss 2088.19567 | Vmean -216.065 | Rmean -218.392 | Vrmse 63.525 | VexpVar 0.808 | adv_std 63.482 | elapsed 29.07s
iter 00360 | success 0.617 | policy_loss -0.00011 | value_loss 2083.49664 | Vmean -215.364 | Rmean -218.243 | Vrmse 63.440 | VexpVar 0.808 | adv_std 63.374 | elapsed 29.74s
  saved checkpoint: logs/high_level_go2/20251125-074525/model_360.pt
iter 00361 | success 0.615 | policy_loss -0.00011 | value_loss 2050.56319 | Vmean -216.896 | Rmean -218.647 | Vrmse 62.881 | VexpVar 0.810 | adv_std 62.857 | elapsed 32.71s
iter 00362 | success 0.625 | policy_loss -0.00014 | value_loss 2041.54901 | Vmean -217.443 | Rmean -219.661 | Vrmse 62.804 | VexpVar 0.807 | adv_std 62.765 | elapsed 32.19s
iter 00363 | success 0.630 | policy_loss -0.00011 | value_loss 2061.54016 | Vmean -217.399 | Rmean -219.675 | Vrmse 63.165 | VexpVar 0.806 | adv_std 63.124 | elapsed 30.92s
iter 00364 | success 0.609 | policy_loss -0.00008 | value_loss 2134.34625 | Vmean -215.101 | Rmean -218.194 | Vrmse 64.236 | VexpVar 0.802 | adv_std 64.162 | elapsed 29.62s
iter 00365 | success 0.627 | policy_loss -0.00012 | value_loss 2042.07777 | Vmean -216.738 | Rmean -219.994 | Vrmse 63.027 | VexpVar 0.801 | adv_std 62.942 | elapsed 31.20s
iter 00366 | success 0.631 | policy_loss -0.00008 | value_loss 1984.54855 | Vmean -225.046 | Rmean -222.239 | Vrmse 61.968 | VexpVar 0.806 | adv_std 61.904 | elapsed 29.81s
iter 00367 | success 0.622 | policy_loss -0.00012 | value_loss 2053.19955 | Vmean -222.049 | Rmean -220.566 | Vrmse 63.193 | VexpVar 0.804 | adv_std 63.175 | elapsed 35.12s
iter 00368 | success 0.620 | policy_loss -0.00006 | value_loss 2019.65947 | Vmean -222.945 | Rmean -220.552 | Vrmse 62.600 | VexpVar 0.807 | adv_std 62.554 | elapsed 35.65s
iter 00369 | success 0.620 | policy_loss -0.00009 | value_loss 1982.79183 | Vmean -219.681 | Rmean -220.069 | Vrmse 62.383 | VexpVar 0.809 | adv_std 62.382 | elapsed 38.39s
iter 00370 | success 0.630 | policy_loss -0.00005 | value_loss 1933.15394 | Vmean -219.895 | Rmean -220.225 | Vrmse 61.460 | VexpVar 0.814 | adv_std 61.459 | elapsed 37.28s
  saved checkpoint: logs/high_level_go2/20251125-074525/model_370.pt
iter 00371 | success 0.635 | policy_loss -0.00009 | value_loss 1924.93124 | Vmean -220.098 | Rmean -220.246 | Vrmse 61.602 | VexpVar 0.811 | adv_std 61.602 | elapsed 37.29s
iter 00372 | success 0.621 | policy_loss -0.00008 | value_loss 2001.52795 | Vmean -221.493 | Rmean -220.495 | Vrmse 62.624 | VexpVar 0.806 | adv_std 62.616 | elapsed 33.21s
iter 00373 | success 0.630 | policy_loss -0.00007 | value_loss 1937.42681 | Vmean -220.496 | Rmean -220.641 | Vrmse 61.683 | VexpVar 0.811 | adv_std 61.682 | elapsed 33.00s
iter 00374 | success 0.619 | policy_loss -0.00006 | value_loss 1954.30842 | Vmean -219.992 | Rmean -220.191 | Vrmse 62.170 | VexpVar 0.811 | adv_std 62.170 | elapsed 32.12s
iter 00375 | success 0.624 | policy_loss 0.00005 | value_loss 1972.06326 | Vmean -222.278 | Rmean -220.438 | Vrmse 61.693 | VexpVar 0.814 | adv_std 61.666 | elapsed 34.83s
iter 00376 | success 0.624 | policy_loss 0.00216 | value_loss 1955.14403 | Vmean -218.371 | Rmean -219.320 | Vrmse 62.154 | VexpVar 0.814 | adv_std 62.147 | elapsed 32.71s
iter 00377 | success 0.615 | policy_loss 0.00045 | value_loss 1985.26713 | Vmean -217.030 | Rmean -219.003 | Vrmse 62.697 | VexpVar 0.811 | adv_std 62.666 | elapsed 35.41s
iter 00378 | success 0.618 | policy_loss -0.00008 | value_loss 1997.66797 | Vmean -218.018 | Rmean -219.588 | Vrmse 62.203 | VexpVar 0.814 | adv_std 62.183 | elapsed 35.74s
iter 00379 | success 0.618 | policy_loss 0.00246 | value_loss 1959.50622 | Vmean -214.167 | Rmean -217.109 | Vrmse 62.197 | VexpVar 0.820 | adv_std 62.127 | elapsed 35.22s
iter 00380 | success 0.629 | policy_loss 0.01050 | value_loss 1879.15299 | Vmean -215.048 | Rmean -219.414 | Vrmse 60.662 | VexpVar 0.822 | adv_std 60.505 | elapsed 34.45s
  saved checkpoint: logs/high_level_go2/20251125-074525/model_380.pt
iter 00381 | success 0.624 | policy_loss 0.01031 | value_loss 1868.81238 | Vmean -214.713 | Rmean -219.269 | Vrmse 60.663 | VexpVar 0.823 | adv_std 60.492 | elapsed 35.01s
iter 00382 | success 0.637 | policy_loss 0.00485 | value_loss 1821.62948 | Vmean -216.242 | Rmean -220.784 | Vrmse 59.780 | VexpVar 0.824 | adv_std 59.607 | elapsed 32.54s
iter 00383 | success 0.619 | policy_loss -0.00012 | value_loss 1942.73349 | Vmean -215.460 | Rmean -218.838 | Vrmse 61.465 | VexpVar 0.820 | adv_std 61.372 | elapsed 36.11s
iter 00384 | success 0.630 | policy_loss -0.00013 | value_loss 1862.40485 | Vmean -218.942 | Rmean -220.981 | Vrmse 60.408 | VexpVar 0.821 | adv_std 60.374 | elapsed 34.00s
iter 00385 | success 0.617 | policy_loss -0.00007 | value_loss 1949.38523 | Vmean -219.548 | Rmean -219.496 | Vrmse 61.825 | VexpVar 0.818 | adv_std 61.825 | elapsed 30.35s
iter 00386 | success 0.627 | policy_loss -0.00012 | value_loss 1902.55790 | Vmean -217.624 | Rmean -220.586 | Vrmse 61.020 | VexpVar 0.818 | adv_std 60.948 | elapsed 31.53s
iter 00387 | success 0.608 | policy_loss -0.00015 | value_loss 1962.75040 | Vmean -221.754 | Rmean -220.889 | Vrmse 62.207 | VexpVar 0.813 | adv_std 62.201 | elapsed 32.04s
iter 00388 | success 0.629 | policy_loss -0.00011 | value_loss 1885.67366 | Vmean -222.089 | Rmean -222.144 | Vrmse 60.874 | VexpVar 0.814 | adv_std 60.874 | elapsed 31.76s
iter 00389 | success 0.622 | policy_loss -0.00012 | value_loss 1952.35134 | Vmean -224.923 | Rmean -222.410 | Vrmse 61.867 | VexpVar 0.812 | adv_std 61.816 | elapsed 32.83s
iter 00390 | success 0.625 | policy_loss -0.00013 | value_loss 1924.15728 | Vmean -224.273 | Rmean -222.283 | Vrmse 61.630 | VexpVar 0.813 | adv_std 61.598 | elapsed 30.03s
  saved checkpoint: logs/high_level_go2/20251125-074525/model_390.pt
iter 00391 | success 0.615 | policy_loss -0.00005 | value_loss 1938.32947 | Vmean -222.584 | Rmean -221.109 | Vrmse 61.602 | VexpVar 0.817 | adv_std 61.584 | elapsed 33.92s
iter 00392 | success 0.623 | policy_loss -0.00010 | value_loss 1923.75281 | Vmean -223.650 | Rmean -221.782 | Vrmse 61.532 | VexpVar 0.817 | adv_std 61.503 | elapsed 32.22s
iter 00393 | success 0.626 | policy_loss -0.00008 | value_loss 1906.35645 | Vmean -224.270 | Rmean -222.236 | Vrmse 61.396 | VexpVar 0.816 | adv_std 61.363 | elapsed 28.82s
iter 00394 | success 0.632 | policy_loss -0.00008 | value_loss 1887.57063 | Vmean -224.139 | Rmean -222.603 | Vrmse 61.043 | VexpVar 0.818 | adv_std 61.024 | elapsed 30.23s
iter 00395 | success 0.614 | policy_loss -0.00007 | value_loss 1990.37536 | Vmean -221.416 | Rmean -220.928 | Vrmse 62.467 | VexpVar 0.812 | adv_std 62.465 | elapsed 28.67s
iter 00396 | success 0.629 | policy_loss -0.00008 | value_loss 1910.09567 | Vmean -220.829 | Rmean -221.539 | Vrmse 61.153 | VexpVar 0.817 | adv_std 61.149 | elapsed 33.13s
iter 00397 | success 0.625 | policy_loss -0.00008 | value_loss 1898.89680 | Vmean -219.656 | Rmean -221.744 | Vrmse 61.139 | VexpVar 0.817 | adv_std 61.103 | elapsed 32.92s
iter 00398 | success 0.623 | policy_loss -0.00010 | value_loss 1910.09013 | Vmean -221.779 | Rmean -221.874 | Vrmse 61.004 | VexpVar 0.820 | adv_std 61.004 | elapsed 36.31s
iter 00399 | success 0.621 | policy_loss -0.00003 | value_loss 1927.07642 | Vmean -222.543 | Rmean -221.650 | Vrmse 61.353 | VexpVar 0.818 | adv_std 61.346 | elapsed 34.34s
iter 00400 | success 0.628 | policy_loss -0.00010 | value_loss 1954.04237 | Vmean -227.663 | Rmean -224.444 | Vrmse 61.482 | VexpVar 0.812 | adv_std 61.398 | elapsed 36.31s
  saved checkpoint: logs/high_level_go2/20251125-074525/model_400.pt
iter 00401 | success 0.613 | policy_loss -0.00017 | value_loss 1984.15668 | Vmean -227.444 | Rmean -224.108 | Vrmse 62.520 | VexpVar 0.807 | adv_std 62.431 | elapsed 37.94s
iter 00402 | success 0.633 | policy_loss -0.00010 | value_loss 1948.62176 | Vmean -229.635 | Rmean -225.703 | Vrmse 61.771 | VexpVar 0.805 | adv_std 61.646 | elapsed 35.55s
iter 00403 | success 0.621 | policy_loss -0.00013 | value_loss 2023.80917 | Vmean -227.047 | Rmean -223.344 | Vrmse 62.472 | VexpVar 0.809 | adv_std 62.363 | elapsed 33.33s
iter 00404 | success 0.625 | policy_loss -0.00008 | value_loss 1939.77917 | Vmean -224.687 | Rmean -222.781 | Vrmse 61.499 | VexpVar 0.814 | adv_std 61.469 | elapsed 33.87s
iter 00405 | success 0.626 | policy_loss -0.00007 | value_loss 1953.97318 | Vmean -226.560 | Rmean -223.164 | Vrmse 62.110 | VexpVar 0.813 | adv_std 62.017 | elapsed 34.12s
iter 00406 | success 0.627 | policy_loss -0.00012 | value_loss 1924.90165 | Vmean -227.854 | Rmean -224.947 | Vrmse 61.615 | VexpVar 0.809 | adv_std 61.546 | elapsed 35.38s
iter 00407 | success 0.635 | policy_loss -0.00009 | value_loss 1952.03358 | Vmean -227.706 | Rmean -224.279 | Vrmse 61.423 | VexpVar 0.814 | adv_std 61.327 | elapsed 35.85s
iter 00408 | success 0.634 | policy_loss -0.00011 | value_loss 1868.24259 | Vmean -227.685 | Rmean -224.911 | Vrmse 60.741 | VexpVar 0.815 | adv_std 60.677 | elapsed 31.17s
iter 00409 | success 0.626 | policy_loss -0.00005 | value_loss 1940.17026 | Vmean -228.287 | Rmean -224.602 | Vrmse 61.538 | VexpVar 0.812 | adv_std 61.428 | elapsed 31.90s
iter 00410 | success 0.635 | policy_loss -0.00009 | value_loss 1976.70276 | Vmean -228.823 | Rmean -224.905 | Vrmse 62.173 | VexpVar 0.806 | adv_std 62.050 | elapsed 34.65s
  saved checkpoint: logs/high_level_go2/20251125-074525/model_410.pt
iter 00411 | success 0.622 | policy_loss 0.00002 | value_loss 1900.29926 | Vmean -226.544 | Rmean -224.763 | Vrmse 61.216 | VexpVar 0.810 | adv_std 61.190 | elapsed 37.16s
iter 00412 | success 0.628 | policy_loss -0.00005 | value_loss 1940.13116 | Vmean -227.367 | Rmean -224.775 | Vrmse 61.306 | VexpVar 0.810 | adv_std 61.251 | elapsed 36.57s
iter 00413 | success 0.629 | policy_loss -0.00004 | value_loss 1931.44175 | Vmean -226.820 | Rmean -224.304 | Vrmse 61.638 | VexpVar 0.810 | adv_std 61.586 | elapsed 30.18s
iter 00414 | success 0.626 | policy_loss -0.00009 | value_loss 1924.66286 | Vmean -227.068 | Rmean -224.013 | Vrmse 61.540 | VexpVar 0.812 | adv_std 61.464 | elapsed 31.08s
iter 00415 | success 0.646 | policy_loss -0.00006 | value_loss 1848.21393 | Vmean -228.002 | Rmean -225.044 | Vrmse 60.352 | VexpVar 0.814 | adv_std 60.280 | elapsed 29.65s
iter 00416 | success 0.614 | policy_loss -0.00021 | value_loss 1989.34743 | Vmean -228.844 | Rmean -224.501 | Vrmse 62.411 | VexpVar 0.809 | adv_std 62.260 | elapsed 33.04s
iter 00417 | success 0.631 | policy_loss -0.00006 | value_loss 1904.47134 | Vmean -226.062 | Rmean -224.329 | Vrmse 60.886 | VexpVar 0.813 | adv_std 60.861 | elapsed 32.69s
iter 00418 | success 0.626 | policy_loss -0.00011 | value_loss 1965.13188 | Vmean -225.805 | Rmean -222.990 | Vrmse 61.495 | VexpVar 0.814 | adv_std 61.431 | elapsed 31.74s
iter 00419 | success 0.625 | policy_loss -0.00003 | value_loss 1859.82399 | Vmean -222.786 | Rmean -223.463 | Vrmse 60.637 | VexpVar 0.815 | adv_std 60.633 | elapsed 33.53s
iter 00420 | success 0.627 | policy_loss -0.00003 | value_loss 1884.42297 | Vmean -223.717 | Rmean -222.947 | Vrmse 61.023 | VexpVar 0.816 | adv_std 61.018 | elapsed 36.67s
  saved checkpoint: logs/high_level_go2/20251125-074525/model_420.pt
iter 00421 | success 0.638 | policy_loss 0.00003 | value_loss 1855.93382 | Vmean -221.475 | Rmean -222.463 | Vrmse 60.385 | VexpVar 0.820 | adv_std 60.376 | elapsed 37.64s
iter 00422 | success 0.627 | policy_loss -0.00010 | value_loss 1851.23886 | Vmean -222.628 | Rmean -222.543 | Vrmse 60.371 | VexpVar 0.819 | adv_std 60.371 | elapsed 33.62s
iter 00423 | success 0.615 | policy_loss -0.00005 | value_loss 1958.72066 | Vmean -224.991 | Rmean -222.628 | Vrmse 61.733 | VexpVar 0.813 | adv_std 61.687 | elapsed 32.10s
iter 00424 | success 0.630 | policy_loss -0.00012 | value_loss 1882.25154 | Vmean -225.453 | Rmean -223.287 | Vrmse 60.723 | VexpVar 0.818 | adv_std 60.685 | elapsed 35.49s
iter 00425 | success 0.647 | policy_loss -0.00012 | value_loss 1766.50133 | Vmean -224.074 | Rmean -224.258 | Vrmse 59.031 | VexpVar 0.821 | adv_std 59.030 | elapsed 34.00s
iter 00426 | success 0.624 | policy_loss -0.00012 | value_loss 1844.91216 | Vmean -220.850 | Rmean -222.066 | Vrmse 59.937 | VexpVar 0.822 | adv_std 59.925 | elapsed 35.23s
iter 00427 | success 0.631 | policy_loss -0.00009 | value_loss 1843.41302 | Vmean -225.858 | Rmean -224.142 | Vrmse 60.345 | VexpVar 0.816 | adv_std 60.320 | elapsed 34.76s
iter 00428 | success 0.621 | policy_loss -0.00004 | value_loss 1889.27147 | Vmean -223.524 | Rmean -222.578 | Vrmse 60.084 | VexpVar 0.822 | adv_std 60.076 | elapsed 37.02s
iter 00429 | success 0.632 | policy_loss -0.00007 | value_loss 1886.90604 | Vmean -220.957 | Rmean -222.288 | Vrmse 60.157 | VexpVar 0.821 | adv_std 60.142 | elapsed 32.25s
iter 00430 | success 0.646 | policy_loss -0.00009 | value_loss 1793.62827 | Vmean -220.629 | Rmean -222.737 | Vrmse 58.632 | VexpVar 0.825 | adv_std 58.594 | elapsed 32.11s
  saved checkpoint: logs/high_level_go2/20251125-074525/model_430.pt
iter 00431 | success 0.625 | policy_loss -0.00014 | value_loss 1892.20537 | Vmean -218.899 | Rmean -220.549 | Vrmse 60.363 | VexpVar 0.824 | adv_std 60.340 | elapsed 36.71s
iter 00432 | success 0.626 | policy_loss -0.00010 | value_loss 1810.07071 | Vmean -217.182 | Rmean -220.251 | Vrmse 59.670 | VexpVar 0.828 | adv_std 59.591 | elapsed 33.80s
iter 00433 | success 0.636 | policy_loss -0.00010 | value_loss 1707.18073 | Vmean -217.746 | Rmean -221.220 | Vrmse 57.947 | VexpVar 0.835 | adv_std 57.843 | elapsed 31.46s
iter 00434 | success 0.629 | policy_loss -0.00009 | value_loss 1727.23815 | Vmean -218.097 | Rmean -220.235 | Vrmse 58.269 | VexpVar 0.836 | adv_std 58.230 | elapsed 32.22s
iter 00435 | success 0.629 | policy_loss -0.00006 | value_loss 1710.75301 | Vmean -219.317 | Rmean -220.289 | Vrmse 57.970 | VexpVar 0.835 | adv_std 57.962 | elapsed 34.60s
iter 00436 | success 0.624 | policy_loss -0.00010 | value_loss 1738.30530 | Vmean -220.171 | Rmean -219.999 | Vrmse 58.500 | VexpVar 0.834 | adv_std 58.500 | elapsed 34.68s
iter 00437 | success 0.621 | policy_loss -0.00006 | value_loss 1749.40472 | Vmean -217.167 | Rmean -219.414 | Vrmse 58.588 | VexpVar 0.835 | adv_std 58.545 | elapsed 37.26s
iter 00438 | success 0.635 | policy_loss -0.00008 | value_loss 1724.15106 | Vmean -217.271 | Rmean -220.137 | Vrmse 58.225 | VexpVar 0.834 | adv_std 58.155 | elapsed 36.32s
iter 00439 | success 0.639 | policy_loss -0.00007 | value_loss 1717.20679 | Vmean -221.820 | Rmean -220.895 | Vrmse 58.081 | VexpVar 0.835 | adv_std 58.073 | elapsed 37.99s
iter 00440 | success 0.628 | policy_loss 0.00116 | value_loss 1729.54034 | Vmean -220.662 | Rmean -220.617 | Vrmse 58.199 | VexpVar 0.837 | adv_std 58.199 | elapsed 34.16s
  saved checkpoint: logs/high_level_go2/20251125-074525/model_440.pt
iter 00441 | success 0.645 | policy_loss -0.00010 | value_loss 1647.09697 | Vmean -220.299 | Rmean -221.576 | Vrmse 56.934 | VexpVar 0.839 | adv_std 56.919 | elapsed 38.06s
iter 00442 | success 0.628 | policy_loss -0.00018 | value_loss 1769.96152 | Vmean -218.113 | Rmean -218.967 | Vrmse 58.791 | VexpVar 0.835 | adv_std 58.785 | elapsed 32.41s
iter 00443 | success 0.648 | policy_loss -0.00018 | value_loss 1681.42089 | Vmean -220.766 | Rmean -222.246 | Vrmse 57.382 | VexpVar 0.834 | adv_std 57.363 | elapsed 33.12s
iter 00444 | success 0.621 | policy_loss -0.00007 | value_loss 1704.92078 | Vmean -217.111 | Rmean -220.695 | Vrmse 58.011 | VexpVar 0.834 | adv_std 57.901 | elapsed 33.83s
iter 00445 | success 0.631 | policy_loss -0.00007 | value_loss 1736.24020 | Vmean -218.893 | Rmean -220.735 | Vrmse 58.093 | VexpVar 0.835 | adv_std 58.064 | elapsed 33.54s
iter 00446 | success 0.644 | policy_loss -0.00017 | value_loss 1654.46723 | Vmean -221.327 | Rmean -221.556 | Vrmse 57.027 | VexpVar 0.839 | adv_std 57.026 | elapsed 33.30s
iter 00447 | success 0.637 | policy_loss -0.00019 | value_loss 1680.63000 | Vmean -222.312 | Rmean -221.876 | Vrmse 57.231 | VexpVar 0.838 | adv_std 57.229 | elapsed 33.19s
iter 00448 | success 0.636 | policy_loss -0.00014 | value_loss 1725.01238 | Vmean -222.295 | Rmean -221.855 | Vrmse 58.097 | VexpVar 0.834 | adv_std 58.095 | elapsed 31.98s
iter 00449 | success 0.629 | policy_loss 0.00027 | value_loss 1737.09509 | Vmean -219.724 | Rmean -221.188 | Vrmse 58.327 | VexpVar 0.833 | adv_std 58.309 | elapsed 35.09s
iter 00450 | success 0.635 | policy_loss 0.00000 | value_loss 1731.31753 | Vmean -221.977 | Rmean -222.429 | Vrmse 58.377 | VexpVar 0.831 | adv_std 58.375 | elapsed 34.50s
  saved checkpoint: logs/high_level_go2/20251125-074525/model_450.pt
iter 00451 | success 0.618 | policy_loss 0.00003 | value_loss 1780.14460 | Vmean -222.105 | Rmean -221.615 | Vrmse 58.991 | VexpVar 0.832 | adv_std 58.989 | elapsed 37.02s
iter 00452 | success 0.631 | policy_loss -0.00014 | value_loss 1716.66055 | Vmean -221.879 | Rmean -222.240 | Vrmse 57.737 | VexpVar 0.836 | adv_std 57.736 | elapsed 35.71s
iter 00453 | success 0.639 | policy_loss 0.00409 | value_loss 1686.18296 | Vmean -223.412 | Rmean -223.095 | Vrmse 57.671 | VexpVar 0.833 | adv_std 57.670 | elapsed 36.24s
iter 00454 | success 0.627 | policy_loss 0.00556 | value_loss 1751.17434 | Vmean -223.166 | Rmean -221.920 | Vrmse 58.687 | VexpVar 0.832 | adv_std 58.674 | elapsed 36.15s
iter 00455 | success 0.632 | policy_loss 0.00345 | value_loss 1768.53968 | Vmean -224.429 | Rmean -222.311 | Vrmse 58.961 | VexpVar 0.830 | adv_std 58.923 | elapsed 34.88s
iter 00456 | success 0.624 | policy_loss 0.00165 | value_loss 1810.98509 | Vmean -224.429 | Rmean -222.229 | Vrmse 59.431 | VexpVar 0.828 | adv_std 59.390 | elapsed 35.80s
iter 00457 | success 0.623 | policy_loss 0.00859 | value_loss 1770.70861 | Vmean -223.449 | Rmean -222.697 | Vrmse 58.632 | VexpVar 0.832 | adv_std 58.628 | elapsed 35.46s
iter 00458 | success 0.611 | policy_loss 0.00697 | value_loss 1853.29453 | Vmean -224.804 | Rmean -221.842 | Vrmse 60.278 | VexpVar 0.827 | adv_std 60.205 | elapsed 35.98s
iter 00459 | success 0.614 | policy_loss 0.00028 | value_loss 1824.66676 | Vmean -225.267 | Rmean -222.562 | Vrmse 59.854 | VexpVar 0.827 | adv_std 59.793 | elapsed 35.87s
iter 00460 | success 0.615 | policy_loss -0.00013 | value_loss 1801.03138 | Vmean -223.847 | Rmean -221.673 | Vrmse 59.258 | VexpVar 0.832 | adv_std 59.218 | elapsed 35.99s
  saved checkpoint: logs/high_level_go2/20251125-074525/model_460.pt
iter 00461 | success 0.633 | policy_loss 0.00146 | value_loss 1765.50343 | Vmean -225.363 | Rmean -223.023 | Vrmse 58.137 | VexpVar 0.834 | adv_std 58.090 | elapsed 37.93s
iter 00462 | success 0.632 | policy_loss 0.00041 | value_loss 1684.57434 | Vmean -225.196 | Rmean -223.716 | Vrmse 57.538 | VexpVar 0.834 | adv_std 57.519 | elapsed 35.62s
iter 00463 | success 0.637 | policy_loss -0.00000 | value_loss 1725.81787 | Vmean -223.424 | Rmean -223.212 | Vrmse 58.114 | VexpVar 0.833 | adv_std 58.113 | elapsed 36.18s
iter 00464 | success 0.632 | policy_loss -0.00015 | value_loss 1719.97200 | Vmean -222.801 | Rmean -222.834 | Vrmse 57.979 | VexpVar 0.833 | adv_std 57.979 | elapsed 34.95s
iter 00465 | success 0.634 | policy_loss -0.00003 | value_loss 1736.56973 | Vmean -221.134 | Rmean -221.286 | Vrmse 57.844 | VexpVar 0.838 | adv_std 57.844 | elapsed 34.53s
iter 00466 | success 0.625 | policy_loss -0.00000 | value_loss 1717.41120 | Vmean -224.584 | Rmean -223.076 | Vrmse 58.013 | VexpVar 0.835 | adv_std 57.993 | elapsed 35.63s
iter 00467 | success 0.624 | policy_loss 0.00001 | value_loss 1731.11787 | Vmean -221.875 | Rmean -222.306 | Vrmse 57.962 | VexpVar 0.836 | adv_std 57.961 | elapsed 35.98s
iter 00468 | success 0.630 | policy_loss -0.00009 | value_loss 1652.53423 | Vmean -222.903 | Rmean -222.511 | Vrmse 57.054 | VexpVar 0.840 | adv_std 57.052 | elapsed 35.95s
iter 00469 | success 0.625 | policy_loss -0.00002 | value_loss 1698.23794 | Vmean -223.945 | Rmean -222.238 | Vrmse 57.871 | VexpVar 0.839 | adv_std 57.846 | elapsed 33.66s
iter 00470 | success 0.614 | policy_loss -0.00013 | value_loss 1741.35229 | Vmean -222.931 | Rmean -221.730 | Vrmse 58.383 | VexpVar 0.837 | adv_std 58.371 | elapsed 34.15s
  saved checkpoint: logs/high_level_go2/20251125-074525/model_470.pt
iter 00471 | success 0.642 | policy_loss -0.00012 | value_loss 1658.01012 | Vmean -222.871 | Rmean -223.600 | Vrmse 56.617 | VexpVar 0.841 | adv_std 56.612 | elapsed 39.53s
iter 00472 | success 0.636 | policy_loss 0.00011 | value_loss 1686.66364 | Vmean -221.266 | Rmean -222.685 | Vrmse 57.060 | VexpVar 0.842 | adv_std 57.042 | elapsed 33.79s
iter 00473 | success 0.624 | policy_loss 0.00036 | value_loss 1739.18576 | Vmean -220.363 | Rmean -221.419 | Vrmse 58.302 | VexpVar 0.838 | adv_std 58.293 | elapsed 31.51s
iter 00474 | success 0.637 | policy_loss -0.00003 | value_loss 1723.72717 | Vmean -219.295 | Rmean -220.958 | Vrmse 57.993 | VexpVar 0.839 | adv_std 57.970 | elapsed 29.47s
iter 00475 | success 0.632 | policy_loss -0.00010 | value_loss 1695.82229 | Vmean -220.014 | Rmean -222.191 | Vrmse 57.420 | VexpVar 0.840 | adv_std 57.379 | elapsed 31.65s
iter 00476 | success 0.625 | policy_loss 0.00003 | value_loss 1739.44296 | Vmean -219.382 | Rmean -221.259 | Vrmse 58.326 | VexpVar 0.838 | adv_std 58.296 | elapsed 30.32s
iter 00477 | success 0.639 | policy_loss -0.00011 | value_loss 1719.41039 | Vmean -224.808 | Rmean -223.833 | Vrmse 58.138 | VexpVar 0.832 | adv_std 58.130 | elapsed 31.37s
iter 00478 | success 0.634 | policy_loss -0.00010 | value_loss 1676.39248 | Vmean -223.561 | Rmean -223.815 | Vrmse 57.221 | VexpVar 0.837 | adv_std 57.221 | elapsed 33.21s
iter 00479 | success 0.636 | policy_loss -0.00011 | value_loss 1704.48710 | Vmean -223.637 | Rmean -223.406 | Vrmse 57.720 | VexpVar 0.835 | adv_std 57.720 | elapsed 33.48s
iter 00480 | success 0.653 | policy_loss -0.00011 | value_loss 1639.01749 | Vmean -225.161 | Rmean -225.040 | Vrmse 56.401 | VexpVar 0.839 | adv_std 56.401 | elapsed 33.44s
  saved checkpoint: logs/high_level_go2/20251125-074525/model_480.pt
iter 00481 | success 0.646 | policy_loss -0.00000 | value_loss 1676.94211 | Vmean -224.375 | Rmean -223.478 | Vrmse 57.352 | VexpVar 0.837 | adv_std 57.345 | elapsed 35.24s
iter 00482 | success 0.637 | policy_loss -0.00007 | value_loss 1696.41461 | Vmean -224.189 | Rmean -222.928 | Vrmse 57.484 | VexpVar 0.838 | adv_std 57.470 | elapsed 33.76s
